2026-04-24 09:08:14,647 P16836 INFO ^^^^^^^^^^ Current Model:hades, cce95788 ^^^^^^^^^^
2026-04-24 09:08:14,647 P16836 INFO Load from D:\UAC-AD\data\rcaeval_re2_ob
2026-04-24 09:08:20,653 P16836 INFO 40 unique log templates found.
2026-04-24 09:08:20,669 P16836 INFO Transforming unlabel train data.
2026-04-24 09:08:21,480 P16836 INFO Transforming test data.
2026-04-24 09:08:21,863 P16836 INFO 108 new templates show.
2026-04-24 09:08:23,467 P16836 INFO Data loaded done!
2026-04-24 09:10:04,456 P16836 INFO Known word number: 40
2026-04-24 09:13:12,535 P16836 INFO Epoch 0/5, train generator loss: 0.20111
2026-04-24 09:16:14,817 P16836 INFO Epoch 0/5, train discriminator loss: 0.92922
2026-04-24 09:16:22,066 P16836 INFO *** Test time is 7.248476266860962
2026-04-24 09:16:22,081 P16836 INFO Epoch 0/5, test f1: 0.67918 rc: 0.61101 pc: 0.76447. [367.02s]
2026-04-24 09:19:25,612 P16836 INFO Epoch 1/5, train generator loss: 0.09223
2026-04-24 09:22:24,924 P16836 INFO Epoch 1/5, train discriminator loss: 0.43387
2026-04-24 09:22:32,337 P16836 INFO *** Test time is 7.412717819213867
2026-04-24 09:22:32,337 P16836 INFO Epoch 1/5, test f1: 0.81517 rc: 0.73071 pc: 0.92170. [362.80s]
2026-04-24 09:25:35,958 P16836 INFO Epoch 2/5, train generator loss: 0.06784
2026-04-24 09:28:31,993 P16836 INFO Epoch 2/5, train discriminator loss: 0.13549
2026-04-24 09:28:39,046 P16836 INFO *** Test time is 7.053030490875244
2026-04-24 09:28:39,046 P16836 INFO Epoch 2/5, test f1: 0.83466 rc: 0.76679 pc: 0.91571. [359.61s]
2026-04-24 09:31:42,582 P16836 INFO Epoch 3/5, train generator loss: 0.06253
2026-04-24 09:34:42,396 P16836 INFO Epoch 3/5, train discriminator loss: 0.25103
2026-04-24 09:34:49,112 P16836 INFO *** Test time is 6.700272083282471
2026-04-24 09:34:49,112 P16836 INFO Epoch 3/5, test f1: 0.85484 rc: 0.84061 pc: 0.86957. [363.32s]
2026-04-24 09:37:53,255 P16836 INFO Epoch 4/5, train generator loss: 0.06060
2026-04-24 09:40:53,507 P16836 INFO Epoch 4/5, train discriminator loss: 0.08352
2026-04-24 09:41:01,277 P16836 INFO *** Test time is 7.764126300811768
2026-04-24 09:41:01,277 P16836 INFO Epoch 4/5, test f1: 0.85434 rc: 0.82146 pc: 0.88996. [364.37s]
2026-04-24 09:41:01,277 P16836 INFO early stopping epoch 1/3
2026-04-24 09:42:46,460 P16836 INFO Threshold (p=95.0, src=unlabel(fallback)): 0.287752
2026-04-24 09:42:49,823 P16836 INFO *** Test F1 0.8034  of unsupervised traning
2026-04-24 09:42:49,826 P16836 INFO *** Best F1 {'f1': 0.8548447789275635, 'rc': 0.8406105457909343, 'pc': 0.8695693779904307}  of unsupervised traning
2026-04-24 09:42:50,014 P16836 INFO Current hash id cce95788
