2026-04-22 01:24:04,559 P23188 INFO ^^^^^^^^^^ Current Model:hades, c97ce51a ^^^^^^^^^^
2026-04-22 01:24:04,560 P23188 INFO Load from D:\UAC-AD\data\rcaeval_re3_ob
2026-04-22 01:24:05,682 P23188 INFO 301 unique log templates found.
2026-04-22 01:24:05,698 P23188 INFO Transforming unlabel train data.
2026-04-22 01:24:06,262 P23188 INFO Transforming test data.
2026-04-22 01:24:06,364 P23188 INFO 18 new templates show.
2026-04-22 01:24:07,314 P23188 INFO Data loaded done!
2026-04-22 01:24:32,199 P23188 INFO Known word number: 301
2026-04-22 01:25:19,891 P23188 INFO Epoch 0/5, train generator loss: 0.18928
2026-04-22 01:26:04,655 P23188 INFO Epoch 0/5, train discriminator loss: 0.19654
2026-04-22 01:26:07,771 P23188 INFO *** Test time is 3.110299825668335
2026-04-22 01:26:07,772 P23188 INFO Epoch 0/5, test f1: 0.92000 rc: 0.91616 pc: 0.92387. [88.96s]
2026-04-22 01:26:48,829 P23188 INFO Epoch 1/5, train generator loss: 0.12918
2026-04-22 01:27:28,251 P23188 INFO Epoch 1/5, train discriminator loss: 0.26498
2026-04-22 01:27:31,322 P23188 INFO *** Test time is 3.0672457218170166
2026-04-22 01:27:31,322 P23188 INFO Epoch 1/5, test f1: 0.92081 rc: 0.91825 pc: 0.92338. [80.44s]
2026-04-22 01:28:12,899 P23188 INFO Epoch 2/5, train generator loss: 0.15347
2026-04-22 01:28:53,760 P23188 INFO Epoch 2/5, train discriminator loss: 0.43397
2026-04-22 01:28:56,686 P23188 INFO *** Test time is 2.9189300537109375
2026-04-22 01:28:56,686 P23188 INFO Epoch 2/5, test f1: 0.89007 rc: 0.89069 pc: 0.88945. [82.39s]
2026-04-22 01:28:56,688 P23188 INFO early stopping epoch 1/3
2026-04-22 01:29:41,137 P23188 INFO Epoch 3/5, train generator loss: 0.14123
2026-04-22 01:30:22,548 P23188 INFO Epoch 3/5, train discriminator loss: 0.51032
2026-04-22 01:30:25,523 P23188 INFO *** Test time is 2.968322515487671
2026-04-22 01:30:25,523 P23188 INFO Epoch 3/5, test f1: 0.90778 rc: 0.90736 pc: 0.90821. [85.87s]
2026-04-22 01:30:25,523 P23188 INFO early stopping epoch 2/3
2026-04-22 01:31:06,659 P23188 INFO Epoch 4/5, train generator loss: 0.16948
2026-04-22 01:31:47,675 P23188 INFO Epoch 4/5, train discriminator loss: 0.77495
2026-04-22 01:31:50,683 P23188 INFO *** Test time is 3.0064380168914795
2026-04-22 01:31:50,684 P23188 INFO Epoch 4/5, test f1: 0.71967 rc: 0.67392 pc: 0.77209. [82.15s]
2026-04-22 01:31:50,692 P23188 INFO early stopping epoch 3/3
2026-04-22 01:31:50,692 P23188 INFO Early stopping
2026-04-22 01:32:16,199 P23188 INFO Threshold (p=95.0, src=unlabel(fallback)): 0.198987
2026-04-22 01:32:17,239 P23188 INFO *** Test F1 0.8839  of unsupervised traning
2026-04-22 01:32:17,240 P23188 INFO *** Best F1 {'f1': 0.9208081746400372, 'rc': 0.9182491894395554, 'pc': 0.9233814625058221}  of unsupervised traning
2026-04-22 01:32:17,590 P23188 INFO Current hash id c97ce51a
