2026-04-26 00:22:26,250 P14216 INFO ^^^^^^^^^^ Current Model:hades, 7c2f0d5d ^^^^^^^^^^
2026-04-26 00:22:26,250 P14216 INFO Load from ../data/sn
2026-04-26 00:22:26,584 P14216 INFO 375 unique log templates found.
2026-04-26 00:22:26,600 P14216 INFO Transforming unlabel train data.
2026-04-26 00:22:26,632 P14216 INFO Transforming test data.
2026-04-26 00:22:26,664 P14216 INFO 185 new templates show.
2026-04-26 00:22:26,696 P14216 INFO Transforming val data.
2026-04-26 00:22:26,696 P14216 INFO 77 new templates show.
2026-04-26 00:22:26,696 P14216 INFO Data loaded done!
2026-04-26 00:22:26,728 P14216 INFO Known word number: 375
2026-04-26 00:22:30,047 P14216 INFO Epoch 0/10, train generator loss: 1.27238
2026-04-26 00:22:30,132 P14216 INFO Epoch 0/10, train discriminator loss: 2.73194
2026-04-26 00:22:30,305 P14216 INFO *** Test time is 0.1601712703704834
2026-04-26 00:22:30,305 P14216 INFO Epoch 0/10, test f1: 0.90909 rc: 1.00000 pc: 0.83333. [0.64s]
2026-04-26 00:22:30,447 P14216 INFO Epoch 1/10, train generator loss: 1.25080
2026-04-26 00:22:30,539 P14216 INFO Epoch 1/10, train discriminator loss: 2.19946
2026-04-26 00:22:30,667 P14216 INFO *** Test time is 0.12796401977539062
2026-04-26 00:22:30,667 P14216 INFO Epoch 1/10, test f1: 0.90909 rc: 1.00000 pc: 0.83333. [0.20s]
2026-04-26 00:22:30,667 P14216 INFO early stopping epoch 1/5
2026-04-26 00:22:30,780 P14216 INFO Epoch 2/10, train generator loss: 1.25537
2026-04-26 00:22:30,867 P14216 INFO Epoch 2/10, train discriminator loss: 1.82328
2026-04-26 00:22:31,018 P14216 INFO *** Test time is 0.15062308311462402
2026-04-26 00:22:31,018 P14216 INFO Epoch 2/10, test f1: 0.90909 rc: 1.00000 pc: 0.83333. [0.20s]
2026-04-26 00:22:31,018 P14216 INFO early stopping epoch 2/5
2026-04-26 00:22:31,114 P14216 INFO Epoch 3/10, train generator loss: 1.31548
2026-04-26 00:22:31,210 P14216 INFO Epoch 3/10, train discriminator loss: 1.53904
2026-04-26 00:22:31,400 P14216 INFO *** Test time is 0.18993473052978516
2026-04-26 00:22:31,400 P14216 INFO Epoch 3/10, test f1: 0.90909 rc: 1.00000 pc: 0.83333. [0.19s]
2026-04-26 00:22:31,400 P14216 INFO early stopping epoch 3/5
2026-04-26 00:22:31,542 P14216 INFO Epoch 4/10, train generator loss: 1.39597
2026-04-26 00:22:31,669 P14216 INFO Epoch 4/10, train discriminator loss: 1.34282
2026-04-26 00:22:31,859 P14216 INFO *** Test time is 0.19086956977844238
2026-04-26 00:22:31,859 P14216 INFO Epoch 4/10, test f1: 0.90909 rc: 1.00000 pc: 0.83333. [0.27s]
2026-04-26 00:22:31,859 P14216 INFO early stopping epoch 4/5
2026-04-26 00:22:31,999 P14216 INFO Epoch 5/10, train generator loss: 1.48931
2026-04-26 00:22:32,100 P14216 INFO Epoch 5/10, train discriminator loss: 1.22550
2026-04-26 00:22:32,287 P14216 INFO *** Test time is 0.18668413162231445
2026-04-26 00:22:32,287 P14216 INFO Epoch 5/10, test f1: 0.90909 rc: 1.00000 pc: 0.83333. [0.24s]
2026-04-26 00:22:32,287 P14216 INFO early stopping epoch 5/5
2026-04-26 00:22:32,287 P14216 INFO Early stopping
2026-04-26 00:22:32,414 P14216 INFO Threshold (p=95.0, src=val): 1.438451
2026-04-26 00:22:32,446 P14216 INFO *** Test F1 0.5882  of unsupervised traning
2026-04-26 00:22:32,446 P14216 INFO *** Best F1 {'f1': 0.9090909090909091, 'rc': 1.0, 'pc': 0.8333333333333334}  of unsupervised traning
2026-04-26 00:22:32,461 P14216 INFO Current hash id 7c2f0d5d
