2026-04-26 00:23:08,367 P8448 INFO ^^^^^^^^^^ Current Model:hades, 8103dea1 ^^^^^^^^^^
2026-04-26 00:23:08,367 P8448 INFO Load from ../data/sn
2026-04-26 00:23:08,588 P8448 INFO 375 unique log templates found.
2026-04-26 00:23:08,588 P8448 INFO Transforming unlabel train data.
2026-04-26 00:23:08,636 P8448 INFO Transforming test data.
2026-04-26 00:23:08,652 P8448 INFO 136 new templates show.
2026-04-26 00:23:08,700 P8448 INFO Transforming val data.
2026-04-26 00:23:08,700 P8448 INFO 77 new templates show.
2026-04-26 00:23:08,700 P8448 INFO Data loaded done!
2026-04-26 00:23:08,732 P8448 INFO Known word number: 375
2026-04-26 00:23:12,142 P8448 INFO Epoch 0/10, train generator loss: 1.50502
2026-04-26 00:23:12,348 P8448 INFO Epoch 0/10, train discriminator loss: 5.80653
2026-04-26 00:23:12,524 P8448 INFO *** Test time is 0.17342424392700195
2026-04-26 00:23:12,524 P8448 INFO Epoch 0/10, test f1: 0.90909 rc: 0.83333 pc: 1.00000. [0.79s]
2026-04-26 00:23:12,707 P8448 INFO Epoch 1/10, train generator loss: 1.43020
2026-04-26 00:23:12,835 P8448 INFO Epoch 1/10, train discriminator loss: 5.09648
2026-04-26 00:23:13,001 P8448 INFO *** Test time is 0.16655945777893066
2026-04-26 00:23:13,001 P8448 INFO Epoch 1/10, test f1: 0.90909 rc: 0.83333 pc: 1.00000. [0.29s]
2026-04-26 00:23:13,001 P8448 INFO early stopping epoch 1/5
2026-04-26 00:23:13,144 P8448 INFO Epoch 2/10, train generator loss: 1.38732
2026-04-26 00:23:13,262 P8448 INFO Epoch 2/10, train discriminator loss: 4.66552
2026-04-26 00:23:13,405 P8448 INFO *** Test time is 0.14248871803283691
2026-04-26 00:23:13,405 P8448 INFO Epoch 2/10, test f1: 0.90909 rc: 0.83333 pc: 1.00000. [0.26s]
2026-04-26 00:23:13,405 P8448 INFO early stopping epoch 2/5
2026-04-26 00:23:13,596 P8448 INFO Epoch 3/10, train generator loss: 1.39202
2026-04-26 00:23:13,756 P8448 INFO Epoch 3/10, train discriminator loss: 4.38514
2026-04-26 00:23:13,958 P8448 INFO *** Test time is 0.20192360877990723
2026-04-26 00:23:13,958 P8448 INFO Epoch 3/10, test f1: 0.90909 rc: 0.83333 pc: 1.00000. [0.35s]
2026-04-26 00:23:13,958 P8448 INFO early stopping epoch 3/5
2026-04-26 00:23:14,179 P8448 INFO Epoch 4/10, train generator loss: 1.41874
2026-04-26 00:23:14,326 P8448 INFO Epoch 4/10, train discriminator loss: 4.19537
2026-04-26 00:23:14,546 P8448 INFO *** Test time is 0.21857833862304688
2026-04-26 00:23:14,546 P8448 INFO Epoch 4/10, test f1: 0.90909 rc: 0.83333 pc: 1.00000. [0.37s]
2026-04-26 00:23:14,546 P8448 INFO early stopping epoch 4/5
2026-04-26 00:23:14,746 P8448 INFO Epoch 5/10, train generator loss: 1.44979
2026-04-26 00:23:14,892 P8448 INFO Epoch 5/10, train discriminator loss: 4.09497
2026-04-26 00:23:15,104 P8448 INFO *** Test time is 0.21137189865112305
2026-04-26 00:23:15,104 P8448 INFO Epoch 5/10, test f1: 0.90909 rc: 0.83333 pc: 1.00000. [0.35s]
2026-04-26 00:23:15,104 P8448 INFO early stopping epoch 5/5
2026-04-26 00:23:15,104 P8448 INFO Early stopping
2026-04-26 00:23:15,241 P8448 INFO Threshold (p=95.0, src=val): 1.840204
2026-04-26 00:23:15,305 P8448 INFO *** Test F1 0.7143  of unsupervised traning
2026-04-26 00:23:15,305 P8448 INFO *** Best F1 {'f1': 0.9090909090909091, 'rc': 0.8333333333333334, 'pc': 1.0}  of unsupervised traning
2026-04-26 00:23:15,305 P8448 INFO Current hash id 8103dea1
