2026-04-21 06:36:10,111 P19952 INFO ^^^^^^^^^^ Current Model:hades, 0f575a73 ^^^^^^^^^^
2026-04-21 06:36:10,111 P19952 INFO Load from D:\UAC-AD\data\rcaeval_re2_ob
2026-04-21 06:36:16,889 P19952 INFO 40 unique log templates found.
2026-04-21 06:36:16,900 P19952 INFO Transforming unlabel train data.
2026-04-21 06:36:17,696 P19952 INFO Transforming test data.
2026-04-21 06:36:18,000 P19952 INFO 108 new templates show.
2026-04-21 06:36:19,443 P19952 INFO Data loaded done!
2026-04-21 06:38:04,060 P19952 INFO Known word number: 40
2026-04-21 06:41:09,295 P19952 INFO Epoch 0/5, train generator loss: 0.91995
2026-04-21 06:44:08,304 P19952 INFO Epoch 0/5, train discriminator loss: 0.86709
2026-04-21 06:44:15,457 P19952 INFO *** Test time is 7.148999214172363
2026-04-21 06:44:15,458 P19952 INFO Epoch 0/5, test f1: 0.73359 rc: 0.64191 pc: 0.85582. [360.32s]
2026-04-21 06:47:17,345 P19952 INFO Epoch 1/5, train generator loss: 0.88714
2026-04-21 06:50:18,084 P19952 INFO Epoch 1/5, train discriminator loss: 1.21667
2026-04-21 06:50:25,696 P19952 INFO *** Test time is 7.605612754821777
2026-04-21 06:50:25,697 P19952 INFO Epoch 1/5, test f1: 0.74756 rc: 0.65310 pc: 0.87398. [362.60s]
2026-04-21 06:53:28,084 P19952 INFO Epoch 2/5, train generator loss: 0.83401
2026-04-21 06:56:24,709 P19952 INFO Epoch 2/5, train discriminator loss: 0.79775
2026-04-21 06:56:32,345 P19952 INFO *** Test time is 7.6267218589782715
2026-04-21 06:56:32,345 P19952 INFO Epoch 2/5, test f1: 0.76939 rc: 0.67188 pc: 0.90000. [358.98s]
2026-04-21 06:59:34,606 P19952 INFO Epoch 3/5, train generator loss: 0.80864
2026-04-21 07:02:32,975 P19952 INFO Epoch 3/5, train discriminator loss: 1.32225
2026-04-21 07:02:40,296 P19952 INFO *** Test time is 7.313149929046631
2026-04-21 07:02:40,297 P19952 INFO Epoch 3/5, test f1: 0.77972 rc: 0.69926 pc: 0.88111. [360.58s]
2026-04-21 07:05:42,512 P19952 INFO Epoch 4/5, train generator loss: 0.78431
2026-04-21 07:08:37,025 P19952 INFO Epoch 4/5, train discriminator loss: 0.51177
2026-04-21 07:08:44,009 P19952 INFO *** Test time is 6.982551574707031
2026-04-21 07:08:44,009 P19952 INFO Epoch 4/5, test f1: 0.76984 rc: 0.67299 pc: 0.89926. [356.70s]
2026-04-21 07:08:44,009 P19952 INFO early stopping epoch 1/3
2026-04-21 07:10:28,878 P19952 INFO Threshold (p=95.0, src=unlabel(fallback)): 0.728635
2026-04-21 07:10:32,027 P19952 INFO *** Test F1 0.5211  of unsupervised traning
2026-04-21 07:10:32,028 P19952 INFO *** Best F1 {'f1': 0.7797204600546702, 'rc': 0.6992599444958372, 'pc': 0.8811050238955589}  of unsupervised traning
2026-04-21 07:10:32,596 P19952 INFO Current hash id 0f575a73
