2026-04-26 00:25:47,683 P200 INFO ^^^^^^^^^^ Current Model:hades, e1aa2534 ^^^^^^^^^^
2026-04-26 00:25:47,683 P200 INFO Load from ../data/sn
2026-04-26 00:25:47,906 P200 INFO 375 unique log templates found.
2026-04-26 00:25:47,906 P200 INFO Transforming unlabel train data.
2026-04-26 00:25:47,954 P200 INFO Transforming test data.
2026-04-26 00:25:47,970 P200 INFO 185 new templates show.
2026-04-26 00:25:48,001 P200 INFO Transforming val data.
2026-04-26 00:25:48,001 P200 INFO 77 new templates show.
2026-04-26 00:25:48,018 P200 INFO Data loaded done!
2026-04-26 00:25:48,053 P200 INFO Known word number: 375
2026-04-26 00:25:51,498 P200 INFO Epoch 0/10, train generator loss: 1.49804
2026-04-26 00:25:51,641 P200 INFO Epoch 0/10, train discriminator loss: 5.64454
2026-04-26 00:25:51,800 P200 INFO *** Test time is 0.1427140235900879
2026-04-26 00:25:51,800 P200 INFO Epoch 0/10, test f1: 0.83333 rc: 1.00000 pc: 0.71429. [0.76s]
2026-04-26 00:25:51,974 P200 INFO Epoch 1/10, train generator loss: 1.39828
2026-04-26 00:25:52,089 P200 INFO Epoch 1/10, train discriminator loss: 4.97639
2026-04-26 00:25:52,244 P200 INFO *** Test time is 0.15539193153381348
2026-04-26 00:25:52,244 P200 INFO Epoch 1/10, test f1: 0.83333 rc: 1.00000 pc: 0.71429. [0.27s]
2026-04-26 00:25:52,244 P200 INFO early stopping epoch 1/5
2026-04-26 00:25:52,393 P200 INFO Epoch 2/10, train generator loss: 1.37136
2026-04-26 00:25:52,511 P200 INFO Epoch 2/10, train discriminator loss: 4.61509
2026-04-26 00:25:52,654 P200 INFO *** Test time is 0.1431570053100586
2026-04-26 00:25:52,654 P200 INFO Epoch 2/10, test f1: 0.83333 rc: 1.00000 pc: 0.71429. [0.27s]
2026-04-26 00:25:52,654 P200 INFO early stopping epoch 2/5
2026-04-26 00:25:52,812 P200 INFO Epoch 3/10, train generator loss: 1.38554
2026-04-26 00:25:52,984 P200 INFO Epoch 3/10, train discriminator loss: 4.34186
2026-04-26 00:25:53,178 P200 INFO *** Test time is 0.1918036937713623
2026-04-26 00:25:53,178 P200 INFO Epoch 3/10, test f1: 0.83333 rc: 1.00000 pc: 0.71429. [0.33s]
2026-04-26 00:25:53,178 P200 INFO early stopping epoch 3/5
2026-04-26 00:25:53,383 P200 INFO Epoch 4/10, train generator loss: 1.41229
2026-04-26 00:25:53,541 P200 INFO Epoch 4/10, train discriminator loss: 4.13959
2026-04-26 00:25:53,766 P200 INFO *** Test time is 0.2249140739440918
2026-04-26 00:25:53,766 P200 INFO Epoch 4/10, test f1: 0.83333 rc: 1.00000 pc: 0.71429. [0.36s]
2026-04-26 00:25:53,766 P200 INFO early stopping epoch 4/5
2026-04-26 00:25:53,966 P200 INFO Epoch 5/10, train generator loss: 1.44510
2026-04-26 00:25:54,107 P200 INFO Epoch 5/10, train discriminator loss: 4.01207
2026-04-26 00:25:54,251 P200 INFO *** Test time is 0.14396286010742188
2026-04-26 00:25:54,251 P200 INFO Epoch 5/10, test f1: 0.83333 rc: 1.00000 pc: 0.71429. [0.34s]
2026-04-26 00:25:54,251 P200 INFO early stopping epoch 5/5
2026-04-26 00:25:54,251 P200 INFO Early stopping
2026-04-26 00:25:54,347 P200 INFO Threshold (p=95.0, src=val): 1.772568
2026-04-26 00:25:54,381 P200 INFO *** Test F1 0.7273  of unsupervised traning
2026-04-26 00:25:54,381 P200 INFO *** Best F1 {'f1': 0.8333333333333334, 'rc': 1.0, 'pc': 0.7142857142857143}  of unsupervised traning
2026-04-26 00:25:54,381 P200 INFO Current hash id e1aa2534
