2026-04-26 00:24:11,996 P22884 INFO ^^^^^^^^^^ Current Model:hades, 0133238f ^^^^^^^^^^
2026-04-26 00:24:11,996 P22884 INFO Load from ../data/sn
2026-04-26 00:24:12,219 P22884 INFO 375 unique log templates found.
2026-04-26 00:24:12,219 P22884 INFO Transforming unlabel train data.
2026-04-26 00:24:12,251 P22884 INFO Transforming test data.
2026-04-26 00:24:12,282 P22884 INFO 193 new templates show.
2026-04-26 00:24:12,315 P22884 INFO Transforming val data.
2026-04-26 00:24:12,315 P22884 INFO 77 new templates show.
2026-04-26 00:24:12,315 P22884 INFO Data loaded done!
2026-04-26 00:24:12,346 P22884 INFO Known word number: 375
2026-04-26 00:24:15,736 P22884 INFO Epoch 0/10, train generator loss: 1.54326
2026-04-26 00:24:15,942 P22884 INFO Epoch 0/10, train discriminator loss: 5.77737
2026-04-26 00:24:16,120 P22884 INFO *** Test time is 0.17843079566955566
2026-04-26 00:24:16,122 P22884 INFO Epoch 0/10, test f1: 0.85714 rc: 1.00000 pc: 0.75000. [0.76s]
2026-04-26 00:24:16,310 P22884 INFO Epoch 1/10, train generator loss: 1.44054
2026-04-26 00:24:16,482 P22884 INFO Epoch 1/10, train discriminator loss: 5.04848
2026-04-26 00:24:16,706 P22884 INFO *** Test time is 0.22429513931274414
2026-04-26 00:24:16,706 P22884 INFO Epoch 1/10, test f1: 0.85714 rc: 1.00000 pc: 0.75000. [0.34s]
2026-04-26 00:24:16,708 P22884 INFO early stopping epoch 1/5
2026-04-26 00:24:16,926 P22884 INFO Epoch 2/10, train generator loss: 1.40146
2026-04-26 00:24:17,080 P22884 INFO Epoch 2/10, train discriminator loss: 4.63062
2026-04-26 00:24:17,271 P22884 INFO *** Test time is 0.19108986854553223
2026-04-26 00:24:17,271 P22884 INFO Epoch 2/10, test f1: 0.85714 rc: 1.00000 pc: 0.75000. [0.37s]
2026-04-26 00:24:17,271 P22884 INFO early stopping epoch 2/5
2026-04-26 00:24:17,472 P22884 INFO Epoch 3/10, train generator loss: 1.39838
2026-04-26 00:24:17,617 P22884 INFO Epoch 3/10, train discriminator loss: 4.38305
2026-04-26 00:24:17,821 P22884 INFO *** Test time is 0.20182466506958008
2026-04-26 00:24:17,821 P22884 INFO Epoch 3/10, test f1: 0.85714 rc: 1.00000 pc: 0.75000. [0.35s]
2026-04-26 00:24:17,821 P22884 INFO early stopping epoch 3/5
2026-04-26 00:24:18,021 P22884 INFO Epoch 4/10, train generator loss: 1.41809
2026-04-26 00:24:18,185 P22884 INFO Epoch 4/10, train discriminator loss: 4.19008
2026-04-26 00:24:18,378 P22884 INFO *** Test time is 0.19249820709228516
2026-04-26 00:24:18,378 P22884 INFO Epoch 4/10, test f1: 0.85714 rc: 1.00000 pc: 0.75000. [0.36s]
2026-04-26 00:24:18,378 P22884 INFO early stopping epoch 4/5
2026-04-26 00:24:18,560 P22884 INFO Epoch 5/10, train generator loss: 1.45449
2026-04-26 00:24:18,707 P22884 INFO Epoch 5/10, train discriminator loss: 4.06604
2026-04-26 00:24:18,916 P22884 INFO *** Test time is 0.20867085456848145
2026-04-26 00:24:18,916 P22884 INFO Epoch 5/10, test f1: 0.85714 rc: 1.00000 pc: 0.75000. [0.33s]
2026-04-26 00:24:18,916 P22884 INFO early stopping epoch 5/5
2026-04-26 00:24:18,916 P22884 INFO Early stopping
2026-04-26 00:24:19,107 P22884 INFO Threshold (p=95.0, src=val): 1.809893
2026-04-26 00:24:19,171 P22884 INFO *** Test F1 0.8571  of unsupervised traning
2026-04-26 00:24:19,171 P22884 INFO *** Best F1 {'f1': 0.8571428571428571, 'rc': 1.0, 'pc': 0.75}  of unsupervised traning
2026-04-26 00:24:19,171 P22884 INFO Current hash id 0133238f
