2026-04-15 22:26:43,235 P28456 INFO ^^^^^^^^^^ Current Model:hades, sn_5_1_l1_True_False_template_appear_False_False_40_False_add_multi_modal_self_attn_fuse_32_False_False_True_False_True_False_True_True_True_16_0 ^^^^^^^^^^
2026-04-15 22:26:43,235 P28456 INFO Load from ../data/sn
2026-04-15 22:26:43,716 P28456 INFO 375 unique log templates found.
2026-04-15 22:26:43,726 P28456 INFO Transforming unlabel train data.
2026-04-15 22:26:43,785 P28456 INFO Transforming test data.
2026-04-15 22:26:43,816 P28456 INFO 189 new templates show.
2026-04-15 22:26:43,852 P28456 INFO Transforming val data.
2026-04-15 22:26:43,852 P28456 INFO 77 new templates show.
2026-04-15 22:26:43,873 P28456 INFO Data loaded done!
2026-04-15 22:26:43,911 P28456 INFO Known word number: 375
2026-04-15 22:26:48,720 P28456 INFO Epoch 0/10, train generator loss: 1.26176
2026-04-15 22:26:48,949 P28456 INFO Epoch 0/10, train discriminator loss: 2.87875
2026-04-15 22:26:49,314 P28456 INFO *** Test time is 0.3651466369628906
2026-04-15 22:26:49,314 P28456 INFO Epoch 0/10, test f1: 0.83333 rc: 1.00000 pc: 0.71429. [1.25s]
2026-04-15 22:26:49,600 P28456 INFO Epoch 1/10, train generator loss: 1.18171
2026-04-15 22:26:49,775 P28456 INFO Epoch 1/10, train discriminator loss: 2.33796
2026-04-15 22:26:50,008 P28456 INFO *** Test time is 0.23296666145324707
2026-04-15 22:26:50,008 P28456 INFO Epoch 1/10, test f1: 0.83333 rc: 1.00000 pc: 0.71429. [0.44s]
2026-04-15 22:26:50,008 P28456 INFO early stopping epoch 1/5
2026-04-15 22:26:50,203 P28456 INFO Epoch 2/10, train generator loss: 1.20572
2026-04-15 22:26:50,374 P28456 INFO Epoch 2/10, train discriminator loss: 1.93766
2026-04-15 22:26:50,606 P28456 INFO *** Test time is 0.23256492614746094
2026-04-15 22:26:50,606 P28456 INFO Epoch 2/10, test f1: 0.83333 rc: 1.00000 pc: 0.71429. [0.37s]
2026-04-15 22:26:50,606 P28456 INFO early stopping epoch 2/5
2026-04-15 22:26:50,848 P28456 INFO Epoch 3/10, train generator loss: 1.27110
2026-04-15 22:26:51,063 P28456 INFO Epoch 3/10, train discriminator loss: 1.62188
2026-04-15 22:26:51,335 P28456 INFO *** Test time is 0.2719886302947998
2026-04-15 22:26:51,335 P28456 INFO Epoch 3/10, test f1: 0.83333 rc: 1.00000 pc: 0.71429. [0.46s]
2026-04-15 22:26:51,335 P28456 INFO early stopping epoch 3/5
2026-04-15 22:26:51,634 P28456 INFO Epoch 4/10, train generator loss: 1.35633
2026-04-15 22:26:51,835 P28456 INFO Epoch 4/10, train discriminator loss: 1.39909
2026-04-15 22:26:52,101 P28456 INFO *** Test time is 0.2656669616699219
2026-04-15 22:26:52,101 P28456 INFO Epoch 4/10, test f1: 0.83333 rc: 1.00000 pc: 0.71429. [0.50s]
2026-04-15 22:26:52,101 P28456 INFO early stopping epoch 4/5
2026-04-15 22:26:52,348 P28456 INFO Epoch 5/10, train generator loss: 1.45268
2026-04-15 22:26:52,558 P28456 INFO Epoch 5/10, train discriminator loss: 1.25965
2026-04-15 22:26:52,815 P28456 INFO *** Test time is 0.25694799423217773
2026-04-15 22:26:52,817 P28456 INFO Epoch 5/10, test f1: 0.83333 rc: 1.00000 pc: 0.71429. [0.46s]
2026-04-15 22:26:52,817 P28456 INFO early stopping epoch 5/5
2026-04-15 22:26:52,817 P28456 INFO Early stopping
2026-04-15 22:26:53,050 P28456 INFO Threshold (p=95.0, src=val): 1.395000
2026-04-15 22:26:53,114 P28456 INFO *** Test F1 0.5882  of unsupervised traning
2026-04-15 22:26:53,114 P28456 INFO *** Best F1 {'f1': 0.8333333333333334, 'rc': 1.0, 'pc': 0.7142857142857143}  of unsupervised traning
2026-04-15 22:26:53,119 P28456 INFO Current hash id sn_5_1_l1_True_False_template_appear_False_False_40_False_add_multi_modal_self_attn_fuse_32_False_False_True_False_True_False_True_True_True_16_0
