2026-04-14 08:11:03,876 P18560 INFO ^^^^^^^^^^ Current Model:hades, sn_5_1_l1_True_False_template_appear_False_False_40_False_add_multi_modal_self_attn_fuse_32_False_False_True_False_True_False_True_True_True_16_0 ^^^^^^^^^^
2026-04-14 08:11:03,876 P18560 INFO Load from ../data/sn
2026-04-14 08:11:04,225 P18560 INFO 375 unique log templates found.
2026-04-14 08:11:04,241 P18560 INFO Transforming unlabel train data.
2026-04-14 08:11:04,273 P18560 INFO Transforming test data.
2026-04-14 08:11:04,305 P18560 INFO 193 new templates show.
2026-04-14 08:11:04,337 P18560 INFO Transforming val data.
2026-04-14 08:11:04,337 P18560 INFO 77 new templates show.
2026-04-14 08:11:04,337 P18560 INFO Data loaded done!
2026-04-14 08:13:16,454 P16988 INFO ^^^^^^^^^^ Current Model:hades, sn_5_1_l1_True_False_template_appear_False_False_40_False_add_multi_modal_self_attn_fuse_32_False_False_True_False_True_False_True_True_True_16_0 ^^^^^^^^^^
2026-04-14 08:13:16,454 P16988 INFO Load from ../data/sn
2026-04-14 08:13:16,785 P16988 INFO 375 unique log templates found.
2026-04-14 08:13:16,785 P16988 INFO Transforming unlabel train data.
2026-04-14 08:13:16,858 P16988 INFO Transforming test data.
2026-04-14 08:13:16,893 P16988 INFO 193 new templates show.
2026-04-14 08:13:16,957 P16988 INFO Transforming val data.
2026-04-14 08:13:16,957 P16988 INFO 77 new templates show.
2026-04-14 08:13:16,957 P16988 INFO Data loaded done!
2026-04-14 08:13:17,005 P16988 INFO Known word number: 375
2026-04-14 08:13:20,958 P16988 INFO Epoch 0/10, train generator loss: 1.29756
2026-04-14 08:13:21,037 P16988 INFO Epoch 0/10, train discriminator loss: 2.81005
2026-04-14 08:13:21,195 P16988 INFO *** Test time is 0.1582334041595459
2026-04-14 08:13:21,195 P16988 INFO Epoch 0/10, test f1: 1.00000 rc: 1.00000 pc: 1.00000. [0.63s]
2026-04-14 08:13:21,333 P16988 INFO Epoch 1/10, train generator loss: 1.20940
2026-04-14 08:13:21,432 P16988 INFO Epoch 1/10, train discriminator loss: 2.27262
2026-04-14 08:13:21,559 P16988 INFO *** Test time is 0.12665772438049316
2026-04-14 08:13:21,559 P16988 INFO Epoch 1/10, test f1: 1.00000 rc: 1.00000 pc: 1.00000. [0.22s]
2026-04-14 08:13:21,559 P16988 INFO early stopping epoch 1/5
2026-04-14 08:13:21,685 P16988 INFO Epoch 2/10, train generator loss: 1.23666
2026-04-14 08:13:21,786 P16988 INFO Epoch 2/10, train discriminator loss: 1.86747
2026-04-14 08:13:21,923 P16988 INFO *** Test time is 0.13623905181884766
2026-04-14 08:13:21,923 P16988 INFO Epoch 2/10, test f1: 1.00000 rc: 1.00000 pc: 1.00000. [0.23s]
2026-04-14 08:13:21,923 P16988 INFO early stopping epoch 2/5
2026-04-14 08:13:22,018 P16988 INFO Epoch 3/10, train generator loss: 1.30235
2026-04-14 08:13:22,105 P16988 INFO Epoch 3/10, train discriminator loss: 1.55854
2026-04-14 08:13:22,260 P16988 INFO *** Test time is 0.1544954776763916
2026-04-14 08:13:22,260 P16988 INFO Epoch 3/10, test f1: 1.00000 rc: 1.00000 pc: 1.00000. [0.18s]
2026-04-14 08:13:22,260 P16988 INFO early stopping epoch 3/5
2026-04-14 08:13:22,350 P16988 INFO Epoch 4/10, train generator loss: 1.38429
2026-04-14 08:13:22,445 P16988 INFO Epoch 4/10, train discriminator loss: 1.34842
2026-04-14 08:13:22,603 P16988 INFO *** Test time is 0.1581275463104248
2026-04-14 08:13:22,603 P16988 INFO Epoch 4/10, test f1: 1.00000 rc: 1.00000 pc: 1.00000. [0.19s]
2026-04-14 08:13:22,603 P16988 INFO early stopping epoch 4/5
2026-04-14 08:13:22,745 P16988 INFO Epoch 5/10, train generator loss: 1.47975
2026-04-14 08:13:22,834 P16988 INFO Epoch 5/10, train discriminator loss: 1.21174
2026-04-14 08:13:22,967 P16988 INFO *** Test time is 0.1327660083770752
2026-04-14 08:13:22,967 P16988 INFO Epoch 5/10, test f1: 1.00000 rc: 1.00000 pc: 1.00000. [0.23s]
2026-04-14 08:13:22,967 P16988 INFO early stopping epoch 5/5
2026-04-14 08:13:22,967 P16988 INFO Early stopping
2026-04-14 08:13:23,078 P16988 INFO Threshold (p=95.0, src=val): 1.417388
2026-04-14 08:13:23,110 P16988 INFO *** Test F1 0.6316  of unsupervised traning
2026-04-14 08:13:23,110 P16988 INFO *** Best F1 {'f1': 1.0, 'rc': 1.0, 'pc': 1.0}  of unsupervised traning
2026-04-14 08:13:23,110 P16988 INFO Current hash id sn_5_1_l1_True_False_template_appear_False_False_40_False_add_multi_modal_self_attn_fuse_32_False_False_True_False_True_False_True_True_True_16_0
2026-04-14 22:35:05,335 P4460 INFO ^^^^^^^^^^ Current Model:hades, sn_5_1_l1_True_False_template_appear_False_False_40_False_add_multi_modal_self_attn_fuse_32_False_False_True_False_True_False_True_True_True_16_0 ^^^^^^^^^^
2026-04-14 22:35:05,335 P4460 INFO Load from ../data/sn
2026-04-14 22:35:05,693 P4460 INFO 375 unique log templates found.
2026-04-14 22:35:05,693 P4460 INFO Transforming unlabel train data.
2026-04-14 22:35:05,741 P4460 INFO Transforming test data.
2026-04-14 22:35:05,773 P4460 INFO 193 new templates show.
2026-04-14 22:35:05,789 P4460 INFO Transforming val data.
2026-04-14 22:35:05,789 P4460 INFO 77 new templates show.
2026-04-14 22:35:05,805 P4460 INFO Data loaded done!
2026-04-14 22:35:05,821 P4460 INFO Known word number: 375
2026-04-14 22:35:08,768 P4460 INFO Epoch 0/10, train generator loss: 1.21486
2026-04-14 22:35:08,844 P4460 INFO Epoch 0/10, train discriminator loss: 4.21081
2026-04-14 22:35:09,002 P4460 INFO *** Test time is 0.1581745147705078
2026-04-14 22:35:09,002 P4460 INFO Epoch 0/10, test f1: 1.00000 rc: 1.00000 pc: 1.00000. [0.60s]
2026-04-14 22:35:09,143 P4460 INFO Epoch 1/10, train generator loss: 1.17938
2026-04-14 22:35:09,234 P4460 INFO Epoch 1/10, train discriminator loss: 3.67982
2026-04-14 22:35:09,376 P4460 INFO *** Test time is 0.14189481735229492
2026-04-14 22:35:09,392 P4460 INFO Epoch 1/10, test f1: 1.00000 rc: 1.00000 pc: 1.00000. [0.21s]
2026-04-14 22:35:09,392 P4460 INFO early stopping epoch 1/5
2026-04-14 22:35:09,512 P4460 INFO Epoch 2/10, train generator loss: 1.13174
2026-04-14 22:35:09,595 P4460 INFO Epoch 2/10, train discriminator loss: 3.36193
2026-04-14 22:35:09,738 P4460 INFO *** Test time is 0.1428377628326416
2026-04-14 22:35:09,738 P4460 INFO Epoch 2/10, test f1: 1.00000 rc: 1.00000 pc: 1.00000. [0.20s]
2026-04-14 22:35:09,738 P4460 INFO early stopping epoch 2/5
2026-04-14 22:35:09,878 P4460 INFO Epoch 3/10, train generator loss: 1.12935
2026-04-14 22:35:10,004 P4460 INFO Epoch 3/10, train discriminator loss: 3.15785
2026-04-14 22:35:10,131 P4460 INFO *** Test time is 0.12666630744934082
2026-04-14 22:35:10,131 P4460 INFO Epoch 3/10, test f1: 1.00000 rc: 1.00000 pc: 1.00000. [0.27s]
2026-04-14 22:35:10,131 P4460 INFO early stopping epoch 3/5
2026-04-14 22:35:10,307 P4460 INFO Epoch 4/10, train generator loss: 1.13730
2026-04-14 22:35:10,463 P4460 INFO Epoch 4/10, train discriminator loss: 3.02987
2026-04-14 22:35:10,664 P4460 INFO *** Test time is 0.20110654830932617
2026-04-14 22:35:10,664 P4460 INFO Epoch 4/10, test f1: 1.00000 rc: 1.00000 pc: 1.00000. [0.33s]
2026-04-14 22:35:10,664 P4460 INFO early stopping epoch 4/5
2026-04-14 22:35:10,839 P4460 INFO Epoch 5/10, train generator loss: 1.15364
2026-04-14 22:35:10,992 P4460 INFO Epoch 5/10, train discriminator loss: 2.95437
2026-04-14 22:35:11,210 P4460 INFO *** Test time is 0.21759366989135742
2026-04-14 22:35:11,210 P4460 INFO Epoch 5/10, test f1: 1.00000 rc: 1.00000 pc: 1.00000. [0.33s]
2026-04-14 22:35:11,210 P4460 INFO early stopping epoch 5/5
2026-04-14 22:35:11,210 P4460 INFO Early stopping
2026-04-14 22:35:11,400 P4460 INFO Threshold (p=95.0, src=val): 1.363412
2026-04-14 22:35:11,478 P4460 INFO *** Test F1 0.6000  of unsupervised traning
2026-04-14 22:35:11,478 P4460 INFO *** Best F1 {'f1': 1.0, 'rc': 1.0, 'pc': 1.0}  of unsupervised traning
2026-04-14 22:35:11,604 P4460 INFO Current hash id sn_5_1_l1_True_False_template_appear_False_False_40_False_add_multi_modal_self_attn_fuse_32_False_False_True_False_True_False_True_True_True_16_0
