2026-04-26 00:21:40,102 P16372 INFO ^^^^^^^^^^ Current Model:hades, 2b46e652 ^^^^^^^^^^
2026-04-26 00:21:40,102 P16372 INFO Load from ../data/sn
2026-04-26 00:21:40,435 P16372 INFO 375 unique log templates found.
2026-04-26 00:21:40,435 P16372 INFO Transforming unlabel train data.
2026-04-26 00:21:40,483 P16372 INFO Transforming test data.
2026-04-26 00:21:40,515 P16372 INFO 193 new templates show.
2026-04-26 00:21:40,547 P16372 INFO Transforming val data.
2026-04-26 00:21:40,547 P16372 INFO 77 new templates show.
2026-04-26 00:21:40,547 P16372 INFO Data loaded done!
2026-04-26 00:21:40,579 P16372 INFO Known word number: 375
2026-04-26 00:21:43,911 P16372 INFO Epoch 0/10, train generator loss: 1.26019
2026-04-26 00:21:44,010 P16372 INFO Epoch 0/10, train discriminator loss: 2.75535
2026-04-26 00:21:44,195 P16372 INFO *** Test time is 0.17371511459350586
2026-04-26 00:21:44,195 P16372 INFO Epoch 0/10, test f1: 0.71429 rc: 0.83333 pc: 0.62500. [0.66s]
2026-04-26 00:21:44,318 P16372 INFO Epoch 1/10, train generator loss: 1.25573
2026-04-26 00:21:44,401 P16372 INFO Epoch 1/10, train discriminator loss: 2.23274
2026-04-26 00:21:44,552 P16372 INFO *** Test time is 0.15125751495361328
2026-04-26 00:21:44,552 P16372 INFO Epoch 1/10, test f1: 0.80000 rc: 1.00000 pc: 0.66667. [0.19s]
2026-04-26 00:21:44,670 P16372 INFO Epoch 2/10, train generator loss: 1.22686
2026-04-26 00:21:44,749 P16372 INFO Epoch 2/10, train discriminator loss: 1.87629
2026-04-26 00:21:44,923 P16372 INFO *** Test time is 0.1746675968170166
2026-04-26 00:21:44,923 P16372 INFO Epoch 2/10, test f1: 0.80000 rc: 1.00000 pc: 0.66667. [0.19s]
2026-04-26 00:21:44,923 P16372 INFO early stopping epoch 1/5
2026-04-26 00:21:45,078 P16372 INFO Epoch 3/10, train generator loss: 1.27150
2026-04-26 00:21:45,181 P16372 INFO Epoch 3/10, train discriminator loss: 1.60078
2026-04-26 00:21:45,399 P16372 INFO *** Test time is 0.2172377109527588
2026-04-26 00:21:45,399 P16372 INFO Epoch 3/10, test f1: 0.80000 rc: 1.00000 pc: 0.66667. [0.26s]
2026-04-26 00:21:45,399 P16372 INFO early stopping epoch 2/5
2026-04-26 00:21:45,557 P16372 INFO Epoch 4/10, train generator loss: 1.34233
2026-04-26 00:21:45,652 P16372 INFO Epoch 4/10, train discriminator loss: 1.38561
2026-04-26 00:21:45,842 P16372 INFO *** Test time is 0.18987321853637695
2026-04-26 00:21:45,842 P16372 INFO Epoch 4/10, test f1: 0.85714 rc: 1.00000 pc: 0.75000. [0.25s]
2026-04-26 00:21:46,031 P16372 INFO Epoch 5/10, train generator loss: 1.43562
2026-04-26 00:21:46,154 P16372 INFO Epoch 5/10, train discriminator loss: 1.23645
2026-04-26 00:21:46,363 P16372 INFO *** Test time is 0.20901751518249512
2026-04-26 00:21:46,363 P16372 INFO Epoch 5/10, test f1: 0.85714 rc: 1.00000 pc: 0.75000. [0.30s]
2026-04-26 00:21:46,363 P16372 INFO early stopping epoch 1/5
2026-04-26 00:21:46,500 P16372 INFO Epoch 6/10, train generator loss: 1.53549
2026-04-26 00:21:46,601 P16372 INFO Epoch 6/10, train discriminator loss: 1.13336
2026-04-26 00:21:46,792 P16372 INFO *** Test time is 0.19160890579223633
2026-04-26 00:21:46,792 P16372 INFO Epoch 6/10, test f1: 0.85714 rc: 1.00000 pc: 0.75000. [0.24s]
2026-04-26 00:21:46,792 P16372 INFO early stopping epoch 2/5
2026-04-26 00:21:46,972 P16372 INFO Epoch 7/10, train generator loss: 1.62603
2026-04-26 00:21:47,107 P16372 INFO Epoch 7/10, train discriminator loss: 1.06509
2026-04-26 00:21:47,299 P16372 INFO *** Test time is 0.19192862510681152
2026-04-26 00:21:47,299 P16372 INFO Epoch 7/10, test f1: 0.85714 rc: 1.00000 pc: 0.75000. [0.32s]
2026-04-26 00:21:47,299 P16372 INFO early stopping epoch 3/5
2026-04-26 00:21:47,481 P16372 INFO Epoch 8/10, train generator loss: 1.70601
2026-04-26 00:21:47,568 P16372 INFO Epoch 8/10, train discriminator loss: 1.01939
2026-04-26 00:21:47,718 P16372 INFO *** Test time is 0.14987683296203613
2026-04-26 00:21:47,718 P16372 INFO Epoch 8/10, test f1: 0.92308 rc: 1.00000 pc: 0.85714. [0.27s]
2026-04-26 00:21:47,821 P16372 INFO Epoch 9/10, train generator loss: 1.77548
2026-04-26 00:21:47,900 P16372 INFO Epoch 9/10, train discriminator loss: 0.99029
2026-04-26 00:21:48,058 P16372 INFO *** Test time is 0.15845870971679688
2026-04-26 00:21:48,058 P16372 INFO Epoch 9/10, test f1: 0.92308 rc: 1.00000 pc: 0.85714. [0.17s]
2026-04-26 00:21:48,058 P16372 INFO early stopping epoch 1/5
2026-04-26 00:21:48,138 P16372 INFO Threshold (p=95.0, src=val): 1.369196
2026-04-26 00:21:48,170 P16372 INFO *** Test F1 0.6667  of unsupervised traning
2026-04-26 00:21:48,170 P16372 INFO *** Best F1 {'f1': 0.9230769230769231, 'rc': 1.0, 'pc': 0.8571428571428571}  of unsupervised traning
2026-04-26 00:21:48,170 P16372 INFO Current hash id 2b46e652
