2026-04-24 00:02:14,333 P10224 INFO ^^^^^^^^^^ Current Model:hades, ae5daa2b ^^^^^^^^^^
2026-04-24 00:02:14,333 P10224 INFO Load from D:\UAC-AD\data\rcaeval_re3_ob
2026-04-24 00:02:18,022 P10224 INFO 301 unique log templates found.
2026-04-24 00:02:18,038 P10224 INFO Transforming unlabel train data.
2026-04-24 00:02:18,528 P10224 INFO Transforming test data.
2026-04-24 00:02:18,655 P10224 INFO 49 new templates show.
2026-04-24 00:02:19,740 P10224 INFO Data loaded done!
2026-04-24 00:02:55,867 P10224 INFO Known word number: 301
2026-04-24 00:04:04,044 P10224 INFO Epoch 0/5, train generator loss: 0.24797
2026-04-24 00:05:14,801 P10224 INFO Epoch 0/5, train discriminator loss: 1.88387
2026-04-24 00:05:20,836 P10224 INFO *** Test time is 6.030000925064087
2026-04-24 00:05:20,836 P10224 INFO Epoch 0/5, test f1: 0.35210 rc: 0.35886 pc: 0.34559. [135.10s]
2026-04-24 00:06:23,622 P10224 INFO Epoch 1/5, train generator loss: 0.15213
2026-04-24 00:07:28,270 P10224 INFO Epoch 1/5, train discriminator loss: 0.84285
2026-04-24 00:07:32,098 P10224 INFO *** Test time is 3.8164844512939453
2026-04-24 00:07:32,100 P10224 INFO Epoch 1/5, test f1: 0.34911 rc: 0.35585 pc: 0.34262. [127.35s]
2026-04-24 00:07:32,100 P10224 INFO early stopping epoch 1/3
2026-04-24 00:08:35,008 P10224 INFO Epoch 2/5, train generator loss: 0.14734
2026-04-24 00:09:36,695 P10224 INFO Epoch 2/5, train discriminator loss: 0.51614
2026-04-24 00:09:40,555 P10224 INFO *** Test time is 3.8486781120300293
2026-04-24 00:09:40,555 P10224 INFO Epoch 2/5, test f1: 0.35022 rc: 0.35678 pc: 0.34389. [124.61s]
2026-04-24 00:09:40,555 P10224 INFO early stopping epoch 2/3
2026-04-24 00:10:48,151 P10224 INFO Epoch 3/5, train generator loss: 0.13475
2026-04-24 00:11:49,288 P10224 INFO Epoch 3/5, train discriminator loss: 0.33166
2026-04-24 00:11:53,234 P10224 INFO *** Test time is 3.9458699226379395
2026-04-24 00:11:53,234 P10224 INFO Epoch 3/5, test f1: 0.35444 rc: 0.36141 pc: 0.34773. [128.73s]
2026-04-24 00:12:56,400 P10224 INFO Epoch 4/5, train generator loss: 0.13630
2026-04-24 00:13:58,094 P10224 INFO Epoch 4/5, train discriminator loss: 0.60473
2026-04-24 00:14:02,413 P10224 INFO *** Test time is 4.303253889083862
2026-04-24 00:14:02,413 P10224 INFO Epoch 4/5, test f1: 0.37623 rc: 0.38385 pc: 0.36891. [124.81s]
2026-04-24 00:14:39,730 P10224 INFO Threshold (p=95.0, src=unlabel(fallback)): 0.207300
2026-04-24 00:14:41,137 P10224 INFO *** Test F1 0.1522  of unsupervised traning
2026-04-24 00:14:41,137 P10224 INFO *** Best F1 {'f1': 0.3762331330082776, 'rc': 0.3838500694123091, 'pc': 0.36891260840560375}  of unsupervised traning
2026-04-24 00:14:41,495 P10224 INFO Current hash id ae5daa2b
