2026-04-15 22:27:07,349 P29320 INFO ^^^^^^^^^^ Current Model:hades, sn_5_1_l1_True_False_template_appear_False_False_40_False_add_multi_modal_self_attn_fuse_32_False_False_True_False_True_False_True_True_True_16_0 ^^^^^^^^^^
2026-04-15 22:27:07,349 P29320 INFO Load from ../data/sn
2026-04-15 22:27:07,902 P29320 INFO 375 unique log templates found.
2026-04-15 22:27:07,918 P29320 INFO Transforming unlabel train data.
2026-04-15 22:27:07,981 P29320 INFO Transforming test data.
2026-04-15 22:27:08,043 P29320 INFO 193 new templates show.
2026-04-15 22:27:08,084 P29320 INFO Transforming val data.
2026-04-15 22:27:08,084 P29320 INFO 77 new templates show.
2026-04-15 22:27:08,086 P29320 INFO Data loaded done!
2026-04-15 22:27:08,161 P29320 INFO Known word number: 375
2026-04-15 22:27:14,659 P29320 INFO Epoch 0/10, train generator loss: 1.30573
2026-04-15 22:27:14,838 P29320 INFO Epoch 0/10, train discriminator loss: 2.82697
2026-04-15 22:27:15,106 P29320 INFO *** Test time is 0.26834774017333984
2026-04-15 22:27:15,109 P29320 INFO Epoch 0/10, test f1: 0.80000 rc: 1.00000 pc: 0.66667. [1.35s]
2026-04-15 22:27:15,353 P29320 INFO Epoch 1/10, train generator loss: 1.20642
2026-04-15 22:27:15,524 P29320 INFO Epoch 1/10, train discriminator loss: 2.29025
2026-04-15 22:27:15,755 P29320 INFO *** Test time is 0.2303633689880371
2026-04-15 22:27:15,755 P29320 INFO Epoch 1/10, test f1: 0.80000 rc: 1.00000 pc: 0.66667. [0.40s]
2026-04-15 22:27:15,755 P29320 INFO early stopping epoch 1/5
2026-04-15 22:27:15,982 P29320 INFO Epoch 2/10, train generator loss: 1.24362
2026-04-15 22:27:16,161 P29320 INFO Epoch 2/10, train discriminator loss: 1.89102
2026-04-15 22:27:16,392 P29320 INFO *** Test time is 0.23021674156188965
2026-04-15 22:27:16,392 P29320 INFO Epoch 2/10, test f1: 0.80000 rc: 1.00000 pc: 0.66667. [0.41s]
2026-04-15 22:27:16,392 P29320 INFO early stopping epoch 2/5
2026-04-15 22:27:16,606 P29320 INFO Epoch 3/10, train generator loss: 1.30705
2026-04-15 22:27:16,792 P29320 INFO Epoch 3/10, train discriminator loss: 1.59964
2026-04-15 22:27:17,037 P29320 INFO *** Test time is 0.2441854476928711
2026-04-15 22:27:17,037 P29320 INFO Epoch 3/10, test f1: 0.85714 rc: 1.00000 pc: 0.75000. [0.40s]
2026-04-15 22:27:17,268 P29320 INFO Epoch 4/10, train generator loss: 1.38820
2026-04-15 22:27:17,441 P29320 INFO Epoch 4/10, train discriminator loss: 1.39244
2026-04-15 22:27:17,678 P29320 INFO *** Test time is 0.2375173568725586
2026-04-15 22:27:17,678 P29320 INFO Epoch 4/10, test f1: 0.85714 rc: 1.00000 pc: 0.75000. [0.38s]
2026-04-15 22:27:17,678 P29320 INFO early stopping epoch 1/5
2026-04-15 22:27:17,886 P29320 INFO Epoch 5/10, train generator loss: 1.50524
2026-04-15 22:27:18,064 P29320 INFO Epoch 5/10, train discriminator loss: 1.22453
2026-04-15 22:27:18,378 P29320 INFO *** Test time is 0.31434154510498047
2026-04-15 22:27:18,378 P29320 INFO Epoch 5/10, test f1: 0.85714 rc: 1.00000 pc: 0.75000. [0.39s]
2026-04-15 22:27:18,378 P29320 INFO early stopping epoch 2/5
2026-04-15 22:27:18,632 P29320 INFO Epoch 6/10, train generator loss: 1.63460
2026-04-15 22:27:18,831 P29320 INFO Epoch 6/10, train discriminator loss: 1.09178
2026-04-15 22:27:19,194 P29320 INFO *** Test time is 0.3575565814971924
2026-04-15 22:27:19,194 P29320 INFO Epoch 6/10, test f1: 0.85714 rc: 1.00000 pc: 0.75000. [0.45s]
2026-04-15 22:27:19,194 P29320 INFO early stopping epoch 3/5
2026-04-15 22:27:19,442 P29320 INFO Epoch 7/10, train generator loss: 1.75083
2026-04-15 22:27:19,586 P29320 INFO Epoch 7/10, train discriminator loss: 0.99276
2026-04-15 22:27:19,829 P29320 INFO *** Test time is 0.24238872528076172
2026-04-15 22:27:19,829 P29320 INFO Epoch 7/10, test f1: 0.85714 rc: 1.00000 pc: 0.75000. [0.39s]
2026-04-15 22:27:19,829 P29320 INFO early stopping epoch 4/5
2026-04-15 22:27:20,049 P29320 INFO Epoch 8/10, train generator loss: 1.84560
2026-04-15 22:27:20,224 P29320 INFO Epoch 8/10, train discriminator loss: 0.94206
2026-04-15 22:27:20,494 P29320 INFO *** Test time is 0.2698967456817627
2026-04-15 22:27:20,494 P29320 INFO Epoch 8/10, test f1: 0.80000 rc: 1.00000 pc: 0.66667. [0.40s]
2026-04-15 22:27:20,494 P29320 INFO early stopping epoch 5/5
2026-04-15 22:27:20,494 P29320 INFO Early stopping
2026-04-15 22:27:20,662 P29320 INFO Threshold (p=95.0, src=val): 1.354384
2026-04-15 22:27:20,718 P29320 INFO *** Test F1 0.6667  of unsupervised traning
2026-04-15 22:27:20,718 P29320 INFO *** Best F1 {'f1': 0.8571428571428571, 'rc': 1.0, 'pc': 0.75}  of unsupervised traning
2026-04-15 22:27:20,725 P29320 INFO Current hash id sn_5_1_l1_True_False_template_appear_False_False_40_False_add_multi_modal_self_attn_fuse_32_False_False_True_False_True_False_True_True_True_16_0
