2026-04-26 00:21:55,830 P4372 INFO ^^^^^^^^^^ Current Model:hades, 2bbf36d8 ^^^^^^^^^^
2026-04-26 00:21:55,830 P4372 INFO Load from ../data/sn
2026-04-26 00:21:56,180 P4372 INFO 375 unique log templates found.
2026-04-26 00:21:56,196 P4372 INFO Transforming unlabel train data.
2026-04-26 00:21:56,227 P4372 INFO Transforming test data.
2026-04-26 00:21:56,259 P4372 INFO 197 new templates show.
2026-04-26 00:21:56,291 P4372 INFO Transforming val data.
2026-04-26 00:21:56,291 P4372 INFO 77 new templates show.
2026-04-26 00:21:56,291 P4372 INFO Data loaded done!
2026-04-26 00:21:56,323 P4372 INFO Known word number: 375
2026-04-26 00:21:59,657 P4372 INFO Epoch 0/10, train generator loss: 1.24845
2026-04-26 00:21:59,762 P4372 INFO Epoch 0/10, train discriminator loss: 2.75924
2026-04-26 00:21:59,939 P4372 INFO *** Test time is 0.17775583267211914
2026-04-26 00:21:59,939 P4372 INFO Epoch 0/10, test f1: 0.92308 rc: 1.00000 pc: 0.85714. [0.61s]
2026-04-26 00:22:00,069 P4372 INFO Epoch 1/10, train generator loss: 1.18915
2026-04-26 00:22:00,146 P4372 INFO Epoch 1/10, train discriminator loss: 2.23744
2026-04-26 00:22:00,288 P4372 INFO *** Test time is 0.14192533493041992
2026-04-26 00:22:00,288 P4372 INFO Epoch 1/10, test f1: 0.92308 rc: 1.00000 pc: 0.85714. [0.19s]
2026-04-26 00:22:00,288 P4372 INFO early stopping epoch 1/5
2026-04-26 00:22:00,410 P4372 INFO Epoch 2/10, train generator loss: 1.22097
2026-04-26 00:22:00,525 P4372 INFO Epoch 2/10, train discriminator loss: 1.84279
2026-04-26 00:22:00,715 P4372 INFO *** Test time is 0.1899864673614502
2026-04-26 00:22:00,715 P4372 INFO Epoch 2/10, test f1: 0.92308 rc: 1.00000 pc: 0.85714. [0.24s]
2026-04-26 00:22:00,715 P4372 INFO early stopping epoch 2/5
2026-04-26 00:22:00,877 P4372 INFO Epoch 3/10, train generator loss: 1.29006
2026-04-26 00:22:00,981 P4372 INFO Epoch 3/10, train discriminator loss: 1.53084
2026-04-26 00:22:01,173 P4372 INFO *** Test time is 0.19281983375549316
2026-04-26 00:22:01,173 P4372 INFO Epoch 3/10, test f1: 0.92308 rc: 1.00000 pc: 0.85714. [0.27s]
2026-04-26 00:22:01,173 P4372 INFO early stopping epoch 3/5
2026-04-26 00:22:01,335 P4372 INFO Epoch 4/10, train generator loss: 1.37379
2026-04-26 00:22:01,444 P4372 INFO Epoch 4/10, train discriminator loss: 1.31044
2026-04-26 00:22:01,650 P4372 INFO *** Test time is 0.20586705207824707
2026-04-26 00:22:01,650 P4372 INFO Epoch 4/10, test f1: 0.92308 rc: 1.00000 pc: 0.85714. [0.27s]
2026-04-26 00:22:01,650 P4372 INFO early stopping epoch 4/5
2026-04-26 00:22:01,842 P4372 INFO Epoch 5/10, train generator loss: 1.47060
2026-04-26 00:22:01,935 P4372 INFO Epoch 5/10, train discriminator loss: 1.17318
2026-04-26 00:22:02,125 P4372 INFO *** Test time is 0.18986725807189941
2026-04-26 00:22:02,125 P4372 INFO Epoch 5/10, test f1: 0.92308 rc: 1.00000 pc: 0.85714. [0.28s]
2026-04-26 00:22:02,125 P4372 INFO early stopping epoch 5/5
2026-04-26 00:22:02,125 P4372 INFO Early stopping
2026-04-26 00:22:02,251 P4372 INFO Threshold (p=95.0, src=val): 1.384590
2026-04-26 00:22:02,299 P4372 INFO *** Test F1 0.5217  of unsupervised traning
2026-04-26 00:22:02,299 P4372 INFO *** Best F1 {'f1': 0.9230769230769231, 'rc': 1.0, 'pc': 0.8571428571428571}  of unsupervised traning
2026-04-26 00:22:02,299 P4372 INFO Current hash id 2bbf36d8
