2026-04-26 00:20:53,741 P22504 INFO ^^^^^^^^^^ Current Model:hades, af94a7dd ^^^^^^^^^^
2026-04-26 00:20:53,741 P22504 INFO Load from ../data/sn
2026-04-26 00:20:54,075 P22504 INFO 375 unique log templates found.
2026-04-26 00:20:54,075 P22504 INFO Transforming unlabel train data.
2026-04-26 00:20:54,122 P22504 INFO Transforming test data.
2026-04-26 00:20:54,154 P22504 INFO 193 new templates show.
2026-04-26 00:20:54,186 P22504 INFO Transforming val data.
2026-04-26 00:20:54,186 P22504 INFO 77 new templates show.
2026-04-26 00:20:54,186 P22504 INFO Data loaded done!
2026-04-26 00:20:54,218 P22504 INFO Known word number: 375
2026-04-26 00:20:57,526 P22504 INFO Epoch 0/10, train generator loss: 1.27818
2026-04-26 00:20:57,623 P22504 INFO Epoch 0/10, train discriminator loss: 2.79120
2026-04-26 00:20:57,777 P22504 INFO *** Test time is 0.1543111801147461
2026-04-26 00:20:57,777 P22504 INFO Epoch 0/10, test f1: 1.00000 rc: 1.00000 pc: 1.00000. [0.62s]
2026-04-26 00:20:57,907 P22504 INFO Epoch 1/10, train generator loss: 1.21170
2026-04-26 00:20:58,001 P22504 INFO Epoch 1/10, train discriminator loss: 2.25356
2026-04-26 00:20:58,124 P22504 INFO *** Test time is 0.12293171882629395
2026-04-26 00:20:58,124 P22504 INFO Epoch 1/10, test f1: 1.00000 rc: 1.00000 pc: 1.00000. [0.21s]
2026-04-26 00:20:58,124 P22504 INFO early stopping epoch 1/5
2026-04-26 00:20:58,250 P22504 INFO Epoch 2/10, train generator loss: 1.22864
2026-04-26 00:20:58,328 P22504 INFO Epoch 2/10, train discriminator loss: 1.87990
2026-04-26 00:20:58,487 P22504 INFO *** Test time is 0.15880417823791504
2026-04-26 00:20:58,487 P22504 INFO Epoch 2/10, test f1: 1.00000 rc: 1.00000 pc: 1.00000. [0.20s]
2026-04-26 00:20:58,487 P22504 INFO early stopping epoch 2/5
2026-04-26 00:20:58,581 P22504 INFO Epoch 3/10, train generator loss: 1.29376
2026-04-26 00:20:58,660 P22504 INFO Epoch 3/10, train discriminator loss: 1.57414
2026-04-26 00:20:58,801 P22504 INFO *** Test time is 0.1413257122039795
2026-04-26 00:20:58,801 P22504 INFO Epoch 3/10, test f1: 1.00000 rc: 1.00000 pc: 1.00000. [0.17s]
2026-04-26 00:20:58,801 P22504 INFO early stopping epoch 3/5
2026-04-26 00:20:58,943 P22504 INFO Epoch 4/10, train generator loss: 1.38165
2026-04-26 00:20:59,070 P22504 INFO Epoch 4/10, train discriminator loss: 1.34999
2026-04-26 00:20:59,244 P22504 INFO *** Test time is 0.17430639266967773
2026-04-26 00:20:59,244 P22504 INFO Epoch 4/10, test f1: 1.00000 rc: 1.00000 pc: 1.00000. [0.27s]
2026-04-26 00:20:59,244 P22504 INFO early stopping epoch 4/5
2026-04-26 00:20:59,419 P22504 INFO Epoch 5/10, train generator loss: 1.48005
2026-04-26 00:20:59,512 P22504 INFO Epoch 5/10, train discriminator loss: 1.19244
2026-04-26 00:20:59,715 P22504 INFO *** Test time is 0.20311307907104492
2026-04-26 00:20:59,715 P22504 INFO Epoch 5/10, test f1: 1.00000 rc: 1.00000 pc: 1.00000. [0.27s]
2026-04-26 00:20:59,715 P22504 INFO early stopping epoch 5/5
2026-04-26 00:20:59,715 P22504 INFO Early stopping
2026-04-26 00:20:59,905 P22504 INFO Threshold (p=95.0, src=val): 1.396171
2026-04-26 00:20:59,953 P22504 INFO *** Test F1 0.5000  of unsupervised traning
2026-04-26 00:20:59,953 P22504 INFO *** Best F1 {'f1': 1.0, 'rc': 1.0, 'pc': 1.0}  of unsupervised traning
2026-04-26 00:20:59,968 P22504 INFO Current hash id af94a7dd
