2026-04-19 07:28:17,421 P9920 INFO ^^^^^^^^^^ Current Model:hades, 077c80a6 ^^^^^^^^^^
2026-04-19 07:28:17,421 P9920 INFO Load from D:\UAC-AD\data\rcaeval_ob
2026-04-19 07:28:22,151 P9920 INFO 40 unique log templates found.
2026-04-19 07:28:22,171 P9920 INFO Transforming unlabel train data.
2026-04-19 07:28:22,953 P9920 INFO Transforming test data.
2026-04-19 07:28:23,244 P9920 INFO 1 new templates show.
2026-04-19 07:28:24,680 P9920 INFO Data loaded done!
2026-04-19 07:30:24,422 P9920 INFO Known word number: 40
2026-04-19 07:33:27,696 P9920 INFO Epoch 0/5, train generator loss: 0.21475
2026-04-19 07:36:11,321 P9920 INFO Epoch 0/5, train discriminator loss: 0.42472
2026-04-19 07:36:19,574 P9920 INFO *** Test time is 8.246806859970093
2026-04-19 07:36:19,582 P9920 INFO Epoch 0/5, test f1: 0.45674 rc: 0.46647 pc: 0.44740. [342.39s]
2026-04-19 07:39:24,645 P9920 INFO Epoch 1/5, train generator loss: 0.11498
2026-04-19 07:42:11,166 P9920 INFO Epoch 1/5, train discriminator loss: 0.09996
2026-04-19 07:42:16,936 P9920 INFO *** Test time is 5.762554883956909
2026-04-19 07:42:16,937 P9920 INFO Epoch 1/5, test f1: 0.57855 rc: 0.54761 pc: 0.61319. [351.52s]
2026-04-19 07:45:26,795 P9920 INFO Epoch 2/5, train generator loss: 0.10558
2026-04-19 07:48:14,647 P9920 INFO Epoch 2/5, train discriminator loss: 0.16216
2026-04-19 07:48:20,255 P9920 INFO *** Test time is 5.603781700134277
2026-04-19 07:48:20,256 P9920 INFO Epoch 2/5, test f1: 0.56622 rc: 0.57760 pc: 0.55529. [357.65s]
2026-04-19 07:48:20,256 P9920 INFO early stopping epoch 1/3
2026-04-19 07:51:25,792 P9920 INFO Epoch 3/5, train generator loss: 0.09950
2026-04-19 07:54:15,941 P9920 INFO Epoch 3/5, train discriminator loss: 0.44313
2026-04-19 07:54:21,942 P9920 INFO *** Test time is 5.997278928756714
2026-04-19 07:54:21,942 P9920 INFO Epoch 3/5, test f1: 0.57735 rc: 0.58808 pc: 0.56700. [355.69s]
2026-04-19 07:54:21,942 P9920 INFO early stopping epoch 2/3
2026-04-19 07:57:27,379 P9920 INFO Epoch 4/5, train generator loss: 0.06422
2026-04-19 08:00:13,732 P9920 INFO Epoch 4/5, train discriminator loss: 0.74681
2026-04-19 08:00:19,593 P9920 INFO *** Test time is 5.855752944946289
2026-04-19 08:00:19,593 P9920 INFO Epoch 4/5, test f1: 0.58714 rc: 0.59740 pc: 0.57723. [351.79s]
2026-04-19 08:02:03,644 P9920 INFO Threshold (p=95.0, src=unlabel(fallback)): 0.172393
2026-04-19 08:02:06,601 P9920 INFO *** Test F1 0.5772  of unsupervised traning
2026-04-19 08:02:06,601 P9920 INFO *** Best F1 {'f1': 0.5871410855671086, 'rc': 0.5973988158788702, 'pc': 0.5772296726999906}  of unsupervised traning
2026-04-19 08:02:06,816 P9920 INFO Current hash id 077c80a6
