2026-04-26 00:23:39,424 P11076 INFO ^^^^^^^^^^ Current Model:hades, a168ed59 ^^^^^^^^^^
2026-04-26 00:23:39,424 P11076 INFO Load from ../data/sn
2026-04-26 00:23:39,646 P11076 INFO 375 unique log templates found.
2026-04-26 00:23:39,646 P11076 INFO Transforming unlabel train data.
2026-04-26 00:23:39,694 P11076 INFO Transforming test data.
2026-04-26 00:23:39,710 P11076 INFO 185 new templates show.
2026-04-26 00:23:39,742 P11076 INFO Transforming val data.
2026-04-26 00:23:39,742 P11076 INFO 77 new templates show.
2026-04-26 00:23:39,742 P11076 INFO Data loaded done!
2026-04-26 00:23:39,790 P11076 INFO Known word number: 375
2026-04-26 00:23:43,330 P11076 INFO Epoch 0/10, train generator loss: 1.50109
2026-04-26 00:23:43,521 P11076 INFO Epoch 0/10, train discriminator loss: 5.64620
2026-04-26 00:23:43,693 P11076 INFO *** Test time is 0.17193031311035156
2026-04-26 00:23:43,693 P11076 INFO Epoch 0/10, test f1: 1.00000 rc: 1.00000 pc: 1.00000. [0.81s]
2026-04-26 00:23:43,877 P11076 INFO Epoch 1/10, train generator loss: 1.39314
2026-04-26 00:23:43,999 P11076 INFO Epoch 1/10, train discriminator loss: 4.99002
2026-04-26 00:23:44,151 P11076 INFO *** Test time is 0.15170764923095703
2026-04-26 00:23:44,151 P11076 INFO Epoch 1/10, test f1: 1.00000 rc: 1.00000 pc: 1.00000. [0.29s]
2026-04-26 00:23:44,151 P11076 INFO early stopping epoch 1/5
2026-04-26 00:23:44,294 P11076 INFO Epoch 2/10, train generator loss: 1.36609
2026-04-26 00:23:44,436 P11076 INFO Epoch 2/10, train discriminator loss: 4.60476
2026-04-26 00:23:44,659 P11076 INFO *** Test time is 0.22260022163391113
2026-04-26 00:23:44,659 P11076 INFO Epoch 2/10, test f1: 1.00000 rc: 1.00000 pc: 1.00000. [0.28s]
2026-04-26 00:23:44,659 P11076 INFO early stopping epoch 2/5
2026-04-26 00:23:44,835 P11076 INFO Epoch 3/10, train generator loss: 1.38263
2026-04-26 00:23:44,990 P11076 INFO Epoch 3/10, train discriminator loss: 4.30842
2026-04-26 00:23:45,197 P11076 INFO *** Test time is 0.20686912536621094
2026-04-26 00:23:45,197 P11076 INFO Epoch 3/10, test f1: 1.00000 rc: 1.00000 pc: 1.00000. [0.33s]
2026-04-26 00:23:45,197 P11076 INFO early stopping epoch 3/5
2026-04-26 00:23:45,401 P11076 INFO Epoch 4/10, train generator loss: 1.40496
2026-04-26 00:23:45,565 P11076 INFO Epoch 4/10, train discriminator loss: 4.12601
2026-04-26 00:23:45,687 P11076 INFO *** Test time is 0.12154173851013184
2026-04-26 00:23:45,687 P11076 INFO Epoch 4/10, test f1: 1.00000 rc: 1.00000 pc: 1.00000. [0.37s]
2026-04-26 00:23:45,687 P11076 INFO early stopping epoch 4/5
2026-04-26 00:23:45,839 P11076 INFO Epoch 5/10, train generator loss: 1.43563
2026-04-26 00:23:45,935 P11076 INFO Epoch 5/10, train discriminator loss: 4.03416
2026-04-26 00:23:46,081 P11076 INFO *** Test time is 0.1465311050415039
2026-04-26 00:23:46,081 P11076 INFO Epoch 5/10, test f1: 1.00000 rc: 1.00000 pc: 1.00000. [0.25s]
2026-04-26 00:23:46,081 P11076 INFO early stopping epoch 5/5
2026-04-26 00:23:46,081 P11076 INFO Early stopping
2026-04-26 00:23:46,160 P11076 INFO Threshold (p=95.0, src=val): 1.769495
2026-04-26 00:23:46,208 P11076 INFO *** Test F1 0.9231  of unsupervised traning
2026-04-26 00:23:46,208 P11076 INFO *** Best F1 {'f1': 1.0, 'rc': 1.0, 'pc': 1.0}  of unsupervised traning
2026-04-26 00:23:46,208 P11076 INFO Current hash id a168ed59
