2026-04-24 09:43:12,077 P15452 INFO ^^^^^^^^^^ Current Model:hades, 6d3e1c45 ^^^^^^^^^^
2026-04-24 09:43:12,077 P15452 INFO Load from D:\UAC-AD\data\rcaeval_re2_ob
2026-04-24 09:43:18,208 P15452 INFO 40 unique log templates found.
2026-04-24 09:43:18,224 P15452 INFO Transforming unlabel train data.
2026-04-24 09:43:18,983 P15452 INFO Transforming test data.
2026-04-24 09:43:19,237 P15452 INFO 7 new templates show.
2026-04-24 09:43:20,476 P15452 INFO Data loaded done!
2026-04-24 09:44:59,685 P15452 INFO Known word number: 40
2026-04-24 09:48:08,353 P15452 INFO Epoch 0/5, train generator loss: 0.22111
2026-04-24 09:51:09,625 P15452 INFO Epoch 0/5, train discriminator loss: 0.91366
2026-04-24 09:51:16,274 P15452 INFO *** Test time is 6.648372173309326
2026-04-24 09:51:16,290 P15452 INFO Epoch 0/5, test f1: 0.71334 rc: 0.69250 pc: 0.73546. [365.12s]
2026-04-24 09:54:19,435 P15452 INFO Epoch 1/5, train generator loss: 0.11600
2026-04-24 09:57:18,004 P15452 INFO Epoch 1/5, train discriminator loss: 0.21013
2026-04-24 09:57:24,993 P15452 INFO *** Test time is 6.980397939682007
2026-04-24 09:57:24,993 P15452 INFO Epoch 1/5, test f1: 0.72132 rc: 0.68276 pc: 0.76449. [361.67s]
2026-04-24 10:00:28,548 P15452 INFO Epoch 2/5, train generator loss: 0.11808
2026-04-24 10:03:24,575 P15452 INFO Epoch 2/5, train discriminator loss: 0.06959
2026-04-24 10:03:31,269 P15452 INFO *** Test time is 6.676160097122192
2026-04-24 10:03:31,269 P15452 INFO Epoch 2/5, test f1: 0.74010 rc: 0.70108 pc: 0.78373. [359.51s]
2026-04-24 10:06:35,310 P15452 INFO Epoch 3/5, train generator loss: 0.11596
2026-04-24 10:09:43,237 P15452 INFO Epoch 3/5, train discriminator loss: 0.57384
2026-04-24 10:09:50,147 P15452 INFO *** Test time is 6.910511016845703
2026-04-24 10:09:50,147 P15452 INFO Epoch 3/5, test f1: 0.76956 rc: 0.72720 pc: 0.81716. [371.92s]
2026-04-24 10:12:54,365 P15452 INFO Epoch 4/5, train generator loss: 0.07514
2026-04-24 10:15:52,166 P15452 INFO Epoch 4/5, train discriminator loss: 0.52778
2026-04-24 10:15:58,935 P15452 INFO *** Test time is 6.756467580795288
2026-04-24 10:15:58,935 P15452 INFO Epoch 4/5, test f1: 0.89679 rc: 0.89792 pc: 0.89567. [361.98s]
2026-04-24 10:17:43,991 P15452 INFO Threshold (p=95.0, src=unlabel(fallback)): 0.287699
2026-04-24 10:17:46,997 P15452 INFO *** Test F1 0.8745  of unsupervised traning
2026-04-24 10:17:46,997 P15452 INFO *** Best F1 {'f1': 0.8967940695099644, 'rc': 0.8979178716020821, 'pc': 0.895673076923077}  of unsupervised traning
2026-04-24 10:17:47,188 P15452 INFO Current hash id 6d3e1c45
