2026-04-19 15:47:41,888 P20716 INFO ^^^^^^^^^^ Current Model:hades, 09c8f2bd ^^^^^^^^^^
2026-04-19 15:47:41,889 P20716 INFO Load from D:\UAC-AD\data\rcaeval_re3_ob
2026-04-19 15:47:42,919 P20716 INFO 301 unique log templates found.
2026-04-19 15:47:42,934 P20716 INFO Transforming unlabel train data.
2026-04-19 15:47:43,403 P20716 INFO Transforming test data.
2026-04-19 15:47:43,553 P20716 INFO 20 new templates show.
2026-04-19 15:47:44,578 P20716 INFO Data loaded done!
2026-04-19 15:48:10,639 P20716 INFO Known word number: 301
2026-04-19 15:49:18,031 P20716 INFO Epoch 0/5, train generator loss: 0.20813
2026-04-19 15:50:20,489 P20716 INFO Epoch 0/5, train discriminator loss: 0.67588
2026-04-19 15:50:24,231 P20716 INFO *** Test time is 3.7372519969940186
2026-04-19 15:50:24,267 P20716 INFO Epoch 0/5, test f1: 0.84009 rc: 0.75609 pc: 0.94508. [126.33s]
2026-04-19 15:51:29,549 P20716 INFO Epoch 1/5, train generator loss: 0.16605
2026-04-19 15:52:34,640 P20716 INFO Epoch 1/5, train discriminator loss: 0.22484
2026-04-19 15:52:38,847 P20716 INFO *** Test time is 4.197122573852539
2026-04-19 15:52:38,848 P20716 INFO Epoch 1/5, test f1: 0.84016 rc: 0.75609 pc: 0.94526. [130.34s]
2026-04-19 15:53:46,462 P20716 INFO Epoch 2/5, train generator loss: 0.18789
2026-04-19 15:54:49,894 P20716 INFO Epoch 2/5, train discriminator loss: 0.47026
2026-04-19 15:54:53,990 P20716 INFO *** Test time is 4.092595815658569
2026-04-19 15:54:53,990 P20716 INFO Epoch 2/5, test f1: 0.83770 rc: 0.75439 pc: 0.94169. [131.02s]
2026-04-19 15:54:53,991 P20716 INFO early stopping epoch 1/3
2026-04-19 15:55:59,276 P20716 INFO Epoch 3/5, train generator loss: 0.16337
2026-04-19 15:57:01,899 P20716 INFO Epoch 3/5, train discriminator loss: 0.22050
2026-04-19 15:57:05,888 P20716 INFO *** Test time is 3.9798200130462646
2026-04-19 15:57:05,888 P20716 INFO Epoch 3/5, test f1: 0.83881 rc: 0.75501 pc: 0.94355. [127.92s]
2026-04-19 15:57:05,888 P20716 INFO early stopping epoch 2/3
2026-04-19 15:58:10,614 P20716 INFO Epoch 4/5, train generator loss: 0.15895
2026-04-19 15:59:11,290 P20716 INFO Epoch 4/5, train discriminator loss: 0.74565
2026-04-19 15:59:15,745 P20716 INFO *** Test time is 4.449439525604248
2026-04-19 15:59:15,747 P20716 INFO Epoch 4/5, test f1: 0.80671 rc: 0.75578 pc: 0.86501. [125.41s]
2026-04-19 15:59:15,747 P20716 INFO early stopping epoch 3/3
2026-04-19 15:59:15,747 P20716 INFO Early stopping
2026-04-19 15:59:52,452 P20716 INFO Threshold (p=95.0, src=unlabel(fallback)): 0.231810
2026-04-19 15:59:54,322 P20716 INFO *** Test F1 0.7697  of unsupervised traning
2026-04-19 15:59:54,322 P20716 INFO *** Best F1 {'f1': 0.8401576152132945, 'rc': 0.7560900400863398, 'pc': 0.9452582883577486}  of unsupervised traning
2026-04-19 15:59:54,507 P20716 INFO Current hash id 09c8f2bd
