2026-04-26 00:22:11,872 P17528 INFO ^^^^^^^^^^ Current Model:hades, d0c6bc73 ^^^^^^^^^^
2026-04-26 00:22:11,872 P17528 INFO Load from ../data/sn
2026-04-26 00:22:12,222 P17528 INFO 375 unique log templates found.
2026-04-26 00:22:12,222 P17528 INFO Transforming unlabel train data.
2026-04-26 00:22:12,270 P17528 INFO Transforming test data.
2026-04-26 00:22:12,286 P17528 INFO 197 new templates show.
2026-04-26 00:22:12,318 P17528 INFO Transforming val data.
2026-04-26 00:22:12,318 P17528 INFO 77 new templates show.
2026-04-26 00:22:12,318 P17528 INFO Data loaded done!
2026-04-26 00:22:12,366 P17528 INFO Known word number: 375
2026-04-26 00:22:15,671 P17528 INFO Epoch 0/10, train generator loss: 1.26173
2026-04-26 00:22:15,764 P17528 INFO Epoch 0/10, train discriminator loss: 2.80394
2026-04-26 00:22:15,923 P17528 INFO *** Test time is 0.15850019454956055
2026-04-26 00:22:15,923 P17528 INFO Epoch 0/10, test f1: 0.92308 rc: 1.00000 pc: 0.85714. [0.62s]
2026-04-26 00:22:16,056 P17528 INFO Epoch 1/10, train generator loss: 1.18088
2026-04-26 00:22:16,135 P17528 INFO Epoch 1/10, train discriminator loss: 2.29659
2026-04-26 00:22:16,272 P17528 INFO *** Test time is 0.1366734504699707
2026-04-26 00:22:16,272 P17528 INFO Epoch 1/10, test f1: 1.00000 rc: 1.00000 pc: 1.00000. [0.20s]
2026-04-26 00:22:16,408 P17528 INFO Epoch 2/10, train generator loss: 1.20949
2026-04-26 00:22:16,497 P17528 INFO Epoch 2/10, train discriminator loss: 1.89719
2026-04-26 00:22:16,621 P17528 INFO *** Test time is 0.1242988109588623
2026-04-26 00:22:16,621 P17528 INFO Epoch 2/10, test f1: 1.00000 rc: 1.00000 pc: 1.00000. [0.21s]
2026-04-26 00:22:16,621 P17528 INFO early stopping epoch 1/5
2026-04-26 00:22:16,741 P17528 INFO Epoch 3/10, train generator loss: 1.27661
2026-04-26 00:22:16,826 P17528 INFO Epoch 3/10, train discriminator loss: 1.57921
2026-04-26 00:22:16,953 P17528 INFO *** Test time is 0.12630295753479004
2026-04-26 00:22:16,953 P17528 INFO Epoch 3/10, test f1: 0.92308 rc: 1.00000 pc: 0.85714. [0.21s]
2026-04-26 00:22:16,953 P17528 INFO early stopping epoch 2/5
2026-04-26 00:22:17,089 P17528 INFO Epoch 4/10, train generator loss: 1.36729
2026-04-26 00:22:17,198 P17528 INFO Epoch 4/10, train discriminator loss: 1.33994
2026-04-26 00:22:17,378 P17528 INFO *** Test time is 0.17998456954956055
2026-04-26 00:22:17,378 P17528 INFO Epoch 4/10, test f1: 0.92308 rc: 1.00000 pc: 0.85714. [0.25s]
2026-04-26 00:22:17,378 P17528 INFO early stopping epoch 3/5
2026-04-26 00:22:17,554 P17528 INFO Epoch 5/10, train generator loss: 1.46937
2026-04-26 00:22:17,663 P17528 INFO Epoch 5/10, train discriminator loss: 1.17737
2026-04-26 00:22:17,884 P17528 INFO *** Test time is 0.2055213451385498
2026-04-26 00:22:17,884 P17528 INFO Epoch 5/10, test f1: 0.92308 rc: 1.00000 pc: 0.85714. [0.28s]
2026-04-26 00:22:17,884 P17528 INFO early stopping epoch 4/5
2026-04-26 00:22:18,043 P17528 INFO Epoch 6/10, train generator loss: 1.57513
2026-04-26 00:22:18,163 P17528 INFO Epoch 6/10, train discriminator loss: 1.09361
2026-04-26 00:22:18,360 P17528 INFO *** Test time is 0.19677090644836426
2026-04-26 00:22:18,360 P17528 INFO Epoch 6/10, test f1: 0.92308 rc: 1.00000 pc: 0.85714. [0.28s]
2026-04-26 00:22:18,360 P17528 INFO early stopping epoch 5/5
2026-04-26 00:22:18,360 P17528 INFO Early stopping
2026-04-26 00:22:18,518 P17528 INFO Threshold (p=95.0, src=val): 1.378945
2026-04-26 00:22:18,566 P17528 INFO *** Test F1 0.6316  of unsupervised traning
2026-04-26 00:22:18,566 P17528 INFO *** Best F1 {'f1': 1.0, 'rc': 1.0, 'pc': 1.0}  of unsupervised traning
2026-04-26 00:22:18,582 P17528 INFO Current hash id d0c6bc73
