2026-04-26 00:19:55,843 P14388 INFO ^^^^^^^^^^ Current Model:hades, 52ae1255 ^^^^^^^^^^
2026-04-26 00:19:55,843 P14388 INFO Load from ../data/sn
2026-04-26 00:19:56,192 P14388 INFO 375 unique log templates found.
2026-04-26 00:19:56,196 P14388 INFO Transforming unlabel train data.
2026-04-26 00:19:56,224 P14388 INFO Transforming test data.
2026-04-26 00:19:56,255 P14388 INFO 136 new templates show.
2026-04-26 00:19:56,287 P14388 INFO Transforming val data.
2026-04-26 00:19:56,287 P14388 INFO 77 new templates show.
2026-04-26 00:19:56,287 P14388 INFO Data loaded done!
2026-04-26 00:19:56,319 P14388 INFO Known word number: 375
2026-04-26 00:19:59,695 P14388 INFO Epoch 0/10, train generator loss: 1.26899
2026-04-26 00:19:59,787 P14388 INFO Epoch 0/10, train discriminator loss: 2.69677
2026-04-26 00:19:59,984 P14388 INFO *** Test time is 0.18909549713134766
2026-04-26 00:19:59,984 P14388 INFO Epoch 0/10, test f1: 0.00000 rc: 0.00000 pc: 0.00000. [0.66s]
2026-04-26 00:20:00,146 P14388 INFO Epoch 1/10, train generator loss: 1.19220
2026-04-26 00:20:00,240 P14388 INFO Epoch 1/10, train discriminator loss: 2.18995
2026-04-26 00:20:00,378 P14388 INFO *** Test time is 0.1385345458984375
2026-04-26 00:20:00,378 P14388 INFO Epoch 1/10, test f1: 0.00000 rc: 0.00000 pc: 0.00000. [0.23s]
2026-04-26 00:20:00,378 P14388 INFO early stopping epoch 1/5
2026-04-26 00:20:00,489 P14388 INFO Epoch 2/10, train generator loss: 1.22754
2026-04-26 00:20:00,584 P14388 INFO Epoch 2/10, train discriminator loss: 1.82733
2026-04-26 00:20:00,725 P14388 INFO *** Test time is 0.14106059074401855
2026-04-26 00:20:00,725 P14388 INFO Epoch 2/10, test f1: 0.00000 rc: 0.00000 pc: 0.00000. [0.21s]
2026-04-26 00:20:00,725 P14388 INFO early stopping epoch 2/5
2026-04-26 00:20:00,851 P14388 INFO Epoch 3/10, train generator loss: 1.28854
2026-04-26 00:20:00,929 P14388 INFO Epoch 3/10, train discriminator loss: 1.54408
2026-04-26 00:20:01,072 P14388 INFO *** Test time is 0.14262652397155762
2026-04-26 00:20:01,072 P14388 INFO Epoch 3/10, test f1: 0.00000 rc: 0.00000 pc: 0.00000. [0.20s]
2026-04-26 00:20:01,072 P14388 INFO early stopping epoch 3/5
2026-04-26 00:20:01,176 P14388 INFO Epoch 4/10, train generator loss: 1.37496
2026-04-26 00:20:01,258 P14388 INFO Epoch 4/10, train discriminator loss: 1.32836
2026-04-26 00:20:01,437 P14388 INFO *** Test time is 0.1787405014038086
2026-04-26 00:20:01,437 P14388 INFO Epoch 4/10, test f1: 0.14286 rc: 0.16667 pc: 0.12500. [0.19s]
2026-04-26 00:20:01,628 P14388 INFO Epoch 5/10, train generator loss: 1.47697
2026-04-26 00:20:01,723 P14388 INFO Epoch 5/10, train discriminator loss: 1.19347
2026-04-26 00:20:01,925 P14388 INFO *** Test time is 0.20176362991333008
2026-04-26 00:20:01,925 P14388 INFO Epoch 5/10, test f1: 0.00000 rc: 0.00000 pc: 0.00000. [0.25s]
2026-04-26 00:20:01,927 P14388 INFO early stopping epoch 1/5
2026-04-26 00:20:02,073 P14388 INFO Epoch 6/10, train generator loss: 1.56918
2026-04-26 00:20:02,184 P14388 INFO Epoch 6/10, train discriminator loss: 1.13159
2026-04-26 00:20:02,387 P14388 INFO *** Test time is 0.20351123809814453
2026-04-26 00:20:02,387 P14388 INFO Epoch 6/10, test f1: 0.00000 rc: 0.00000 pc: 0.00000. [0.26s]
2026-04-26 00:20:02,387 P14388 INFO early stopping epoch 2/5
2026-04-26 00:20:02,535 P14388 INFO Epoch 7/10, train generator loss: 1.64694
2026-04-26 00:20:02,607 P14388 INFO Epoch 7/10, train discriminator loss: 1.10119
2026-04-26 00:20:02,765 P14388 INFO *** Test time is 0.15752840042114258
2026-04-26 00:20:02,765 P14388 INFO Epoch 7/10, test f1: 0.16667 rc: 0.16667 pc: 0.16667. [0.22s]
2026-04-26 00:20:02,884 P14388 INFO Epoch 8/10, train generator loss: 1.71834
2026-04-26 00:20:02,939 P14388 INFO Epoch 8/10, train discriminator loss: 1.06271
2026-04-26 00:20:03,112 P14388 INFO *** Test time is 0.17330646514892578
2026-04-26 00:20:03,112 P14388 INFO Epoch 8/10, test f1: 0.22222 rc: 0.16667 pc: 0.33333. [0.17s]
2026-04-26 00:20:03,235 P14388 INFO Epoch 9/10, train generator loss: 1.78761
2026-04-26 00:20:03,318 P14388 INFO Epoch 9/10, train discriminator loss: 1.02751
2026-04-26 00:20:03,476 P14388 INFO *** Test time is 0.15856122970581055
2026-04-26 00:20:03,476 P14388 INFO Epoch 9/10, test f1: 0.54545 rc: 0.50000 pc: 0.60000. [0.19s]
2026-04-26 00:20:03,615 P14388 INFO Threshold (p=95.0, src=val): 1.378244
2026-04-26 00:20:03,643 P14388 INFO *** Test F1 0.2857  of unsupervised traning
2026-04-26 00:20:03,643 P14388 INFO *** Best F1 {'f1': 0.5454545454545454, 'rc': 0.5, 'pc': 0.6}  of unsupervised traning
2026-04-26 00:20:03,645 P14388 INFO Current hash id 52ae1255
