2026-04-22 00:51:44,600 P18696 INFO ^^^^^^^^^^ Current Model:hades, fdd4b280 ^^^^^^^^^^
2026-04-22 00:51:44,600 P18696 INFO Load from D:\UAC-AD\data\rcaeval_re3_ob
2026-04-22 00:51:45,919 P18696 INFO 301 unique log templates found.
2026-04-22 00:51:45,936 P18696 INFO Transforming unlabel train data.
2026-04-22 00:51:46,477 P18696 INFO Transforming test data.
2026-04-22 00:51:46,600 P18696 INFO 20 new templates show.
2026-04-22 00:51:47,572 P18696 INFO Data loaded done!
2026-04-22 00:52:12,357 P18696 INFO Known word number: 301
2026-04-22 00:52:58,202 P18696 INFO Epoch 0/5, train generator loss: 0.18629
2026-04-22 00:53:55,501 P18696 INFO Epoch 0/5, train discriminator loss: 0.19326
2026-04-22 00:54:01,022 P18696 INFO *** Test time is 5.5158467292785645
2026-04-22 00:54:01,025 P18696 INFO Epoch 0/5, test f1: 0.82976 rc: 0.74378 pc: 0.93822. [99.52s]
2026-04-22 00:54:40,821 P18696 INFO Epoch 1/5, train generator loss: 0.12561
2026-04-22 00:55:22,797 P18696 INFO Epoch 1/5, train discriminator loss: 0.17924
2026-04-22 00:55:26,534 P18696 INFO *** Test time is 3.726653575897217
2026-04-22 00:55:26,535 P18696 INFO Epoch 1/5, test f1: 0.82926 rc: 0.74341 pc: 0.93753. [81.66s]
2026-04-22 00:55:26,535 P18696 INFO early stopping epoch 1/3
2026-04-22 00:56:10,251 P18696 INFO Epoch 2/5, train generator loss: 0.14314
2026-04-22 00:56:53,464 P18696 INFO Epoch 2/5, train discriminator loss: 0.29677
2026-04-22 00:56:57,197 P18696 INFO *** Test time is 3.72912335395813
2026-04-22 00:56:57,197 P18696 INFO Epoch 2/5, test f1: 0.82685 rc: 0.74156 pc: 0.93432. [86.92s]
2026-04-22 00:56:57,198 P18696 INFO early stopping epoch 2/3
2026-04-22 00:57:36,613 P18696 INFO Epoch 3/5, train generator loss: 0.13487
2026-04-22 00:58:13,131 P18696 INFO Epoch 3/5, train discriminator loss: 0.17084
2026-04-22 00:58:16,900 P18696 INFO *** Test time is 3.767608404159546
2026-04-22 00:58:16,900 P18696 INFO Epoch 3/5, test f1: 0.82864 rc: 0.74286 pc: 0.93683. [75.93s]
2026-04-22 00:58:16,900 P18696 INFO early stopping epoch 3/3
2026-04-22 00:58:16,901 P18696 INFO Early stopping
2026-04-22 00:58:41,224 P18696 INFO Threshold (p=95.0, src=unlabel(fallback)): 0.198387
2026-04-22 00:58:42,538 P18696 INFO *** Test F1 0.7582  of unsupervised traning
2026-04-22 00:58:42,539 P18696 INFO *** Best F1 {'f1': 0.8297630135568664, 'rc': 0.7437847866419295, 'pc': 0.9382167095717294}  of unsupervised traning
2026-04-22 00:58:42,887 P18696 INFO Current hash id fdd4b280
