2026-04-24 07:29:40,719 P7396 INFO ^^^^^^^^^^ Current Model:hades, a1f6be05 ^^^^^^^^^^
2026-04-24 07:29:40,719 P7396 INFO Load from D:\UAC-AD\data\rcaeval_re2_ob
2026-04-24 07:29:50,940 P7396 INFO 40 unique log templates found.
2026-04-24 07:29:50,951 P7396 INFO Transforming unlabel train data.
2026-04-24 07:29:51,715 P7396 INFO Transforming test data.
2026-04-24 07:29:52,006 P7396 INFO 1 new templates show.
2026-04-24 07:29:53,382 P7396 INFO Data loaded done!
2026-04-24 07:31:39,104 P7396 INFO Known word number: 40
2026-04-24 07:34:47,393 P7396 INFO Epoch 0/5, train generator loss: 0.24644
2026-04-24 07:37:51,615 P7396 INFO Epoch 0/5, train discriminator loss: 0.92258
2026-04-24 07:37:58,489 P7396 INFO *** Test time is 6.858293771743774
2026-04-24 07:37:58,489 P7396 INFO Epoch 0/5, test f1: 0.50057 rc: 0.48772 pc: 0.51412. [369.15s]
2026-04-24 07:41:00,198 P7396 INFO Epoch 1/5, train generator loss: 0.10444
2026-04-24 07:43:56,595 P7396 INFO Epoch 1/5, train discriminator loss: 0.78882
2026-04-24 07:44:03,483 P7396 INFO *** Test time is 6.879642724990845
2026-04-24 07:44:03,483 P7396 INFO Epoch 1/5, test f1: 0.62440 rc: 0.57838 pc: 0.67839. [358.07s]
2026-04-24 07:47:06,325 P7396 INFO Epoch 2/5, train generator loss: 0.07369
2026-04-24 07:50:00,131 P7396 INFO Epoch 2/5, train discriminator loss: 0.37562
2026-04-24 07:50:06,789 P7396 INFO *** Test time is 6.656119346618652
2026-04-24 07:50:06,789 P7396 INFO Epoch 2/5, test f1: 0.62450 rc: 0.63913 pc: 0.61051. [356.60s]
2026-04-24 07:53:12,745 P7396 INFO Epoch 3/5, train generator loss: 0.06254
2026-04-24 07:56:08,460 P7396 INFO Epoch 3/5, train discriminator loss: 0.19525
2026-04-24 07:56:15,091 P7396 INFO *** Test time is 6.630809545516968
2026-04-24 07:56:15,091 P7396 INFO Epoch 3/5, test f1: 0.59325 rc: 0.60778 pc: 0.57939. [361.62s]
2026-04-24 07:56:15,091 P7396 INFO early stopping epoch 1/3
2026-04-24 07:59:21,607 P7396 INFO Epoch 4/5, train generator loss: 0.06061
2026-04-24 08:02:21,008 P7396 INFO Epoch 4/5, train discriminator loss: 0.40278
2026-04-24 08:02:28,218 P7396 INFO *** Test time is 7.210797071456909
2026-04-24 08:02:28,218 P7396 INFO Epoch 4/5, test f1: 0.60313 rc: 0.61642 pc: 0.59041. [365.92s]
2026-04-24 08:02:28,218 P7396 INFO early stopping epoch 2/3
2026-04-24 08:04:13,878 P7396 INFO Threshold (p=95.0, src=unlabel(fallback)): 0.272771
2026-04-24 08:04:16,886 P7396 INFO *** Test F1 0.5342  of unsupervised traning
2026-04-24 08:04:16,886 P7396 INFO *** Best F1 {'f1': 0.6244961828441368, 'rc': 0.6391342327477434, 'pc': 0.6105136287780456}  of unsupervised traning
2026-04-24 08:04:17,140 P7396 INFO Current hash id a1f6be05
