2026-04-15 22:28:10,359 P28296 INFO ^^^^^^^^^^ Current Model:hades, sn_5_1_l1_True_False_template_appear_False_False_40_False_add_multi_modal_self_attn_fuse_32_False_False_True_False_True_False_True_True_True_16_0 ^^^^^^^^^^
2026-04-15 22:28:10,361 P28296 INFO Load from ../data/sn
2026-04-15 22:28:11,120 P28296 INFO 375 unique log templates found.
2026-04-15 22:28:11,136 P28296 INFO Transforming unlabel train data.
2026-04-15 22:28:11,246 P28296 INFO Transforming test data.
2026-04-15 22:28:11,335 P28296 INFO 197 new templates show.
2026-04-15 22:28:11,408 P28296 INFO Transforming val data.
2026-04-15 22:28:11,408 P28296 INFO 77 new templates show.
2026-04-15 22:28:11,416 P28296 INFO Data loaded done!
2026-04-15 22:28:11,483 P28296 INFO Known word number: 375
2026-04-15 22:28:18,727 P28296 INFO Epoch 0/10, train generator loss: 1.25190
2026-04-15 22:28:18,936 P28296 INFO Epoch 0/10, train discriminator loss: 2.79495
2026-04-15 22:28:19,273 P28296 INFO *** Test time is 0.33710503578186035
2026-04-15 22:28:19,273 P28296 INFO Epoch 0/10, test f1: 0.92308 rc: 1.00000 pc: 0.85714. [1.43s]
2026-04-15 22:28:19,564 P28296 INFO Epoch 1/10, train generator loss: 1.24743
2026-04-15 22:28:19,785 P28296 INFO Epoch 1/10, train discriminator loss: 2.26983
2026-04-15 22:28:20,172 P28296 INFO *** Test time is 0.3869335651397705
2026-04-15 22:28:20,172 P28296 INFO Epoch 1/10, test f1: 1.00000 rc: 1.00000 pc: 1.00000. [0.48s]
2026-04-15 22:28:20,435 P28296 INFO Epoch 2/10, train generator loss: 1.23020
2026-04-15 22:28:20,610 P28296 INFO Epoch 2/10, train discriminator loss: 1.91005
2026-04-15 22:28:20,930 P28296 INFO *** Test time is 0.31958675384521484
2026-04-15 22:28:20,930 P28296 INFO Epoch 2/10, test f1: 0.92308 rc: 1.00000 pc: 0.85714. [0.41s]
2026-04-15 22:28:20,932 P28296 INFO early stopping epoch 1/5
2026-04-15 22:28:21,191 P28296 INFO Epoch 3/10, train generator loss: 1.28909
2026-04-15 22:28:21,381 P28296 INFO Epoch 3/10, train discriminator loss: 1.61391
2026-04-15 22:28:21,699 P28296 INFO *** Test time is 0.3179197311401367
2026-04-15 22:28:21,699 P28296 INFO Epoch 3/10, test f1: 1.00000 rc: 1.00000 pc: 1.00000. [0.45s]
2026-04-15 22:28:21,699 P28296 INFO early stopping epoch 2/5
2026-04-15 22:28:21,923 P28296 INFO Epoch 4/10, train generator loss: 1.37760
2026-04-15 22:28:22,107 P28296 INFO Epoch 4/10, train discriminator loss: 1.39625
2026-04-15 22:28:22,385 P28296 INFO *** Test time is 0.2779390811920166
2026-04-15 22:28:22,385 P28296 INFO Epoch 4/10, test f1: 1.00000 rc: 1.00000 pc: 1.00000. [0.41s]
2026-04-15 22:28:22,385 P28296 INFO early stopping epoch 3/5
2026-04-15 22:28:22,599 P28296 INFO Epoch 5/10, train generator loss: 1.48172
2026-04-15 22:28:22,777 P28296 INFO Epoch 5/10, train discriminator loss: 1.24921
2026-04-15 22:28:23,087 P28296 INFO *** Test time is 0.30966639518737793
2026-04-15 22:28:23,087 P28296 INFO Epoch 5/10, test f1: 1.00000 rc: 1.00000 pc: 1.00000. [0.39s]
2026-04-15 22:28:23,087 P28296 INFO early stopping epoch 4/5
2026-04-15 22:28:23,319 P28296 INFO Epoch 6/10, train generator loss: 1.58516
2026-04-15 22:28:23,498 P28296 INFO Epoch 6/10, train discriminator loss: 1.16112
2026-04-15 22:28:23,787 P28296 INFO *** Test time is 0.2886049747467041
2026-04-15 22:28:23,787 P28296 INFO Epoch 6/10, test f1: 1.00000 rc: 1.00000 pc: 1.00000. [0.41s]
2026-04-15 22:28:23,787 P28296 INFO early stopping epoch 5/5
2026-04-15 22:28:23,787 P28296 INFO Early stopping
2026-04-15 22:28:23,975 P28296 INFO Threshold (p=95.0, src=val): 1.383942
2026-04-15 22:28:24,040 P28296 INFO *** Test F1 0.6316  of unsupervised traning
2026-04-15 22:28:24,040 P28296 INFO *** Best F1 {'f1': 1.0, 'rc': 1.0, 'pc': 1.0}  of unsupervised traning
2026-04-15 22:28:24,049 P28296 INFO Current hash id sn_5_1_l1_True_False_template_appear_False_False_40_False_add_multi_modal_self_attn_fuse_32_False_False_True_False_True_False_True_True_True_16_0
