2026-04-24 10:18:08,272 P9568 INFO ^^^^^^^^^^ Current Model:hades, bfdbeb41 ^^^^^^^^^^
2026-04-24 10:18:08,272 P9568 INFO Load from D:\UAC-AD\data\rcaeval_re2_ob
2026-04-24 10:18:13,875 P9568 INFO 40 unique log templates found.
2026-04-24 10:18:13,891 P9568 INFO Transforming unlabel train data.
2026-04-24 10:18:14,983 P9568 INFO Transforming test data.
2026-04-24 10:18:15,253 P9568 INFO 1 new templates show.
2026-04-24 10:18:16,561 P9568 INFO Data loaded done!
2026-04-24 10:20:08,639 P9568 INFO Known word number: 40
2026-04-24 10:23:16,987 P9568 INFO Epoch 0/5, train generator loss: 0.21339
2026-04-24 10:26:15,358 P9568 INFO Epoch 0/5, train discriminator loss: 0.92580
2026-04-24 10:26:22,594 P9568 INFO *** Test time is 7.220130920410156
2026-04-24 10:26:22,594 P9568 INFO Epoch 0/5, test f1: 0.41925 rc: 0.42889 pc: 0.41004. [363.13s]
2026-04-24 10:29:25,958 P9568 INFO Epoch 1/5, train generator loss: 0.11860
2026-04-24 10:32:22,222 P9568 INFO Epoch 1/5, train discriminator loss: 0.11603
2026-04-24 10:32:29,353 P9568 INFO *** Test time is 7.131399869918823
2026-04-24 10:32:29,353 P9568 INFO Epoch 1/5, test f1: 0.37203 rc: 0.37951 pc: 0.36483. [359.56s]
2026-04-24 10:32:29,353 P9568 INFO early stopping epoch 1/3
2026-04-24 10:35:33,614 P9568 INFO Epoch 2/5, train generator loss: 0.09615
2026-04-24 10:38:33,219 P9568 INFO Epoch 2/5, train discriminator loss: 0.67211
2026-04-24 10:38:40,244 P9568 INFO *** Test time is 7.009308815002441
2026-04-24 10:38:40,244 P9568 INFO Epoch 2/5, test f1: 0.53170 rc: 0.54550 pc: 0.51859. [363.88s]
2026-04-24 10:41:47,263 P9568 INFO Epoch 3/5, train generator loss: 0.07042
2026-04-24 10:44:44,334 P9568 INFO Epoch 3/5, train discriminator loss: 0.18504
2026-04-24 10:44:51,690 P9568 INFO *** Test time is 7.323902368545532
2026-04-24 10:44:51,690 P9568 INFO Epoch 3/5, test f1: 0.56469 rc: 0.57897 pc: 0.55110. [364.05s]
2026-04-24 10:47:55,200 P9568 INFO Epoch 4/5, train generator loss: 0.06320
2026-04-24 10:50:52,457 P9568 INFO Epoch 4/5, train discriminator loss: 0.17789
2026-04-24 10:50:59,635 P9568 INFO *** Test time is 7.178563594818115
2026-04-24 10:50:59,635 P9568 INFO Epoch 4/5, test f1: 0.55304 rc: 0.56723 pc: 0.53954. [360.70s]
2026-04-24 10:50:59,635 P9568 INFO early stopping epoch 1/3
2026-04-24 10:52:44,846 P9568 INFO Threshold (p=95.0, src=unlabel(fallback)): 0.284176
2026-04-24 10:52:47,976 P9568 INFO *** Test F1 0.3542  of unsupervised traning
2026-04-24 10:52:47,976 P9568 INFO *** Best F1 {'f1': 0.5646899661781285, 'rc': 0.5789717033475125, 'pc': 0.5510958542381833}  of unsupervised traning
2026-04-24 10:52:48,135 P9568 INFO Current hash id bfdbeb41
