2026-04-23 23:37:18,395 P23348 INFO ^^^^^^^^^^ Current Model:hades, 3cb2090c ^^^^^^^^^^
2026-04-23 23:37:18,395 P23348 INFO Load from D:\UAC-AD\data\rcaeval_re3_ob
2026-04-23 23:37:20,935 P23348 INFO 301 unique log templates found.
2026-04-23 23:37:20,953 P23348 INFO Transforming unlabel train data.
2026-04-23 23:37:21,428 P23348 INFO Transforming test data.
2026-04-23 23:37:21,460 P23348 INFO 7 new templates show.
2026-04-23 23:37:21,986 P23348 INFO Data loaded done!
2026-04-23 23:37:43,325 P23348 INFO Known word number: 301
2026-04-23 23:38:52,192 P23348 INFO Epoch 0/5, train generator loss: 0.24868
2026-04-23 23:40:02,415 P23348 INFO Epoch 0/5, train discriminator loss: 1.88412
2026-04-23 23:40:04,493 P23348 INFO *** Test time is 2.0620014667510986
2026-04-23 23:40:04,511 P23348 INFO Epoch 0/5, test f1: 0.90206 rc: 0.90311 pc: 0.90102. [135.84s]
2026-04-23 23:41:05,960 P23348 INFO Epoch 1/5, train generator loss: 0.15172
2026-04-23 23:42:10,698 P23348 INFO Epoch 1/5, train discriminator loss: 0.90778
2026-04-23 23:42:13,133 P23348 INFO *** Test time is 2.427485942840576
2026-04-23 23:42:13,133 P23348 INFO Epoch 1/5, test f1: 0.93225 rc: 0.92814 pc: 0.93639. [126.16s]
2026-04-23 23:43:15,226 P23348 INFO Epoch 2/5, train generator loss: 0.14645
2026-04-23 23:44:18,825 P23348 INFO Epoch 2/5, train discriminator loss: 0.55949
2026-04-23 23:44:21,137 P23348 INFO *** Test time is 2.3121776580810547
2026-04-23 23:44:21,137 P23348 INFO Epoch 2/5, test f1: 0.93697 rc: 0.93046 pc: 0.94358. [125.64s]
2026-04-23 23:45:23,363 P23348 INFO Epoch 3/5, train generator loss: 0.13493
2026-04-23 23:46:25,709 P23348 INFO Epoch 3/5, train discriminator loss: 0.36667
2026-04-23 23:46:27,870 P23348 INFO *** Test time is 2.1583847999572754
2026-04-23 23:46:27,870 P23348 INFO Epoch 3/5, test f1: 0.94491 rc: 0.93834 pc: 0.95157. [124.54s]
2026-04-23 23:47:30,301 P23348 INFO Epoch 4/5, train generator loss: 0.13882
2026-04-23 23:48:36,652 P23348 INFO Epoch 4/5, train discriminator loss: 0.63134
2026-04-23 23:48:38,633 P23348 INFO *** Test time is 1.9765253067016602
2026-04-23 23:48:38,633 P23348 INFO Epoch 4/5, test f1: 0.94483 rc: 0.93695 pc: 0.95285. [128.72s]
2026-04-23 23:48:38,633 P23348 INFO early stopping epoch 1/3
2026-04-23 23:49:13,673 P23348 INFO Threshold (p=95.0, src=unlabel(fallback)): 0.206782
2026-04-23 23:49:14,346 P23348 INFO *** Test F1 0.8998  of unsupervised traning
2026-04-23 23:49:14,346 P23348 INFO *** Best F1 {'f1': 0.9449112978524743, 'rc': 0.9383402874362541, 'pc': 0.9515749882463563}  of unsupervised traning
2026-04-23 23:49:14,482 P23348 INFO Current hash id 3cb2090c
