2026-04-26 00:25:30,994 P22684 INFO ^^^^^^^^^^ Current Model:hades, 13d6cf02 ^^^^^^^^^^
2026-04-26 00:25:30,994 P22684 INFO Load from ../data/sn
2026-04-26 00:25:31,215 P22684 INFO 375 unique log templates found.
2026-04-26 00:25:31,215 P22684 INFO Transforming unlabel train data.
2026-04-26 00:25:31,263 P22684 INFO Transforming test data.
2026-04-26 00:25:31,295 P22684 INFO 197 new templates show.
2026-04-26 00:25:31,311 P22684 INFO Transforming val data.
2026-04-26 00:25:31,311 P22684 INFO 77 new templates show.
2026-04-26 00:25:31,327 P22684 INFO Data loaded done!
2026-04-26 00:25:31,359 P22684 INFO Known word number: 375
2026-04-26 00:25:34,948 P22684 INFO Epoch 0/10, train generator loss: 1.49081
2026-04-26 00:25:35,111 P22684 INFO Epoch 0/10, train discriminator loss: 5.74950
2026-04-26 00:25:35,248 P22684 INFO *** Test time is 0.129777193069458
2026-04-26 00:25:35,248 P22684 INFO Epoch 0/10, test f1: 0.66667 rc: 0.66667 pc: 0.66667. [0.74s]
2026-04-26 00:25:35,390 P22684 INFO Epoch 1/10, train generator loss: 1.43401
2026-04-26 00:25:35,501 P22684 INFO Epoch 1/10, train discriminator loss: 5.07942
2026-04-26 00:25:35,657 P22684 INFO *** Test time is 0.15665745735168457
2026-04-26 00:25:35,657 P22684 INFO Epoch 1/10, test f1: 0.66667 rc: 0.66667 pc: 0.66667. [0.24s]
2026-04-26 00:25:35,657 P22684 INFO early stopping epoch 1/5
2026-04-26 00:25:35,810 P22684 INFO Epoch 2/10, train generator loss: 1.37664
2026-04-26 00:25:35,910 P22684 INFO Epoch 2/10, train discriminator loss: 4.68689
2026-04-26 00:25:36,098 P22684 INFO *** Test time is 0.18854331970214844
2026-04-26 00:25:36,098 P22684 INFO Epoch 2/10, test f1: 0.66667 rc: 0.66667 pc: 0.66667. [0.25s]
2026-04-26 00:25:36,098 P22684 INFO early stopping epoch 2/5
2026-04-26 00:25:36,288 P22684 INFO Epoch 3/10, train generator loss: 1.38303
2026-04-26 00:25:36,476 P22684 INFO Epoch 3/10, train discriminator loss: 4.37725
2026-04-26 00:25:36,669 P22684 INFO *** Test time is 0.19218826293945312
2026-04-26 00:25:36,669 P22684 INFO Epoch 3/10, test f1: 0.66667 rc: 0.66667 pc: 0.66667. [0.38s]
2026-04-26 00:25:36,669 P22684 INFO early stopping epoch 3/5
2026-04-26 00:25:36,858 P22684 INFO Epoch 4/10, train generator loss: 1.40731
2026-04-26 00:25:37,001 P22684 INFO Epoch 4/10, train discriminator loss: 4.14495
2026-04-26 00:25:37,191 P22684 INFO *** Test time is 0.19088482856750488
2026-04-26 00:25:37,191 P22684 INFO Epoch 4/10, test f1: 0.66667 rc: 0.66667 pc: 0.66667. [0.33s]
2026-04-26 00:25:37,191 P22684 INFO early stopping epoch 4/5
2026-04-26 00:25:37,413 P22684 INFO Epoch 5/10, train generator loss: 1.44062
2026-04-26 00:25:37,583 P22684 INFO Epoch 5/10, train discriminator loss: 4.03441
2026-04-26 00:25:37,778 P22684 INFO *** Test time is 0.19475007057189941
2026-04-26 00:25:37,778 P22684 INFO Epoch 5/10, test f1: 0.66667 rc: 0.66667 pc: 0.66667. [0.39s]
2026-04-26 00:25:37,778 P22684 INFO early stopping epoch 5/5
2026-04-26 00:25:37,778 P22684 INFO Early stopping
2026-04-26 00:25:37,999 P22684 INFO Threshold (p=95.0, src=val): 1.852775
2026-04-26 00:25:38,078 P22684 INFO *** Test F1 0.6154  of unsupervised traning
2026-04-26 00:25:38,078 P22684 INFO *** Best F1 {'f1': 0.6666666666666666, 'rc': 0.6666666666666666, 'pc': 0.6666666666666666}  of unsupervised traning
2026-04-26 00:25:38,078 P22684 INFO Current hash id 13d6cf02
