2026-04-19 16:12:38,846 P23864 INFO ^^^^^^^^^^ Current Model:hades, 490c95c2 ^^^^^^^^^^
2026-04-19 16:12:38,847 P23864 INFO Load from D:\UAC-AD\data\rcaeval_re3_ob
2026-04-19 16:12:40,067 P23864 INFO 301 unique log templates found.
2026-04-19 16:12:40,082 P23864 INFO Transforming unlabel train data.
2026-04-19 16:12:40,597 P23864 INFO Transforming test data.
2026-04-19 16:12:40,702 P23864 INFO 14 new templates show.
2026-04-19 16:12:41,737 P23864 INFO Data loaded done!
2026-04-19 16:13:14,508 P23864 INFO Known word number: 301
2026-04-19 16:14:23,079 P23864 INFO Epoch 0/5, train generator loss: 0.20859
2026-04-19 16:15:26,465 P23864 INFO Epoch 0/5, train discriminator loss: 0.68563
2026-04-19 16:15:29,563 P23864 INFO *** Test time is 3.0928304195404053
2026-04-19 16:15:29,564 P23864 INFO Epoch 0/5, test f1: 0.67409 rc: 0.69366 pc: 0.65559. [128.27s]
2026-04-19 16:16:33,613 P23864 INFO Epoch 1/5, train generator loss: 0.16741
2026-04-19 16:17:36,267 P23864 INFO Epoch 1/5, train discriminator loss: 0.23705
2026-04-19 16:17:39,753 P23864 INFO *** Test time is 3.481034278869629
2026-04-19 16:17:39,754 P23864 INFO Epoch 1/5, test f1: 0.67497 rc: 0.61407 pc: 0.74929. [126.65s]
2026-04-19 16:18:44,849 P23864 INFO Epoch 2/5, train generator loss: 0.19253
2026-04-19 16:19:47,234 P23864 INFO Epoch 2/5, train discriminator loss: 0.43607
2026-04-19 16:19:50,488 P23864 INFO *** Test time is 3.2527873516082764
2026-04-19 16:19:50,488 P23864 INFO Epoch 2/5, test f1: 0.67733 rc: 0.68117 pc: 0.67353. [127.45s]
2026-04-19 16:20:57,595 P23864 INFO Epoch 3/5, train generator loss: 0.16813
2026-04-19 16:22:00,297 P23864 INFO Epoch 3/5, train discriminator loss: 0.26726
2026-04-19 16:22:03,218 P23864 INFO *** Test time is 2.916694164276123
2026-04-19 16:22:03,219 P23864 INFO Epoch 3/5, test f1: 0.66320 rc: 0.63443 pc: 0.69470. [129.79s]
2026-04-19 16:22:03,219 P23864 INFO early stopping epoch 1/3
2026-04-19 16:23:07,643 P23864 INFO Epoch 4/5, train generator loss: 0.16449
2026-04-19 16:24:10,837 P23864 INFO Epoch 4/5, train discriminator loss: 0.52873
2026-04-19 16:24:14,072 P23864 INFO *** Test time is 3.2315690517425537
2026-04-19 16:24:14,072 P23864 INFO Epoch 4/5, test f1: 0.61067 rc: 0.61569 pc: 0.60574. [127.62s]
2026-04-19 16:24:14,073 P23864 INFO early stopping epoch 2/3
2026-04-19 16:24:50,746 P23864 INFO Threshold (p=95.0, src=unlabel(fallback)): 0.234065
2026-04-19 16:24:52,144 P23864 INFO *** Test F1 0.5598  of unsupervised traning
2026-04-19 16:24:52,145 P23864 INFO *** Best F1 {'f1': 0.6773265846083055, 'rc': 0.6811661267931514, 'pc': 0.6735300846488218}  of unsupervised traning
2026-04-19 16:24:52,328 P23864 INFO Current hash id 490c95c2
