2026-04-19 16:00:14,820 P22608 INFO ^^^^^^^^^^ Current Model:hades, 3fe7504e ^^^^^^^^^^
2026-04-19 16:00:14,821 P22608 INFO Load from D:\UAC-AD\data\rcaeval_re3_ob
2026-04-19 16:00:15,917 P22608 INFO 301 unique log templates found.
2026-04-19 16:00:15,937 P22608 INFO Transforming unlabel train data.
2026-04-19 16:00:16,731 P22608 INFO Transforming test data.
2026-04-19 16:00:16,813 P22608 INFO 7 new templates show.
2026-04-19 16:00:17,718 P22608 INFO Data loaded done!
2026-04-19 16:00:45,938 P22608 INFO Known word number: 301
2026-04-19 16:01:53,735 P22608 INFO Epoch 0/5, train generator loss: 0.20709
2026-04-19 16:02:58,275 P22608 INFO Epoch 0/5, train discriminator loss: 0.68372
2026-04-19 16:03:00,134 P22608 INFO *** Test time is 1.8509430885314941
2026-04-19 16:03:00,145 P22608 INFO Epoch 0/5, test f1: 0.94434 rc: 0.93559 pc: 0.95326. [129.42s]
2026-04-19 16:04:04,993 P22608 INFO Epoch 1/5, train generator loss: 0.16676
2026-04-19 16:05:07,549 P22608 INFO Epoch 1/5, train discriminator loss: 0.23423
2026-04-19 16:05:09,257 P22608 INFO *** Test time is 1.7027626037597656
2026-04-19 16:05:09,257 P22608 INFO Epoch 1/5, test f1: 0.94550 rc: 0.93652 pc: 0.95465. [127.35s]
2026-04-19 16:06:14,772 P22608 INFO Epoch 2/5, train generator loss: 0.18713
2026-04-19 16:07:18,215 P22608 INFO Epoch 2/5, train discriminator loss: 0.51821
2026-04-19 16:07:19,940 P22608 INFO *** Test time is 1.7213315963745117
2026-04-19 16:07:19,948 P22608 INFO Epoch 2/5, test f1: 0.94239 rc: 0.93234 pc: 0.95265. [128.93s]
2026-04-19 16:07:19,948 P22608 INFO early stopping epoch 1/3
2026-04-19 16:08:24,857 P22608 INFO Epoch 3/5, train generator loss: 0.16099
2026-04-19 16:09:28,382 P22608 INFO Epoch 3/5, train discriminator loss: 0.22362
2026-04-19 16:09:30,201 P22608 INFO *** Test time is 1.816340684890747
2026-04-19 16:09:30,201 P22608 INFO Epoch 3/5, test f1: 0.94520 rc: 0.93513 pc: 0.95549. [128.44s]
2026-04-19 16:09:30,201 P22608 INFO early stopping epoch 2/3
2026-04-19 16:10:35,205 P22608 INFO Epoch 4/5, train generator loss: 0.16157
2026-04-19 16:11:38,243 P22608 INFO Epoch 4/5, train discriminator loss: 0.51195
2026-04-19 16:11:39,787 P22608 INFO *** Test time is 1.5410501956939697
2026-04-19 16:11:39,787 P22608 INFO Epoch 4/5, test f1: 0.94407 rc: 0.93466 pc: 0.95366. [128.04s]
2026-04-19 16:11:39,787 P22608 INFO early stopping epoch 3/3
2026-04-19 16:11:39,787 P22608 INFO Early stopping
2026-04-19 16:12:20,413 P22608 INFO Threshold (p=95.0, src=unlabel(fallback)): 0.231500
2026-04-19 16:12:21,080 P22608 INFO *** Test F1 0.9016  of unsupervised traning
2026-04-19 16:12:21,080 P22608 INFO *** Best F1 {'f1': 0.9454970760233918, 'rc': 0.9365152919369787, 'pc': 0.9546528105810108}  of unsupervised traning
2026-04-19 16:12:21,234 P22608 INFO Current hash id 3fe7504e
