2026-04-26 00:23:22,945 P2092 INFO ^^^^^^^^^^ Current Model:hades, 2128b405 ^^^^^^^^^^
2026-04-26 00:23:22,945 P2092 INFO Load from ../data/sn
2026-04-26 00:23:23,168 P2092 INFO 375 unique log templates found.
2026-04-26 00:23:23,168 P2092 INFO Transforming unlabel train data.
2026-04-26 00:23:23,216 P2092 INFO Transforming test data.
2026-04-26 00:23:23,231 P2092 INFO 198 new templates show.
2026-04-26 00:23:23,288 P2092 INFO Transforming val data.
2026-04-26 00:23:23,288 P2092 INFO 77 new templates show.
2026-04-26 00:23:23,291 P2092 INFO Data loaded done!
2026-04-26 00:23:23,333 P2092 INFO Known word number: 375
2026-04-26 00:23:26,694 P2092 INFO Epoch 0/10, train generator loss: 1.52115
2026-04-26 00:23:26,874 P2092 INFO Epoch 0/10, train discriminator loss: 5.60146
2026-04-26 00:23:27,038 P2092 INFO *** Test time is 0.15624594688415527
2026-04-26 00:23:27,038 P2092 INFO Epoch 0/10, test f1: 0.90909 rc: 0.83333 pc: 1.00000. [0.76s]
2026-04-26 00:23:27,218 P2092 INFO Epoch 1/10, train generator loss: 1.40836
2026-04-26 00:23:27,375 P2092 INFO Epoch 1/10, train discriminator loss: 4.97062
2026-04-26 00:23:27,520 P2092 INFO *** Test time is 0.1448957920074463
2026-04-26 00:23:27,520 P2092 INFO Epoch 1/10, test f1: 0.90909 rc: 0.83333 pc: 1.00000. [0.32s]
2026-04-26 00:23:27,520 P2092 INFO early stopping epoch 1/5
2026-04-26 00:23:27,713 P2092 INFO Epoch 2/10, train generator loss: 1.37370
2026-04-26 00:23:27,891 P2092 INFO Epoch 2/10, train discriminator loss: 4.56030
2026-04-26 00:23:28,088 P2092 INFO *** Test time is 0.1976456642150879
2026-04-26 00:23:28,088 P2092 INFO Epoch 2/10, test f1: 0.90909 rc: 0.83333 pc: 1.00000. [0.37s]
2026-04-26 00:23:28,088 P2092 INFO early stopping epoch 2/5
2026-04-26 00:23:28,294 P2092 INFO Epoch 3/10, train generator loss: 1.39119
2026-04-26 00:23:28,452 P2092 INFO Epoch 3/10, train discriminator loss: 4.24334
2026-04-26 00:23:28,657 P2092 INFO *** Test time is 0.20508956909179688
2026-04-26 00:23:28,657 P2092 INFO Epoch 3/10, test f1: 0.90909 rc: 0.83333 pc: 1.00000. [0.36s]
2026-04-26 00:23:28,657 P2092 INFO early stopping epoch 3/5
2026-04-26 00:23:28,861 P2092 INFO Epoch 4/10, train generator loss: 1.41409
2026-04-26 00:23:29,005 P2092 INFO Epoch 4/10, train discriminator loss: 4.03643
2026-04-26 00:23:29,211 P2092 INFO *** Test time is 0.2057805061340332
2026-04-26 00:23:29,211 P2092 INFO Epoch 4/10, test f1: 0.90909 rc: 0.83333 pc: 1.00000. [0.35s]
2026-04-26 00:23:29,211 P2092 INFO early stopping epoch 4/5
2026-04-26 00:23:29,417 P2092 INFO Epoch 5/10, train generator loss: 1.45183
2026-04-26 00:23:29,577 P2092 INFO Epoch 5/10, train discriminator loss: 3.90945
2026-04-26 00:23:29,767 P2092 INFO *** Test time is 0.19019317626953125
2026-04-26 00:23:29,767 P2092 INFO Epoch 5/10, test f1: 0.90909 rc: 0.83333 pc: 1.00000. [0.37s]
2026-04-26 00:23:29,767 P2092 INFO early stopping epoch 5/5
2026-04-26 00:23:29,767 P2092 INFO Early stopping
2026-04-26 00:23:29,910 P2092 INFO Threshold (p=95.0, src=val): 1.837729
2026-04-26 00:23:29,984 P2092 INFO *** Test F1 0.8571  of unsupervised traning
2026-04-26 00:23:29,984 P2092 INFO *** Best F1 {'f1': 0.9090909090909091, 'rc': 0.8333333333333334, 'pc': 1.0}  of unsupervised traning
2026-04-26 00:23:29,988 P2092 INFO Current hash id 2128b405
