2026-04-19 16:37:41,556 P29208 INFO ^^^^^^^^^^ Current Model:hades, 870ec0e9 ^^^^^^^^^^
2026-04-19 16:37:41,556 P29208 INFO Load from D:\UAC-AD\data\rcaeval_re3_ob
2026-04-19 16:37:42,568 P29208 INFO 301 unique log templates found.
2026-04-19 16:37:42,584 P29208 INFO Transforming unlabel train data.
2026-04-19 16:37:43,237 P29208 INFO Transforming test data.
2026-04-19 16:37:43,355 P29208 INFO 18 new templates show.
2026-04-19 16:37:44,435 P29208 INFO Data loaded done!
2026-04-19 16:38:09,492 P29208 INFO Known word number: 301
2026-04-19 16:39:16,146 P29208 INFO Epoch 0/5, train generator loss: 0.20992
2026-04-19 16:40:19,063 P29208 INFO Epoch 0/5, train discriminator loss: 0.68034
2026-04-19 16:40:22,361 P29208 INFO *** Test time is 3.2938318252563477
2026-04-19 16:40:22,362 P29208 INFO Epoch 0/5, test f1: 0.91797 rc: 0.91117 pc: 0.92486. [126.14s]
2026-04-19 16:41:25,776 P29208 INFO Epoch 1/5, train generator loss: 0.16574
2026-04-19 16:42:27,425 P29208 INFO Epoch 1/5, train discriminator loss: 0.17096
2026-04-19 16:42:30,619 P29208 INFO *** Test time is 3.193021774291992
2026-04-19 16:42:30,619 P29208 INFO Epoch 1/5, test f1: 0.92672 rc: 0.91996 pc: 0.93357. [125.01s]
2026-04-19 16:43:34,416 P29208 INFO Epoch 2/5, train generator loss: 0.18492
2026-04-19 16:44:36,782 P29208 INFO Epoch 2/5, train discriminator loss: 0.29866
2026-04-19 16:44:40,329 P29208 INFO *** Test time is 3.54526948928833
2026-04-19 16:44:40,329 P29208 INFO Epoch 2/5, test f1: 0.91241 rc: 0.90724 pc: 0.91764. [126.11s]
2026-04-19 16:44:40,329 P29208 INFO early stopping epoch 1/3
2026-04-19 16:45:50,243 P29208 INFO Epoch 3/5, train generator loss: 0.16498
2026-04-19 16:46:54,675 P29208 INFO Epoch 3/5, train discriminator loss: 0.18950
2026-04-19 16:46:57,889 P29208 INFO *** Test time is 3.2104480266571045
2026-04-19 16:46:57,890 P29208 INFO Epoch 3/5, test f1: 0.89966 rc: 0.89706 pc: 0.90228. [134.35s]
2026-04-19 16:46:57,890 P29208 INFO early stopping epoch 2/3
2026-04-19 16:48:02,174 P29208 INFO Epoch 4/5, train generator loss: 0.15911
2026-04-19 16:49:03,666 P29208 INFO Epoch 4/5, train discriminator loss: 0.44606
2026-04-19 16:49:06,688 P29208 INFO *** Test time is 3.017293691635132
2026-04-19 16:49:06,688 P29208 INFO Epoch 4/5, test f1: 0.89493 rc: 0.89151 pc: 0.89837. [125.78s]
2026-04-19 16:49:06,688 P29208 INFO early stopping epoch 3/3
2026-04-19 16:49:06,688 P29208 INFO Early stopping
2026-04-19 16:49:43,270 P29208 INFO Threshold (p=95.0, src=unlabel(fallback)): 0.230742
2026-04-19 16:49:44,635 P29208 INFO *** Test F1 0.8873  of unsupervised traning
2026-04-19 16:49:44,635 P29208 INFO *** Best F1 {'f1': 0.9267156006058488, 'rc': 0.9199629886652787, 'pc': 0.9335680751173709}  of unsupervised traning
2026-04-19 16:49:44,752 P29208 INFO Current hash id 870ec0e9
