2026-04-14 08:10:37,756 P15592 INFO ^^^^^^^^^^ Current Model:hades, sn_5_1_l1_True_False_template_appear_False_False_40_False_add_multi_modal_self_attn_fuse_32_False_False_True_False_True_False_True_True_True_16_0 ^^^^^^^^^^
2026-04-14 08:10:37,756 P15592 INFO Load from ../data/sn
2026-04-14 08:10:38,106 P15592 INFO 375 unique log templates found.
2026-04-14 08:10:38,122 P15592 INFO Transforming unlabel train data.
2026-04-14 08:10:38,154 P15592 INFO Transforming test data.
2026-04-14 08:10:38,186 P15592 INFO 136 new templates show.
2026-04-14 08:10:38,217 P15592 INFO Transforming val data.
2026-04-14 08:10:38,217 P15592 INFO 77 new templates show.
2026-04-14 08:10:38,217 P15592 INFO Data loaded done!
2026-04-14 08:12:24,771 P19932 INFO ^^^^^^^^^^ Current Model:hades, sn_5_1_l1_True_False_template_appear_False_False_40_False_add_multi_modal_self_attn_fuse_32_False_False_True_False_True_False_True_True_True_16_0 ^^^^^^^^^^
2026-04-14 08:12:24,771 P19932 INFO Load from ../data/sn
2026-04-14 08:12:25,009 P19932 INFO 375 unique log templates found.
2026-04-14 08:12:25,009 P19932 INFO Transforming unlabel train data.
2026-04-14 08:12:25,040 P19932 INFO Transforming test data.
2026-04-14 08:12:25,072 P19932 INFO 136 new templates show.
2026-04-14 08:12:25,103 P19932 INFO Transforming val data.
2026-04-14 08:12:25,103 P19932 INFO 77 new templates show.
2026-04-14 08:12:25,103 P19932 INFO Data loaded done!
2026-04-14 08:12:25,135 P19932 INFO Known word number: 375
2026-04-14 08:12:28,092 P19932 INFO Epoch 0/10, train generator loss: 1.29280
2026-04-14 08:12:28,205 P19932 INFO Epoch 0/10, train discriminator loss: 2.80051
2026-04-14 08:12:28,357 P19932 INFO *** Test time is 0.1521315574645996
2026-04-14 08:12:28,357 P19932 INFO Epoch 0/10, test f1: 0.00000 rc: 0.00000 pc: 0.00000. [0.64s]
2026-04-14 08:12:28,472 P19932 INFO Epoch 1/10, train generator loss: 1.19394
2026-04-14 08:12:28,551 P19932 INFO Epoch 1/10, train discriminator loss: 2.26193
2026-04-14 08:12:28,693 P19932 INFO *** Test time is 0.14145255088806152
2026-04-14 08:12:28,693 P19932 INFO Epoch 1/10, test f1: 0.00000 rc: 0.00000 pc: 0.00000. [0.18s]
2026-04-14 08:12:28,693 P19932 INFO early stopping epoch 1/5
2026-04-14 08:12:28,788 P19932 INFO Epoch 2/10, train generator loss: 1.23085
2026-04-14 08:12:28,851 P19932 INFO Epoch 2/10, train discriminator loss: 1.87214
2026-04-14 08:12:29,024 P19932 INFO *** Test time is 0.17360496520996094
2026-04-14 08:12:29,024 P19932 INFO Epoch 2/10, test f1: 0.00000 rc: 0.00000 pc: 0.00000. [0.16s]
2026-04-14 08:12:29,024 P19932 INFO early stopping epoch 2/5
2026-04-14 08:12:29,119 P19932 INFO Epoch 3/10, train generator loss: 1.29123
2026-04-14 08:12:29,216 P19932 INFO Epoch 3/10, train discriminator loss: 1.57748
2026-04-14 08:12:29,372 P19932 INFO *** Test time is 0.1562502384185791
2026-04-14 08:12:29,372 P19932 INFO Epoch 3/10, test f1: 0.00000 rc: 0.00000 pc: 0.00000. [0.19s]
2026-04-14 08:12:29,372 P19932 INFO early stopping epoch 3/5
2026-04-14 08:12:29,467 P19932 INFO Epoch 4/10, train generator loss: 1.38000
2026-04-14 08:12:29,558 P19932 INFO Epoch 4/10, train discriminator loss: 1.35849
2026-04-14 08:12:29,718 P19932 INFO *** Test time is 0.16071581840515137
2026-04-14 08:12:29,718 P19932 INFO Epoch 4/10, test f1: 0.00000 rc: 0.00000 pc: 0.00000. [0.19s]
2026-04-14 08:12:29,718 P19932 INFO early stopping epoch 4/5
2026-04-14 08:12:29,864 P19932 INFO Epoch 5/10, train generator loss: 1.48605
2026-04-14 08:12:30,003 P19932 INFO Epoch 5/10, train discriminator loss: 1.21842
2026-04-14 08:12:30,208 P19932 INFO *** Test time is 0.2050769329071045
2026-04-14 08:12:30,208 P19932 INFO Epoch 5/10, test f1: 0.14286 rc: 0.16667 pc: 0.12500. [0.28s]
2026-04-14 08:12:30,381 P19932 INFO Epoch 6/10, train generator loss: 1.59120
2026-04-14 08:12:30,523 P19932 INFO Epoch 6/10, train discriminator loss: 1.13705
2026-04-14 08:12:30,713 P19932 INFO *** Test time is 0.18946075439453125
2026-04-14 08:12:30,713 P19932 INFO Epoch 6/10, test f1: 0.16667 rc: 0.16667 pc: 0.16667. [0.30s]
2026-04-14 08:12:30,871 P19932 INFO Epoch 7/10, train generator loss: 1.68183
2026-04-14 08:12:30,970 P19932 INFO Epoch 7/10, train discriminator loss: 1.10513
2026-04-14 08:12:31,172 P19932 INFO *** Test time is 0.2020413875579834
2026-04-14 08:12:31,172 P19932 INFO Epoch 7/10, test f1: 0.20000 rc: 0.16667 pc: 0.25000. [0.24s]
2026-04-14 08:12:31,346 P19932 INFO Epoch 8/10, train generator loss: 1.77358
2026-04-14 08:12:31,458 P19932 INFO Epoch 8/10, train discriminator loss: 1.08544
2026-04-14 08:12:31,679 P19932 INFO *** Test time is 0.22136855125427246
2026-04-14 08:12:31,679 P19932 INFO Epoch 8/10, test f1: 0.25000 rc: 0.16667 pc: 0.50000. [0.27s]
2026-04-14 08:12:31,808 P19932 INFO Epoch 9/10, train generator loss: 1.86933
2026-04-14 08:12:31,868 P19932 INFO Epoch 9/10, train discriminator loss: 1.05548
2026-04-14 08:12:32,058 P19932 INFO *** Test time is 0.18934059143066406
2026-04-14 08:12:32,058 P19932 INFO Epoch 9/10, test f1: 0.54545 rc: 0.50000 pc: 0.60000. [0.17s]
2026-04-14 08:12:32,236 P19932 INFO Threshold (p=95.0, src=val): 1.409857
2026-04-14 08:12:32,295 P19932 INFO *** Test F1 0.5333  of unsupervised traning
2026-04-14 08:12:32,295 P19932 INFO *** Best F1 {'f1': 0.5454545454545454, 'rc': 0.5, 'pc': 0.6}  of unsupervised traning
2026-04-14 08:12:32,295 P19932 INFO Current hash id sn_5_1_l1_True_False_template_appear_False_False_40_False_add_multi_modal_self_attn_fuse_32_False_False_True_False_True_False_True_True_True_16_0
2026-04-14 22:34:15,594 P7796 INFO ^^^^^^^^^^ Current Model:hades, sn_5_1_l1_True_False_template_appear_False_False_40_False_add_multi_modal_self_attn_fuse_32_False_False_True_False_True_False_True_True_True_16_0 ^^^^^^^^^^
2026-04-14 22:34:15,594 P7796 INFO Load from ../data/sn
2026-04-14 22:34:15,972 P7796 INFO 375 unique log templates found.
2026-04-14 22:34:15,978 P7796 INFO Transforming unlabel train data.
2026-04-14 22:34:16,025 P7796 INFO Transforming test data.
2026-04-14 22:34:16,049 P7796 INFO 136 new templates show.
2026-04-14 22:34:16,080 P7796 INFO Transforming val data.
2026-04-14 22:34:16,080 P7796 INFO 77 new templates show.
2026-04-14 22:34:16,096 P7796 INFO Data loaded done!
2026-04-14 22:34:16,128 P7796 INFO Known word number: 375
2026-04-14 22:34:19,135 P7796 INFO Epoch 0/10, train generator loss: 1.20130
2026-04-14 22:34:19,239 P7796 INFO Epoch 0/10, train discriminator loss: 4.35256
2026-04-14 22:34:19,387 P7796 INFO *** Test time is 0.14789962768554688
2026-04-14 22:34:19,387 P7796 INFO Epoch 0/10, test f1: 0.80000 rc: 0.66667 pc: 1.00000. [0.65s]
2026-04-14 22:34:19,537 P7796 INFO Epoch 1/10, train generator loss: 1.12787
2026-04-14 22:34:19,645 P7796 INFO Epoch 1/10, train discriminator loss: 3.81539
2026-04-14 22:34:19,777 P7796 INFO *** Test time is 0.13196444511413574
2026-04-14 22:34:19,793 P7796 INFO Epoch 1/10, test f1: 0.80000 rc: 0.66667 pc: 1.00000. [0.24s]
2026-04-14 22:34:19,793 P7796 INFO early stopping epoch 1/5
2026-04-14 22:34:19,902 P7796 INFO Epoch 2/10, train generator loss: 1.12032
2026-04-14 22:34:20,027 P7796 INFO Epoch 2/10, train discriminator loss: 3.43068
2026-04-14 22:34:20,185 P7796 INFO *** Test time is 0.15825915336608887
2026-04-14 22:34:20,185 P7796 INFO Epoch 2/10, test f1: 0.80000 rc: 0.66667 pc: 1.00000. [0.23s]
2026-04-14 22:34:20,185 P7796 INFO early stopping epoch 2/5
2026-04-14 22:34:20,323 P7796 INFO Epoch 3/10, train generator loss: 1.12026
2026-04-14 22:34:20,435 P7796 INFO Epoch 3/10, train discriminator loss: 3.17778
2026-04-14 22:34:20,575 P7796 INFO *** Test time is 0.14004111289978027
2026-04-14 22:34:20,575 P7796 INFO Epoch 3/10, test f1: 0.80000 rc: 0.66667 pc: 1.00000. [0.25s]
2026-04-14 22:34:20,575 P7796 INFO early stopping epoch 3/5
2026-04-14 22:34:20,687 P7796 INFO Epoch 4/10, train generator loss: 1.13754
2026-04-14 22:34:20,763 P7796 INFO Epoch 4/10, train discriminator loss: 3.00145
2026-04-14 22:34:20,937 P7796 INFO *** Test time is 0.17370057106018066
2026-04-14 22:34:20,937 P7796 INFO Epoch 4/10, test f1: 0.80000 rc: 0.66667 pc: 1.00000. [0.19s]
2026-04-14 22:34:20,937 P7796 INFO early stopping epoch 4/5
2026-04-14 22:34:21,078 P7796 INFO Epoch 5/10, train generator loss: 1.16204
2026-04-14 22:34:21,178 P7796 INFO Epoch 5/10, train discriminator loss: 2.88299
2026-04-14 22:34:21,331 P7796 INFO *** Test time is 0.152679443359375
2026-04-14 22:34:21,331 P7796 INFO Epoch 5/10, test f1: 0.80000 rc: 0.66667 pc: 1.00000. [0.24s]
2026-04-14 22:34:21,331 P7796 INFO early stopping epoch 5/5
2026-04-14 22:34:21,331 P7796 INFO Early stopping
2026-04-14 22:34:21,426 P7796 INFO Threshold (p=95.0, src=val): 1.313523
2026-04-14 22:34:21,458 P7796 INFO *** Test F1 0.5000  of unsupervised traning
2026-04-14 22:34:21,458 P7796 INFO *** Best F1 {'f1': 0.8, 'rc': 0.6666666666666666, 'pc': 1.0}  of unsupervised traning
2026-04-14 22:34:21,474 P7796 INFO Current hash id sn_5_1_l1_True_False_template_appear_False_False_40_False_add_multi_modal_self_attn_fuse_32_False_False_True_False_True_False_True_True_True_16_0
