2026-04-22 01:07:08,428 P18956 INFO ^^^^^^^^^^ Current Model:hades, f6013528 ^^^^^^^^^^
2026-04-22 01:07:08,429 P18956 INFO Load from D:\UAC-AD\data\rcaeval_re3_ob
2026-04-22 01:07:09,710 P18956 INFO 301 unique log templates found.
2026-04-22 01:07:09,725 P18956 INFO Transforming unlabel train data.
2026-04-22 01:07:10,172 P18956 INFO Transforming test data.
2026-04-22 01:07:10,262 P18956 INFO 14 new templates show.
2026-04-22 01:07:11,025 P18956 INFO Data loaded done!
2026-04-22 01:07:40,820 P18956 INFO Known word number: 301
2026-04-22 01:08:26,739 P18956 INFO Epoch 0/5, train generator loss: 0.19240
2026-04-22 01:09:10,319 P18956 INFO Epoch 0/5, train discriminator loss: 0.19819
2026-04-22 01:09:13,389 P18956 INFO *** Test time is 3.066067695617676
2026-04-22 01:09:13,390 P18956 INFO Epoch 0/5, test f1: 0.66590 rc: 0.66636 pc: 0.66543. [85.94s]
2026-04-22 01:09:54,464 P18956 INFO Epoch 1/5, train generator loss: 0.12746
2026-04-22 01:10:36,138 P18956 INFO Epoch 1/5, train discriminator loss: 0.26382
2026-04-22 01:10:39,143 P18956 INFO *** Test time is 2.9996626377105713
2026-04-22 01:10:39,143 P18956 INFO Epoch 1/5, test f1: 0.66959 rc: 0.65340 pc: 0.68660. [82.71s]
2026-04-22 01:11:19,897 P18956 INFO Epoch 2/5, train generator loss: 0.15783
2026-04-22 01:11:59,706 P18956 INFO Epoch 2/5, train discriminator loss: 0.38541
2026-04-22 01:12:02,956 P18956 INFO *** Test time is 3.2466495037078857
2026-04-22 01:12:02,956 P18956 INFO Epoch 2/5, test f1: 0.68265 rc: 0.69852 pc: 0.66748. [80.52s]
2026-04-22 01:12:43,944 P18956 INFO Epoch 3/5, train generator loss: 0.13985
2026-04-22 01:13:27,981 P18956 INFO Epoch 3/5, train discriminator loss: 0.12619
2026-04-22 01:13:30,902 P18956 INFO *** Test time is 2.921006917953491
2026-04-22 01:13:30,902 P18956 INFO Epoch 3/5, test f1: 0.59599 rc: 0.59764 pc: 0.59434. [84.97s]
2026-04-22 01:13:30,902 P18956 INFO early stopping epoch 1/3
2026-04-22 01:14:11,710 P18956 INFO Epoch 4/5, train generator loss: 0.14112
2026-04-22 01:14:52,578 P18956 INFO Epoch 4/5, train discriminator loss: 0.34653
2026-04-22 01:14:55,563 P18956 INFO *** Test time is 2.9802329540252686
2026-04-22 01:14:55,563 P18956 INFO Epoch 4/5, test f1: 0.57686 rc: 0.57913 pc: 0.57461. [81.68s]
2026-04-22 01:14:55,563 P18956 INFO early stopping epoch 2/3
2026-04-22 01:15:20,832 P18956 INFO Threshold (p=95.0, src=unlabel(fallback)): 0.201516
2026-04-22 01:15:21,856 P18956 INFO *** Test F1 0.5759  of unsupervised traning
2026-04-22 01:15:21,857 P18956 INFO *** Best F1 {'f1': 0.6826455624646693, 'rc': 0.6985192040721888, 'pc': 0.6674773380499668}  of unsupervised traning
2026-04-22 01:15:22,146 P18956 INFO Current hash id f6013528
