2026-04-19 16:25:08,558 P20528 INFO ^^^^^^^^^^ Current Model:hades, e86ab9dc ^^^^^^^^^^
2026-04-19 16:25:08,559 P20528 INFO Load from D:\UAC-AD\data\rcaeval_re3_ob
2026-04-19 16:25:09,730 P20528 INFO 301 unique log templates found.
2026-04-19 16:25:09,746 P20528 INFO Transforming unlabel train data.
2026-04-19 16:25:10,342 P20528 INFO Transforming test data.
2026-04-19 16:25:10,449 P20528 INFO 49 new templates show.
2026-04-19 16:25:11,322 P20528 INFO Data loaded done!
2026-04-19 16:25:50,763 P20528 INFO Known word number: 301
2026-04-19 16:26:57,851 P20528 INFO Epoch 0/5, train generator loss: 0.20760
2026-04-19 16:28:00,528 P20528 INFO Epoch 0/5, train discriminator loss: 0.67748
2026-04-19 16:28:03,652 P20528 INFO *** Test time is 3.12087345123291
2026-04-19 16:28:03,662 P20528 INFO Epoch 0/5, test f1: 0.36304 rc: 0.37060 pc: 0.35578. [126.19s]
2026-04-19 16:29:07,526 P20528 INFO Epoch 1/5, train generator loss: 0.16886
2026-04-19 16:30:11,770 P20528 INFO Epoch 1/5, train discriminator loss: 0.26083
2026-04-19 16:30:14,930 P20528 INFO *** Test time is 3.1527609825134277
2026-04-19 16:30:14,930 P20528 INFO Epoch 1/5, test f1: 0.37320 rc: 0.38032 pc: 0.36633. [128.08s]
2026-04-19 16:31:18,911 P20528 INFO Epoch 2/5, train generator loss: 0.19140
2026-04-19 16:32:23,548 P20528 INFO Epoch 2/5, train discriminator loss: 0.40814
2026-04-19 16:32:26,994 P20528 INFO *** Test time is 3.4400267601013184
2026-04-19 16:32:26,994 P20528 INFO Epoch 2/5, test f1: 0.35709 rc: 0.36412 pc: 0.35033. [128.60s]
2026-04-19 16:32:26,994 P20528 INFO early stopping epoch 1/3
2026-04-19 16:33:34,328 P20528 INFO Epoch 3/5, train generator loss: 0.16717
2026-04-19 16:34:38,148 P20528 INFO Epoch 3/5, train discriminator loss: 0.24713
2026-04-19 16:34:41,023 P20528 INFO *** Test time is 2.8667168617248535
2026-04-19 16:34:41,023 P20528 INFO Epoch 3/5, test f1: 0.35518 rc: 0.36250 pc: 0.34815. [131.16s]
2026-04-19 16:34:41,023 P20528 INFO early stopping epoch 2/3
2026-04-19 16:35:44,168 P20528 INFO Epoch 4/5, train generator loss: 0.17116
2026-04-19 16:36:46,410 P20528 INFO Epoch 4/5, train discriminator loss: 0.41096
2026-04-19 16:36:49,225 P20528 INFO *** Test time is 2.811894655227661
2026-04-19 16:36:49,226 P20528 INFO Epoch 4/5, test f1: 0.31377 rc: 0.31921 pc: 0.30850. [125.39s]
2026-04-19 16:36:49,226 P20528 INFO early stopping epoch 3/3
2026-04-19 16:36:49,226 P20528 INFO Early stopping
2026-04-19 16:37:24,804 P20528 INFO Threshold (p=95.0, src=unlabel(fallback)): 0.231681
2026-04-19 16:37:26,086 P20528 INFO *** Test F1 0.1582  of unsupervised traning
2026-04-19 16:37:26,086 P20528 INFO *** Best F1 {'f1': 0.37319704713231117, 'rc': 0.3803240740740741, 'pc': 0.36633221850613157}  of unsupervised traning
2026-04-19 16:37:26,223 P20528 INFO Current hash id e86ab9dc
