2026-04-20 04:12:59,318 P20772 INFO ^^^^^^^^^^ Current Model:hades, 522fb4df ^^^^^^^^^^
2026-04-20 04:12:59,318 P20772 INFO Load from D:\UAC-AD\data\rcaeval_re2_ob
2026-04-20 04:13:01,848 P20772 INFO 40 unique log templates found.
2026-04-20 04:13:01,880 P20772 INFO Transforming unlabel train data.
2026-04-20 04:13:03,812 P20772 INFO Transforming test data.
2026-04-20 04:13:04,274 P20772 INFO 1 new templates show.
2026-04-20 04:13:06,234 P20772 INFO Data loaded done!
2026-04-20 04:14:50,061 P20772 INFO Known word number: 40
2026-04-20 04:16:44,254 P20772 INFO Epoch 0/5, train generator loss: 0.22769
2026-04-20 04:18:25,264 P20772 INFO Epoch 0/5, train discriminator loss: 0.15475
2026-04-20 04:18:30,271 P20772 INFO *** Test time is 5.006912469863892
2026-04-20 04:18:30,271 P20772 INFO Epoch 0/5, test f1: 0.69963 rc: 0.56136 pc: 0.92828. [211.59s]
2026-04-20 04:20:22,415 P20772 INFO Epoch 1/5, train generator loss: 0.09126
2026-04-20 04:22:02,223 P20772 INFO Epoch 1/5, train discriminator loss: 0.49665
2026-04-20 04:22:10,165 P20772 INFO *** Test time is 7.93738055229187
2026-04-20 04:22:10,165 P20772 INFO Epoch 1/5, test f1: 0.73326 rc: 0.74373 pc: 0.72307. [211.92s]
2026-04-20 04:24:07,711 P20772 INFO Epoch 2/5, train generator loss: 0.08890
2026-04-20 04:25:49,522 P20772 INFO Epoch 2/5, train discriminator loss: 0.41043
2026-04-20 04:25:54,683 P20772 INFO *** Test time is 5.156618595123291
2026-04-20 04:25:54,683 P20772 INFO Epoch 2/5, test f1: 0.77012 rc: 0.78230 pc: 0.75831. [219.28s]
2026-04-20 04:27:46,272 P20772 INFO Epoch 3/5, train generator loss: 0.09115
2026-04-20 04:29:28,156 P20772 INFO Epoch 3/5, train discriminator loss: 0.45750
2026-04-20 04:29:32,969 P20772 INFO *** Test time is 4.813048601150513
2026-04-20 04:29:32,969 P20772 INFO Epoch 3/5, test f1: 0.78466 rc: 0.79580 pc: 0.77383. [213.43s]
2026-04-20 04:31:24,894 P20772 INFO Epoch 4/5, train generator loss: 0.09075
2026-04-20 04:33:03,992 P20772 INFO Epoch 4/5, train discriminator loss: 0.39405
2026-04-20 04:33:09,089 P20772 INFO *** Test time is 5.096911668777466
2026-04-20 04:33:09,089 P20772 INFO Epoch 4/5, test f1: 0.79739 rc: 0.80801 pc: 0.78705. [210.99s]
2026-04-20 04:34:13,675 P20772 INFO Threshold (p=95.0, src=unlabel(fallback)): 0.267977
2026-04-20 04:34:15,709 P20772 INFO *** Test F1 0.7620  of unsupervised traning
2026-04-20 04:34:15,709 P20772 INFO *** Best F1 {'f1': 0.7973897964771379, 'rc': 0.808008878202164, 'pc': 0.7870462120529682}  of unsupervised traning
2026-04-20 04:34:15,869 P20772 INFO Current hash id 522fb4df
