2026-04-20 03:51:33,159 P18588 INFO ^^^^^^^^^^ Current Model:hades, d1c174c8 ^^^^^^^^^^
2026-04-20 03:51:33,159 P18588 INFO Load from D:\UAC-AD\data\rcaeval_re2_ob
2026-04-20 03:51:36,212 P18588 INFO 40 unique log templates found.
2026-04-20 03:51:36,232 P18588 INFO Transforming unlabel train data.
2026-04-20 03:51:37,545 P18588 INFO Transforming test data.
2026-04-20 03:51:37,895 P18588 INFO 1 new templates show.
2026-04-20 03:51:39,165 P18588 INFO Data loaded done!
2026-04-20 03:53:26,186 P18588 INFO Known word number: 40
2026-04-20 03:55:19,322 P18588 INFO Epoch 0/5, train generator loss: 0.20867
2026-04-20 03:57:01,839 P18588 INFO Epoch 0/5, train discriminator loss: 0.16741
2026-04-20 03:57:06,726 P18588 INFO *** Test time is 4.8797619342803955
2026-04-20 03:57:06,726 P18588 INFO Epoch 0/5, test f1: 0.44182 rc: 0.45074 pc: 0.43325. [212.34s]
2026-04-20 03:58:58,275 P18588 INFO Epoch 1/5, train generator loss: 0.11491
2026-04-20 04:00:37,798 P18588 INFO Epoch 1/5, train discriminator loss: 0.54631
2026-04-20 04:00:42,713 P18588 INFO *** Test time is 4.91542649269104
2026-04-20 04:00:42,713 P18588 INFO Epoch 1/5, test f1: 0.58552 rc: 0.57051 pc: 0.60133. [211.03s]
2026-04-20 04:02:34,598 P18588 INFO Epoch 2/5, train generator loss: 0.08685
2026-04-20 04:04:15,064 P18588 INFO Epoch 2/5, train discriminator loss: 0.24800
2026-04-20 04:04:19,510 P18588 INFO *** Test time is 4.445753812789917
2026-04-20 04:04:19,510 P18588 INFO Epoch 2/5, test f1: 0.59443 rc: 0.60778 pc: 0.58165. [212.32s]
2026-04-20 04:06:13,475 P18588 INFO Epoch 3/5, train generator loss: 0.09044
2026-04-20 04:07:54,411 P18588 INFO Epoch 3/5, train discriminator loss: 0.42457
2026-04-20 04:07:59,699 P18588 INFO *** Test time is 5.285367727279663
2026-04-20 04:07:59,699 P18588 INFO Epoch 3/5, test f1: 0.59536 rc: 0.60885 pc: 0.58245. [214.81s]
2026-04-20 04:09:51,979 P18588 INFO Epoch 4/5, train generator loss: 0.09368
2026-04-20 04:11:29,742 P18588 INFO Epoch 4/5, train discriminator loss: 0.50546
2026-04-20 04:11:34,620 P18588 INFO *** Test time is 4.878098726272583
2026-04-20 04:11:34,620 P18588 INFO Epoch 4/5, test f1: 0.58928 rc: 0.55925 pc: 0.62272. [210.01s]
2026-04-20 04:11:34,620 P18588 INFO early stopping epoch 1/3
2026-04-20 04:12:38,710 P18588 INFO Threshold (p=95.0, src=unlabel(fallback)): 0.275786
2026-04-20 04:12:40,644 P18588 INFO *** Test F1 0.5099  of unsupervised traning
2026-04-20 04:12:40,653 P18588 INFO *** Best F1 {'f1': 0.5953589901770038, 'rc': 0.608851790740561, 'pc': 0.5824512534818942}  of unsupervised traning
2026-04-20 04:12:40,887 P18588 INFO Current hash id d1c174c8
