2026-04-21 05:24:39,757 P21772 INFO ^^^^^^^^^^ Current Model:hades, 89f34f8d ^^^^^^^^^^
2026-04-21 05:24:39,758 P21772 INFO Load from D:\UAC-AD\data\rcaeval_re2_ob
2026-04-21 05:24:47,081 P21772 INFO 40 unique log templates found.
2026-04-21 05:24:47,093 P21772 INFO Transforming unlabel train data.
2026-04-21 05:24:48,333 P21772 INFO Transforming test data.
2026-04-21 05:24:48,636 P21772 INFO 1 new templates show.
2026-04-21 05:24:50,412 P21772 INFO Data loaded done!
2026-04-21 05:26:59,822 P21772 INFO Known word number: 40
2026-04-21 05:30:14,046 P21772 INFO Epoch 0/5, train generator loss: 0.90791
2026-04-21 05:33:20,535 P21772 INFO Epoch 0/5, train discriminator loss: 0.87333
2026-04-21 05:33:29,976 P21772 INFO *** Test time is 9.434267044067383
2026-04-21 05:33:29,977 P21772 INFO Epoch 0/5, test f1: 0.77560 rc: 0.66133 pc: 0.93759. [375.86s]
2026-04-21 05:36:36,479 P21772 INFO Epoch 1/5, train generator loss: 0.88635
2026-04-21 05:39:36,810 P21772 INFO Epoch 1/5, train discriminator loss: 1.28552
2026-04-21 05:39:46,369 P21772 INFO *** Test time is 9.55429744720459
2026-04-21 05:39:46,369 P21772 INFO Epoch 1/5, test f1: 0.78139 rc: 0.64755 pc: 0.98495. [366.67s]
2026-04-21 05:42:53,439 P21772 INFO Epoch 2/5, train generator loss: 0.82803
2026-04-21 05:45:56,643 P21772 INFO Epoch 2/5, train discriminator loss: 0.61260
2026-04-21 05:46:04,236 P21772 INFO *** Test time is 7.586752891540527
2026-04-21 05:46:04,237 P21772 INFO Epoch 2/5, test f1: 0.78665 rc: 0.65199 pc: 0.99142. [370.20s]
2026-04-21 05:49:18,203 P21772 INFO Epoch 3/5, train generator loss: 0.80670
2026-04-21 05:52:21,285 P21772 INFO Epoch 3/5, train discriminator loss: 0.93674
2026-04-21 05:52:29,245 P21772 INFO *** Test time is 7.955782413482666
2026-04-21 05:52:29,245 P21772 INFO Epoch 3/5, test f1: 0.82057 rc: 0.69805 pc: 0.99525. [376.98s]
2026-04-21 05:55:38,017 P21772 INFO Epoch 4/5, train generator loss: 0.78999
2026-04-21 05:58:40,900 P21772 INFO Epoch 4/5, train discriminator loss: 0.69682
2026-04-21 05:58:49,139 P21772 INFO *** Test time is 8.231297731399536
2026-04-21 05:58:49,139 P21772 INFO Epoch 4/5, test f1: 0.85078 rc: 0.74244 pc: 0.99615. [371.58s]
2026-04-21 06:00:34,609 P21772 INFO Threshold (p=95.0, src=unlabel(fallback)): 0.653636
2026-04-21 06:00:38,466 P21772 INFO *** Test F1 0.6901  of unsupervised traning
2026-04-21 06:00:38,466 P21772 INFO *** Best F1 {'f1': 0.850784230606189, 'rc': 0.7424396559696661, 'pc': 0.9961533689043306}  of unsupervised traning
2026-04-21 06:00:39,011 P21772 INFO Current hash id 89f34f8d
