2026-04-24 00:15:08,762 P2308 INFO ^^^^^^^^^^ Current Model:hades, 99388f9e ^^^^^^^^^^
2026-04-24 00:15:08,762 P2308 INFO Load from D:\UAC-AD\data\rcaeval_re3_ob
2026-04-24 00:15:12,533 P2308 INFO 301 unique log templates found.
2026-04-24 00:15:12,543 P2308 INFO Transforming unlabel train data.
2026-04-24 00:15:13,138 P2308 INFO Transforming test data.
2026-04-24 00:15:13,296 P2308 INFO 18 new templates show.
2026-04-24 00:15:14,433 P2308 INFO Data loaded done!
2026-04-24 00:15:40,471 P2308 INFO Known word number: 301
2026-04-24 00:16:50,541 P2308 INFO Epoch 0/5, train generator loss: 0.24940
2026-04-24 00:17:57,592 P2308 INFO Epoch 0/5, train discriminator loss: 1.88179
2026-04-24 00:18:01,456 P2308 INFO *** Test time is 3.8479158878326416
2026-04-24 00:18:01,456 P2308 INFO Epoch 0/5, test f1: 0.87340 rc: 0.87795 pc: 0.86890. [131.92s]
2026-04-24 00:19:04,487 P2308 INFO Epoch 1/5, train generator loss: 0.15123
2026-04-24 00:20:06,416 P2308 INFO Epoch 1/5, train discriminator loss: 0.86603
2026-04-24 00:20:09,691 P2308 INFO *** Test time is 3.271026134490967
2026-04-24 00:20:09,691 P2308 INFO Epoch 1/5, test f1: 0.90686 rc: 0.90644 pc: 0.90728. [124.93s]
2026-04-24 00:21:12,986 P2308 INFO Epoch 2/5, train generator loss: 0.14994
2026-04-24 00:22:16,056 P2308 INFO Epoch 2/5, train discriminator loss: 0.62917
2026-04-24 00:22:19,284 P2308 INFO *** Test time is 3.2288146018981934
2026-04-24 00:22:19,284 P2308 INFO Epoch 2/5, test f1: 0.90381 rc: 0.90412 pc: 0.90349. [126.32s]
2026-04-24 00:22:19,284 P2308 INFO early stopping epoch 1/3
2026-04-24 00:23:25,465 P2308 INFO Epoch 3/5, train generator loss: 0.13547
2026-04-24 00:24:29,198 P2308 INFO Epoch 3/5, train discriminator loss: 0.30298
2026-04-24 00:24:32,462 P2308 INFO *** Test time is 3.263800859451294
2026-04-24 00:24:32,462 P2308 INFO Epoch 3/5, test f1: 0.92057 rc: 0.91663 pc: 0.92455. [129.91s]
2026-04-24 00:25:35,933 P2308 INFO Epoch 4/5, train generator loss: 0.13860
2026-04-24 00:26:38,098 P2308 INFO Epoch 4/5, train discriminator loss: 0.53530
2026-04-24 00:26:41,388 P2308 INFO *** Test time is 3.2898640632629395
2026-04-24 00:26:41,388 P2308 INFO Epoch 4/5, test f1: 0.91820 rc: 0.91640 pc: 0.92002. [125.59s]
2026-04-24 00:26:41,388 P2308 INFO early stopping epoch 1/3
2026-04-24 00:27:18,319 P2308 INFO Threshold (p=95.0, src=unlabel(fallback)): 0.205414
2026-04-24 00:27:19,692 P2308 INFO *** Test F1 0.8875  of unsupervised traning
2026-04-24 00:27:19,692 P2308 INFO *** Best F1 {'f1': 0.9205721595534364, 'rc': 0.9166280685502547, 'pc': 0.9245503387059099}  of unsupervised traning
2026-04-24 00:27:19,949 P2308 INFO Current hash id 99388f9e
