2026-04-26 00:19:38,086 P10752 INFO ^^^^^^^^^^ Current Model:hades, bd62ee0a ^^^^^^^^^^
2026-04-26 00:19:38,086 P10752 INFO Load from ../data/sn
2026-04-26 00:19:38,514 P10752 INFO 375 unique log templates found.
2026-04-26 00:19:38,514 P10752 INFO Transforming unlabel train data.
2026-04-26 00:19:38,562 P10752 INFO Transforming test data.
2026-04-26 00:19:38,577 P10752 INFO 170 new templates show.
2026-04-26 00:19:38,609 P10752 INFO Transforming val data.
2026-04-26 00:19:38,609 P10752 INFO 77 new templates show.
2026-04-26 00:19:38,609 P10752 INFO Data loaded done!
2026-04-26 00:19:38,656 P10752 INFO Known word number: 375
2026-04-26 00:19:45,725 P10752 INFO Epoch 0/10, train generator loss: 1.27778
2026-04-26 00:19:45,930 P10752 INFO Epoch 0/10, train discriminator loss: 2.84588
2026-04-26 00:19:46,152 P10752 INFO *** Test time is 0.22160887718200684
2026-04-26 00:19:46,152 P10752 INFO Epoch 0/10, test f1: 0.88889 rc: 0.80000 pc: 1.00000. [3.22s]
2026-04-26 00:19:46,287 P10752 INFO Epoch 1/10, train generator loss: 1.19747
2026-04-26 00:19:46,359 P10752 INFO Epoch 1/10, train discriminator loss: 2.30864
2026-04-26 00:19:46,530 P10752 INFO *** Test time is 0.17127180099487305
2026-04-26 00:19:46,530 P10752 INFO Epoch 1/10, test f1: 0.88889 rc: 0.80000 pc: 1.00000. [0.19s]
2026-04-26 00:19:46,530 P10752 INFO early stopping epoch 1/5
2026-04-26 00:19:46,647 P10752 INFO Epoch 2/10, train generator loss: 1.20700
2026-04-26 00:19:46,719 P10752 INFO Epoch 2/10, train discriminator loss: 1.94214
2026-04-26 00:19:46,886 P10752 INFO *** Test time is 0.1662766933441162
2026-04-26 00:19:46,886 P10752 INFO Epoch 2/10, test f1: 0.88889 rc: 0.80000 pc: 1.00000. [0.19s]
2026-04-26 00:19:46,886 P10752 INFO early stopping epoch 2/5
2026-04-26 00:19:47,009 P10752 INFO Epoch 3/10, train generator loss: 1.25475
2026-04-26 00:19:47,100 P10752 INFO Epoch 3/10, train discriminator loss: 1.63466
2026-04-26 00:19:47,243 P10752 INFO *** Test time is 0.1427302360534668
2026-04-26 00:19:47,243 P10752 INFO Epoch 3/10, test f1: 0.88889 rc: 0.80000 pc: 1.00000. [0.21s]
2026-04-26 00:19:47,243 P10752 INFO early stopping epoch 3/5
2026-04-26 00:19:47,354 P10752 INFO Epoch 4/10, train generator loss: 1.33230
2026-04-26 00:19:47,431 P10752 INFO Epoch 4/10, train discriminator loss: 1.39749
2026-04-26 00:19:47,560 P10752 INFO *** Test time is 0.12892627716064453
2026-04-26 00:19:47,560 P10752 INFO Epoch 4/10, test f1: 0.88889 rc: 0.80000 pc: 1.00000. [0.19s]
2026-04-26 00:19:47,560 P10752 INFO early stopping epoch 4/5
2026-04-26 00:19:47,680 P10752 INFO Epoch 5/10, train generator loss: 1.42097
2026-04-26 00:19:47,765 P10752 INFO Epoch 5/10, train discriminator loss: 1.23884
2026-04-26 00:19:47,892 P10752 INFO *** Test time is 0.12639832496643066
2026-04-26 00:19:47,892 P10752 INFO Epoch 5/10, test f1: 0.88889 rc: 0.80000 pc: 1.00000. [0.21s]
2026-04-26 00:19:47,892 P10752 INFO early stopping epoch 5/5
2026-04-26 00:19:47,892 P10752 INFO Early stopping
2026-04-26 00:19:47,988 P10752 INFO Threshold (p=95.0, src=val): 1.415685
2026-04-26 00:19:48,004 P10752 INFO *** Test F1 0.4706  of unsupervised traning
2026-04-26 00:19:48,004 P10752 INFO *** Best F1 {'f1': 0.8888888888888888, 'rc': 0.8, 'pc': 1.0}  of unsupervised traning
2026-04-26 00:19:48,019 P10752 INFO Current hash id bd62ee0a
