2026-04-15 22:26:01,932 P20120 INFO ^^^^^^^^^^ Current Model:hades, sn_5_1_l1_True_False_template_appear_False_False_40_False_add_multi_modal_self_attn_fuse_32_False_False_True_False_True_False_True_True_True_16_0 ^^^^^^^^^^
2026-04-15 22:26:01,932 P20120 INFO Load from ../data/sn
2026-04-15 22:26:02,464 P20120 INFO 375 unique log templates found.
2026-04-15 22:26:02,465 P20120 INFO Transforming unlabel train data.
2026-04-15 22:26:02,526 P20120 INFO Transforming test data.
2026-04-15 22:26:02,565 P20120 INFO 193 new templates show.
2026-04-15 22:26:02,618 P20120 INFO Transforming val data.
2026-04-15 22:26:02,618 P20120 INFO 77 new templates show.
2026-04-15 22:26:02,618 P20120 INFO Data loaded done!
2026-04-15 22:26:02,664 P20120 INFO Known word number: 375
2026-04-15 22:26:07,515 P20120 INFO Epoch 0/10, train generator loss: 1.29030
2026-04-15 22:26:07,670 P20120 INFO Epoch 0/10, train discriminator loss: 2.82048
2026-04-15 22:26:07,899 P20120 INFO *** Test time is 0.22885704040527344
2026-04-15 22:26:07,899 P20120 INFO Epoch 0/10, test f1: 1.00000 rc: 1.00000 pc: 1.00000. [1.23s]
2026-04-15 22:26:08,154 P20120 INFO Epoch 1/10, train generator loss: 1.18951
2026-04-15 22:26:08,323 P20120 INFO Epoch 1/10, train discriminator loss: 2.29013
2026-04-15 22:26:08,616 P20120 INFO *** Test time is 0.2927515506744385
2026-04-15 22:26:08,616 P20120 INFO Epoch 1/10, test f1: 1.00000 rc: 1.00000 pc: 1.00000. [0.40s]
2026-04-15 22:26:08,616 P20120 INFO early stopping epoch 1/5
2026-04-15 22:26:08,851 P20120 INFO Epoch 2/10, train generator loss: 1.22269
2026-04-15 22:26:09,045 P20120 INFO Epoch 2/10, train discriminator loss: 1.88321
2026-04-15 22:26:09,287 P20120 INFO *** Test time is 0.2398514747619629
2026-04-15 22:26:09,287 P20120 INFO Epoch 2/10, test f1: 1.00000 rc: 1.00000 pc: 1.00000. [0.43s]
2026-04-15 22:26:09,287 P20120 INFO early stopping epoch 2/5
2026-04-15 22:26:09,488 P20120 INFO Epoch 3/10, train generator loss: 1.30018
2026-04-15 22:26:09,656 P20120 INFO Epoch 3/10, train discriminator loss: 1.57502
2026-04-15 22:26:10,072 P20120 INFO *** Test time is 0.4157984256744385
2026-04-15 22:26:10,072 P20120 INFO Epoch 3/10, test f1: 1.00000 rc: 1.00000 pc: 1.00000. [0.37s]
2026-04-15 22:26:10,072 P20120 INFO early stopping epoch 3/5
2026-04-15 22:26:10,302 P20120 INFO Epoch 4/10, train generator loss: 1.39580
2026-04-15 22:26:10,442 P20120 INFO Epoch 4/10, train discriminator loss: 1.37263
2026-04-15 22:26:10,643 P20120 INFO *** Test time is 0.20096087455749512
2026-04-15 22:26:10,643 P20120 INFO Epoch 4/10, test f1: 1.00000 rc: 1.00000 pc: 1.00000. [0.37s]
2026-04-15 22:26:10,643 P20120 INFO early stopping epoch 4/5
2026-04-15 22:26:10,831 P20120 INFO Epoch 5/10, train generator loss: 1.50369
2026-04-15 22:26:10,988 P20120 INFO Epoch 5/10, train discriminator loss: 1.24715
2026-04-15 22:26:11,207 P20120 INFO *** Test time is 0.2191152572631836
2026-04-15 22:26:11,209 P20120 INFO Epoch 5/10, test f1: 1.00000 rc: 1.00000 pc: 1.00000. [0.34s]
2026-04-15 22:26:11,209 P20120 INFO early stopping epoch 5/5
2026-04-15 22:26:11,209 P20120 INFO Early stopping
2026-04-15 22:26:11,370 P20120 INFO Threshold (p=95.0, src=val): 1.411419
2026-04-15 22:26:11,412 P20120 INFO *** Test F1 0.6316  of unsupervised traning
2026-04-15 22:26:11,412 P20120 INFO *** Best F1 {'f1': 1.0, 'rc': 1.0, 'pc': 1.0}  of unsupervised traning
2026-04-15 22:26:11,412 P20120 INFO Current hash id sn_5_1_l1_True_False_template_appear_False_False_40_False_add_multi_modal_self_attn_fuse_32_False_False_True_False_True_False_True_True_True_16_0
