2026-04-23 23:23:51,262 P13476 INFO ^^^^^^^^^^ Current Model:hades, 52204a1c ^^^^^^^^^^
2026-04-23 23:23:51,262 P13476 INFO Load from D:\UAC-AD\data\rcaeval_re3_ob
2026-04-23 23:23:57,614 P13476 INFO 301 unique log templates found.
2026-04-23 23:23:57,631 P13476 INFO Transforming unlabel train data.
2026-04-23 23:23:58,160 P13476 INFO Transforming test data.
2026-04-23 23:23:58,272 P13476 INFO 20 new templates show.
2026-04-23 23:23:59,401 P13476 INFO Data loaded done!
2026-04-23 23:24:24,555 P13476 INFO Known word number: 301
2026-04-23 23:25:33,061 P13476 INFO Epoch 0/5, train generator loss: 0.25006
2026-04-23 23:26:48,144 P13476 INFO Epoch 0/5, train discriminator loss: 1.87788
2026-04-23 23:26:53,273 P13476 INFO *** Test time is 5.123438835144043
2026-04-23 23:26:53,273 P13476 INFO Epoch 0/5, test f1: 0.81220 rc: 0.74861 pc: 0.88759. [140.12s]
2026-04-23 23:27:56,589 P13476 INFO Epoch 1/5, train generator loss: 0.15042
2026-04-23 23:29:38,942 P13476 INFO Epoch 1/5, train discriminator loss: 0.88377
2026-04-23 23:29:43,006 P13476 INFO *** Test time is 4.063825845718384
2026-04-23 23:29:43,006 P13476 INFO Epoch 1/5, test f1: 0.82614 rc: 0.75993 pc: 0.90499. [165.61s]
2026-04-23 23:30:46,646 P13476 INFO Epoch 2/5, train generator loss: 0.14322
2026-04-23 23:31:55,281 P13476 INFO Epoch 2/5, train discriminator loss: 0.51235
2026-04-23 23:31:59,407 P13476 INFO *** Test time is 4.1244285106658936
2026-04-23 23:31:59,407 P13476 INFO Epoch 2/5, test f1: 0.82542 rc: 0.73989 pc: 0.93330. [132.24s]
2026-04-23 23:31:59,407 P13476 INFO early stopping epoch 1/3
2026-04-23 23:33:01,351 P13476 INFO Epoch 3/5, train generator loss: 0.13600
2026-04-23 23:34:06,972 P13476 INFO Epoch 3/5, train discriminator loss: 0.39069
2026-04-23 23:34:11,513 P13476 INFO *** Test time is 4.534490585327148
2026-04-23 23:34:11,513 P13476 INFO Epoch 3/5, test f1: 0.83073 rc: 0.74527 pc: 0.93833. [127.57s]
2026-04-23 23:35:13,496 P13476 INFO Epoch 4/5, train generator loss: 0.13606
2026-04-23 23:36:17,614 P13476 INFO Epoch 4/5, train discriminator loss: 0.58958
2026-04-23 23:36:21,579 P13476 INFO *** Test time is 3.9618823528289795
2026-04-23 23:36:21,579 P13476 INFO Epoch 4/5, test f1: 0.82856 rc: 0.74286 pc: 0.93661. [126.03s]
2026-04-23 23:36:21,579 P13476 INFO early stopping epoch 1/3
2026-04-23 23:36:57,418 P13476 INFO Threshold (p=95.0, src=unlabel(fallback)): 0.204353
2026-04-23 23:36:59,085 P13476 INFO *** Test F1 0.7588  of unsupervised traning
2026-04-23 23:36:59,085 P13476 INFO *** Best F1 {'f1': 0.8307310515975597, 'rc': 0.7452690166975882, 'pc': 0.9383321653819201}  of unsupervised traning
2026-04-23 23:36:59,313 P13476 INFO Current hash id 52204a1c
