2026-04-20 04:34:32,576 P14860 INFO ^^^^^^^^^^ Current Model:hades, a8958dd8 ^^^^^^^^^^
2026-04-20 04:34:32,576 P14860 INFO Load from D:\UAC-AD\data\rcaeval_re2_ob
2026-04-20 04:34:35,267 P14860 INFO 40 unique log templates found.
2026-04-20 04:34:35,283 P14860 INFO Transforming unlabel train data.
2026-04-20 04:34:36,711 P14860 INFO Transforming test data.
2026-04-20 04:34:37,076 P14860 INFO 1 new templates show.
2026-04-20 04:34:38,416 P14860 INFO Data loaded done!
2026-04-20 04:36:19,886 P14860 INFO Known word number: 40
2026-04-20 04:38:12,829 P14860 INFO Epoch 0/5, train generator loss: 0.19213
2026-04-20 04:39:53,037 P14860 INFO Epoch 0/5, train discriminator loss: 0.16353
2026-04-20 04:39:57,615 P14860 INFO *** Test time is 4.5786168575286865
2026-04-20 04:39:57,615 P14860 INFO Epoch 0/5, test f1: 0.98421 rc: 0.96892 pc: 1.00000. [209.78s]
2026-04-20 04:41:48,046 P14860 INFO Epoch 1/5, train generator loss: 0.12158
2026-04-20 04:43:27,849 P14860 INFO Epoch 1/5, train discriminator loss: 0.42925
2026-04-20 04:43:32,683 P14860 INFO *** Test time is 4.83429217338562
2026-04-20 04:43:32,683 P14860 INFO Epoch 1/5, test f1: 0.98426 rc: 0.96901 pc: 1.00000. [210.20s]
2026-04-20 04:45:23,448 P14860 INFO Epoch 2/5, train generator loss: 0.09479
2026-04-20 04:47:01,645 P14860 INFO Epoch 2/5, train discriminator loss: 0.24724
2026-04-20 04:47:06,624 P14860 INFO *** Test time is 4.979164123535156
2026-04-20 04:47:06,624 P14860 INFO Epoch 2/5, test f1: 0.98431 rc: 0.96910 pc: 1.00000. [208.91s]
2026-04-20 04:48:59,913 P14860 INFO Epoch 3/5, train generator loss: 0.08579
2026-04-20 04:50:38,240 P14860 INFO Epoch 3/5, train discriminator loss: 0.47661
2026-04-20 04:50:43,054 P14860 INFO *** Test time is 4.814762115478516
2026-04-20 04:50:43,054 P14860 INFO Epoch 3/5, test f1: 0.98431 rc: 0.96910 pc: 1.00000. [211.58s]
2026-04-20 04:50:43,054 P14860 INFO early stopping epoch 1/3
2026-04-20 04:52:35,042 P14860 INFO Epoch 4/5, train generator loss: 0.08762
2026-04-20 04:54:12,789 P14860 INFO Epoch 4/5, train discriminator loss: 0.50075
2026-04-20 04:54:17,617 P14860 INFO *** Test time is 4.827075719833374
2026-04-20 04:54:17,617 P14860 INFO Epoch 4/5, test f1: 0.98431 rc: 0.96910 pc: 1.00000. [209.74s]
2026-04-20 04:54:17,617 P14860 INFO early stopping epoch 2/3
2026-04-20 04:55:22,033 P14860 INFO Threshold (p=95.0, src=unlabel(fallback)): 0.273234
2026-04-20 04:55:24,135 P14860 INFO *** Test F1 0.3705  of unsupervised traning
2026-04-20 04:55:24,135 P14860 INFO *** Best F1 {'f1': 0.9843089354505309, 'rc': 0.9691026827012026, 'pc': 1.0}  of unsupervised traning
2026-04-20 04:55:24,390 P14860 INFO Current hash id a8958dd8
