2026-04-15 22:28:40,503 P25888 INFO ^^^^^^^^^^ Current Model:hades, sn_5_1_l1_True_False_template_appear_False_False_40_False_add_multi_modal_self_attn_fuse_32_False_False_True_False_True_False_True_True_True_16_0 ^^^^^^^^^^
2026-04-15 22:28:40,503 P25888 INFO Load from ../data/sn
2026-04-15 22:28:41,123 P25888 INFO 375 unique log templates found.
2026-04-15 22:28:41,131 P25888 INFO Transforming unlabel train data.
2026-04-15 22:28:41,220 P25888 INFO Transforming test data.
2026-04-15 22:28:41,284 P25888 INFO 185 new templates show.
2026-04-15 22:28:41,347 P25888 INFO Transforming val data.
2026-04-15 22:28:41,347 P25888 INFO 77 new templates show.
2026-04-15 22:28:41,347 P25888 INFO Data loaded done!
2026-04-15 22:28:41,403 P25888 INFO Known word number: 375
2026-04-15 22:28:47,652 P25888 INFO Epoch 0/10, train generator loss: 1.26897
2026-04-15 22:28:47,809 P25888 INFO Epoch 0/10, train discriminator loss: 2.73842
2026-04-15 22:28:48,075 P25888 INFO *** Test time is 0.2659287452697754
2026-04-15 22:28:48,075 P25888 INFO Epoch 0/10, test f1: 0.90909 rc: 1.00000 pc: 0.83333. [0.95s]
2026-04-15 22:28:48,329 P25888 INFO Epoch 1/10, train generator loss: 1.19369
2026-04-15 22:28:48,441 P25888 INFO Epoch 1/10, train discriminator loss: 2.23355
2026-04-15 22:28:48,628 P25888 INFO *** Test time is 0.18680906295776367
2026-04-15 22:28:48,628 P25888 INFO Epoch 1/10, test f1: 0.90909 rc: 1.00000 pc: 0.83333. [0.34s]
2026-04-15 22:28:48,628 P25888 INFO early stopping epoch 1/5
2026-04-15 22:28:48,845 P25888 INFO Epoch 2/10, train generator loss: 1.22210
2026-04-15 22:28:48,999 P25888 INFO Epoch 2/10, train discriminator loss: 1.83139
2026-04-15 22:28:49,277 P25888 INFO *** Test time is 0.27831172943115234
2026-04-15 22:28:49,277 P25888 INFO Epoch 2/10, test f1: 0.90909 rc: 1.00000 pc: 0.83333. [0.37s]
2026-04-15 22:28:49,277 P25888 INFO early stopping epoch 2/5
2026-04-15 22:28:49,490 P25888 INFO Epoch 3/10, train generator loss: 1.29643
2026-04-15 22:28:49,630 P25888 INFO Epoch 3/10, train discriminator loss: 1.52233
2026-04-15 22:28:49,925 P25888 INFO *** Test time is 0.294323205947876
2026-04-15 22:28:49,925 P25888 INFO Epoch 3/10, test f1: 0.90909 rc: 1.00000 pc: 0.83333. [0.35s]
2026-04-15 22:28:49,925 P25888 INFO early stopping epoch 3/5
2026-04-15 22:28:50,114 P25888 INFO Epoch 4/10, train generator loss: 1.38919
2026-04-15 22:28:50,266 P25888 INFO Epoch 4/10, train discriminator loss: 1.30209
2026-04-15 22:28:50,528 P25888 INFO *** Test time is 0.26270246505737305
2026-04-15 22:28:50,528 P25888 INFO Epoch 4/10, test f1: 0.90909 rc: 1.00000 pc: 0.83333. [0.34s]
2026-04-15 22:28:50,528 P25888 INFO early stopping epoch 4/5
2026-04-15 22:28:50,740 P25888 INFO Epoch 5/10, train generator loss: 1.49022
2026-04-15 22:28:50,890 P25888 INFO Epoch 5/10, train discriminator loss: 1.17794
2026-04-15 22:28:51,146 P25888 INFO *** Test time is 0.25592565536499023
2026-04-15 22:28:51,146 P25888 INFO Epoch 5/10, test f1: 0.90909 rc: 1.00000 pc: 0.83333. [0.36s]
2026-04-15 22:28:51,146 P25888 INFO early stopping epoch 5/5
2026-04-15 22:28:51,146 P25888 INFO Early stopping
2026-04-15 22:28:51,295 P25888 INFO Threshold (p=95.0, src=val): 1.393297
2026-04-15 22:28:51,329 P25888 INFO *** Test F1 0.4762  of unsupervised traning
2026-04-15 22:28:51,329 P25888 INFO *** Best F1 {'f1': 0.9090909090909091, 'rc': 1.0, 'pc': 0.8333333333333334}  of unsupervised traning
2026-04-15 22:28:51,342 P25888 INFO Current hash id sn_5_1_l1_True_False_template_appear_False_False_40_False_add_multi_modal_self_attn_fuse_32_False_False_True_False_True_False_True_True_True_16_0
