2026-04-19 15:22:40,500 P22480 INFO ^^^^^^^^^^ Current Model:hades, c0aadb36 ^^^^^^^^^^
2026-04-19 15:22:40,500 P22480 INFO Load from D:\UAC-AD\data\rcaeval_re3_ob
2026-04-19 15:22:44,987 P22480 INFO 301 unique log templates found.
2026-04-19 15:22:45,002 P22480 INFO Transforming unlabel train data.
2026-04-19 15:22:45,457 P22480 INFO Transforming test data.
2026-04-19 15:22:45,553 P22480 INFO 14 new templates show.
2026-04-19 15:22:46,387 P22480 INFO Data loaded done!
2026-04-19 15:23:18,781 P22480 INFO Known word number: 301
2026-04-19 15:24:04,229 P22480 INFO Epoch 0/5, train generator loss: 0.19616
2026-04-19 15:24:43,418 P22480 INFO Epoch 0/5, train discriminator loss: 0.19889
2026-04-19 15:24:46,203 P22480 INFO *** Test time is 2.780076026916504
2026-04-19 15:24:46,204 P22480 INFO Epoch 0/5, test f1: 0.67042 rc: 0.68903 pc: 0.65278. [80.78s]
2026-04-19 15:25:25,806 P22480 INFO Epoch 1/5, train generator loss: 0.12761
2026-04-19 15:26:05,620 P22480 INFO Epoch 1/5, train discriminator loss: 0.23774
2026-04-19 15:26:07,971 P22480 INFO *** Test time is 2.3457884788513184
2026-04-19 15:26:07,971 P22480 INFO Epoch 1/5, test f1: 0.67561 rc: 0.64669 pc: 0.70724. [79.39s]
2026-04-19 15:26:47,693 P22480 INFO Epoch 2/5, train generator loss: 0.14329
2026-04-19 15:27:26,490 P22480 INFO Epoch 2/5, train discriminator loss: 0.33500
2026-04-19 15:27:29,223 P22480 INFO *** Test time is 2.7322099208831787
2026-04-19 15:27:29,224 P22480 INFO Epoch 2/5, test f1: 0.60812 rc: 0.62888 pc: 0.58869. [78.49s]
2026-04-19 15:27:29,224 P22480 INFO early stopping epoch 1/3
2026-04-19 15:28:08,870 P22480 INFO Epoch 3/5, train generator loss: 0.13875
2026-04-19 15:28:49,588 P22480 INFO Epoch 3/5, train discriminator loss: 0.30809
2026-04-19 15:28:51,728 P22480 INFO *** Test time is 2.140566110610962
2026-04-19 15:28:51,728 P22480 INFO Epoch 3/5, test f1: 0.59966 rc: 0.60458 pc: 0.59481. [80.36s]
2026-04-19 15:28:51,728 P22480 INFO early stopping epoch 2/3
2026-04-19 15:29:32,485 P22480 INFO Epoch 4/5, train generator loss: 0.13715
2026-04-19 15:30:13,343 P22480 INFO Epoch 4/5, train discriminator loss: 0.60973
2026-04-19 15:30:16,074 P22480 INFO *** Test time is 2.7267940044403076
2026-04-19 15:30:16,074 P22480 INFO Epoch 4/5, test f1: 0.61819 rc: 0.62263 pc: 0.61382. [81.62s]
2026-04-19 15:30:16,074 P22480 INFO early stopping epoch 3/3
2026-04-19 15:30:16,074 P22480 INFO Early stopping
2026-04-19 15:30:38,772 P22480 INFO Threshold (p=95.0, src=unlabel(fallback)): 0.198492
2026-04-19 15:30:39,667 P22480 INFO *** Test F1 0.5754  of unsupervised traning
2026-04-19 15:30:39,667 P22480 INFO *** Best F1 {'f1': 0.6756103456611071, 'rc': 0.6466913465987969, 'pc': 0.7072368421052632}  of unsupervised traning
2026-04-19 15:30:39,916 P22480 INFO Current hash id c0aadb36
