2026-04-14 08:10:30,931 P21168 INFO ^^^^^^^^^^ Current Model:hades, sn_5_1_l1_True_False_template_appear_False_False_40_False_add_multi_modal_self_attn_fuse_32_False_False_True_False_True_False_True_True_True_16_0 ^^^^^^^^^^
2026-04-14 08:10:30,931 P21168 INFO Load from ../data/sn
2026-04-14 08:10:31,393 P21168 INFO 375 unique log templates found.
2026-04-14 08:10:31,393 P21168 INFO Transforming unlabel train data.
2026-04-14 08:10:31,456 P21168 INFO Transforming test data.
2026-04-14 08:10:31,488 P21168 INFO 170 new templates show.
2026-04-14 08:10:31,520 P21168 INFO Transforming val data.
2026-04-14 08:10:31,520 P21168 INFO 77 new templates show.
2026-04-14 08:10:31,520 P21168 INFO Data loaded done!
2026-04-14 08:12:10,243 P14244 INFO ^^^^^^^^^^ Current Model:hades, sn_5_1_l1_True_False_template_appear_False_False_40_False_add_multi_modal_self_attn_fuse_32_False_False_True_False_True_False_True_True_True_16_0 ^^^^^^^^^^
2026-04-14 08:12:10,243 P14244 INFO Load from ../data/sn
2026-04-14 08:12:10,466 P14244 INFO 375 unique log templates found.
2026-04-14 08:12:10,466 P14244 INFO Transforming unlabel train data.
2026-04-14 08:12:10,514 P14244 INFO Transforming test data.
2026-04-14 08:12:10,530 P14244 INFO 170 new templates show.
2026-04-14 08:12:10,561 P14244 INFO Transforming val data.
2026-04-14 08:12:10,561 P14244 INFO 77 new templates show.
2026-04-14 08:12:10,561 P14244 INFO Data loaded done!
2026-04-14 08:12:10,609 P14244 INFO Known word number: 375
2026-04-14 08:12:16,336 P14244 INFO Epoch 0/10, train generator loss: 1.27411
2026-04-14 08:12:16,431 P14244 INFO Epoch 0/10, train discriminator loss: 2.73384
2026-04-14 08:12:16,621 P14244 INFO *** Test time is 0.18975257873535156
2026-04-14 08:12:16,621 P14244 INFO Epoch 0/10, test f1: 0.88889 rc: 0.80000 pc: 1.00000. [2.32s]
2026-04-14 08:12:16,763 P14244 INFO Epoch 1/10, train generator loss: 1.22645
2026-04-14 08:12:16,842 P14244 INFO Epoch 1/10, train discriminator loss: 2.24718
2026-04-14 08:12:16,999 P14244 INFO *** Test time is 0.1573796272277832
2026-04-14 08:12:16,999 P14244 INFO Epoch 1/10, test f1: 0.88889 rc: 0.80000 pc: 1.00000. [0.20s]
2026-04-14 08:12:16,999 P14244 INFO early stopping epoch 1/5
2026-04-14 08:12:17,094 P14244 INFO Epoch 2/10, train generator loss: 1.24534
2026-04-14 08:12:17,171 P14244 INFO Epoch 2/10, train discriminator loss: 1.86676
2026-04-14 08:12:17,314 P14244 INFO *** Test time is 0.1434650421142578
2026-04-14 08:12:17,314 P14244 INFO Epoch 2/10, test f1: 0.88889 rc: 0.80000 pc: 1.00000. [0.17s]
2026-04-14 08:12:17,314 P14244 INFO early stopping epoch 2/5
2026-04-14 08:12:17,424 P14244 INFO Epoch 3/10, train generator loss: 1.31682
2026-04-14 08:12:17,503 P14244 INFO Epoch 3/10, train discriminator loss: 1.55844
2026-04-14 08:12:17,660 P14244 INFO *** Test time is 0.15746855735778809
2026-04-14 08:12:17,660 P14244 INFO Epoch 3/10, test f1: 0.88889 rc: 0.80000 pc: 1.00000. [0.19s]
2026-04-14 08:12:17,660 P14244 INFO early stopping epoch 3/5
2026-04-14 08:12:17,749 P14244 INFO Epoch 4/10, train generator loss: 1.40985
2026-04-14 08:12:17,831 P14244 INFO Epoch 4/10, train discriminator loss: 1.32910
2026-04-14 08:12:17,975 P14244 INFO *** Test time is 0.1440448760986328
2026-04-14 08:12:17,975 P14244 INFO Epoch 4/10, test f1: 0.88889 rc: 0.80000 pc: 1.00000. [0.17s]
2026-04-14 08:12:17,975 P14244 INFO early stopping epoch 4/5
2026-04-14 08:12:18,086 P14244 INFO Epoch 5/10, train generator loss: 1.51721
2026-04-14 08:12:18,148 P14244 INFO Epoch 5/10, train discriminator loss: 1.17785
2026-04-14 08:12:18,306 P14244 INFO *** Test time is 0.15814638137817383
2026-04-14 08:12:18,306 P14244 INFO Epoch 5/10, test f1: 0.88889 rc: 0.80000 pc: 1.00000. [0.17s]
2026-04-14 08:12:18,306 P14244 INFO early stopping epoch 5/5
2026-04-14 08:12:18,306 P14244 INFO Early stopping
2026-04-14 08:12:18,449 P14244 INFO Threshold (p=95.0, src=val): 1.402911
2026-04-14 08:12:18,481 P14244 INFO *** Test F1 0.5714  of unsupervised traning
2026-04-14 08:12:18,481 P14244 INFO *** Best F1 {'f1': 0.8888888888888888, 'rc': 0.8, 'pc': 1.0}  of unsupervised traning
2026-04-14 08:12:18,481 P14244 INFO Current hash id sn_5_1_l1_True_False_template_appear_False_False_40_False_add_multi_modal_self_attn_fuse_32_False_False_True_False_True_False_True_True_True_16_0
2026-04-14 22:33:57,887 P6596 INFO ^^^^^^^^^^ Current Model:hades, sn_5_1_l1_True_False_template_appear_False_False_40_False_add_multi_modal_self_attn_fuse_32_False_False_True_False_True_False_True_True_True_16_0 ^^^^^^^^^^
2026-04-14 22:33:57,887 P6596 INFO Load from ../data/sn
2026-04-14 22:33:58,532 P6596 INFO 375 unique log templates found.
2026-04-14 22:33:58,538 P6596 INFO Transforming unlabel train data.
2026-04-14 22:33:58,579 P6596 INFO Transforming test data.
2026-04-14 22:33:58,606 P6596 INFO 170 new templates show.
2026-04-14 22:33:58,635 P6596 INFO Transforming val data.
2026-04-14 22:33:58,637 P6596 INFO 77 new templates show.
2026-04-14 22:33:58,639 P6596 INFO Data loaded done!
2026-04-14 22:33:58,671 P6596 INFO Known word number: 375
2026-04-14 22:34:04,504 P6596 INFO Epoch 0/10, train generator loss: 1.22399
2026-04-14 22:34:04,622 P6596 INFO Epoch 0/10, train discriminator loss: 4.25638
2026-04-14 22:34:04,770 P6596 INFO *** Test time is 0.14807820320129395
2026-04-14 22:34:04,770 P6596 INFO Epoch 0/10, test f1: 0.88889 rc: 0.80000 pc: 1.00000. [2.06s]
2026-04-14 22:34:04,911 P6596 INFO Epoch 1/10, train generator loss: 1.13007
2026-04-14 22:34:05,021 P6596 INFO Epoch 1/10, train discriminator loss: 3.77677
2026-04-14 22:34:05,177 P6596 INFO *** Test time is 0.15576744079589844
2026-04-14 22:34:05,177 P6596 INFO Epoch 1/10, test f1: 0.88889 rc: 0.80000 pc: 1.00000. [0.23s]
2026-04-14 22:34:05,177 P6596 INFO early stopping epoch 1/5
2026-04-14 22:34:05,304 P6596 INFO Epoch 2/10, train generator loss: 1.11047
2026-04-14 22:34:05,414 P6596 INFO Epoch 2/10, train discriminator loss: 3.41326
2026-04-14 22:34:05,586 P6596 INFO *** Test time is 0.17258358001708984
2026-04-14 22:34:05,586 P6596 INFO Epoch 2/10, test f1: 0.88889 rc: 0.80000 pc: 1.00000. [0.24s]
2026-04-14 22:34:05,586 P6596 INFO early stopping epoch 2/5
2026-04-14 22:34:05,734 P6596 INFO Epoch 3/10, train generator loss: 1.10987
2026-04-14 22:34:05,835 P6596 INFO Epoch 3/10, train discriminator loss: 3.16878
2026-04-14 22:34:05,978 P6596 INFO *** Test time is 0.1423332691192627
2026-04-14 22:34:05,978 P6596 INFO Epoch 3/10, test f1: 0.88889 rc: 0.80000 pc: 1.00000. [0.25s]
2026-04-14 22:34:05,978 P6596 INFO early stopping epoch 3/5
2026-04-14 22:34:06,112 P6596 INFO Epoch 4/10, train generator loss: 1.12240
2026-04-14 22:34:06,200 P6596 INFO Epoch 4/10, train discriminator loss: 3.01230
2026-04-14 22:34:06,354 P6596 INFO *** Test time is 0.1535496711730957
2026-04-14 22:34:06,354 P6596 INFO Epoch 4/10, test f1: 1.00000 rc: 1.00000 pc: 1.00000. [0.22s]
2026-04-14 22:34:06,495 P6596 INFO Epoch 5/10, train generator loss: 1.13898
2026-04-14 22:34:06,602 P6596 INFO Epoch 5/10, train discriminator loss: 2.92530
2026-04-14 22:34:06,776 P6596 INFO *** Test time is 0.1698598861694336
2026-04-14 22:34:06,776 P6596 INFO Epoch 5/10, test f1: 1.00000 rc: 1.00000 pc: 1.00000. [0.25s]
2026-04-14 22:34:06,776 P6596 INFO early stopping epoch 1/5
2026-04-14 22:34:06,919 P6596 INFO Epoch 6/10, train generator loss: 1.16004
2026-04-14 22:34:06,997 P6596 INFO Epoch 6/10, train discriminator loss: 2.87784
2026-04-14 22:34:07,187 P6596 INFO *** Test time is 0.1895008087158203
2026-04-14 22:34:07,187 P6596 INFO Epoch 6/10, test f1: 1.00000 rc: 1.00000 pc: 1.00000. [0.22s]
2026-04-14 22:34:07,187 P6596 INFO early stopping epoch 2/5
2026-04-14 22:34:07,371 P6596 INFO Epoch 7/10, train generator loss: 1.17972
2026-04-14 22:34:07,498 P6596 INFO Epoch 7/10, train discriminator loss: 2.86315
2026-04-14 22:34:07,691 P6596 INFO *** Test time is 0.19069266319274902
2026-04-14 22:34:07,691 P6596 INFO Epoch 7/10, test f1: 1.00000 rc: 1.00000 pc: 1.00000. [0.31s]
2026-04-14 22:34:07,691 P6596 INFO early stopping epoch 3/5
2026-04-14 22:34:07,843 P6596 INFO Epoch 8/10, train generator loss: 1.18913
2026-04-14 22:34:07,984 P6596 INFO Epoch 8/10, train discriminator loss: 2.87032
2026-04-14 22:34:08,191 P6596 INFO *** Test time is 0.19924616813659668
2026-04-14 22:34:08,191 P6596 INFO Epoch 8/10, test f1: 1.00000 rc: 1.00000 pc: 1.00000. [0.30s]
2026-04-14 22:34:08,191 P6596 INFO early stopping epoch 4/5
2026-04-14 22:34:08,352 P6596 INFO Epoch 9/10, train generator loss: 1.18762
2026-04-14 22:34:08,439 P6596 INFO Epoch 9/10, train discriminator loss: 2.90070
2026-04-14 22:34:08,583 P6596 INFO *** Test time is 0.14397358894348145
2026-04-14 22:34:08,583 P6596 INFO Epoch 9/10, test f1: 1.00000 rc: 1.00000 pc: 1.00000. [0.25s]
2026-04-14 22:34:08,583 P6596 INFO early stopping epoch 5/5
2026-04-14 22:34:08,583 P6596 INFO Early stopping
2026-04-14 22:34:08,726 P6596 INFO Threshold (p=95.0, src=val): 1.208979
2026-04-14 22:34:08,757 P6596 INFO *** Test F1 0.7143  of unsupervised traning
2026-04-14 22:34:08,757 P6596 INFO *** Best F1 {'f1': 1.0, 'rc': 1.0, 'pc': 1.0}  of unsupervised traning
2026-04-14 22:34:08,757 P6596 INFO Current hash id sn_5_1_l1_True_False_template_appear_False_False_40_False_add_multi_modal_self_attn_fuse_32_False_False_True_False_True_False_True_True_True_16_0
