2026-04-26 00:22:52,440 P21208 INFO ^^^^^^^^^^ Current Model:hades, b8494345 ^^^^^^^^^^
2026-04-26 00:22:52,440 P21208 INFO Load from ../data/sn
2026-04-26 00:22:52,742 P21208 INFO 375 unique log templates found.
2026-04-26 00:22:52,742 P21208 INFO Transforming unlabel train data.
2026-04-26 00:22:52,792 P21208 INFO Transforming test data.
2026-04-26 00:22:52,823 P21208 INFO 170 new templates show.
2026-04-26 00:22:52,839 P21208 INFO Transforming val data.
2026-04-26 00:22:52,839 P21208 INFO 77 new templates show.
2026-04-26 00:22:52,855 P21208 INFO Data loaded done!
2026-04-26 00:22:52,871 P21208 INFO Known word number: 375
2026-04-26 00:22:56,509 P21208 INFO Epoch 0/10, train generator loss: 1.49249
2026-04-26 00:22:56,762 P21208 INFO Epoch 0/10, train discriminator loss: 5.67759
2026-04-26 00:22:56,902 P21208 INFO *** Test time is 0.14029216766357422
2026-04-26 00:22:56,902 P21208 INFO Epoch 0/10, test f1: 0.80000 rc: 0.80000 pc: 0.80000. [1.06s]
2026-04-26 00:22:57,102 P21208 INFO Epoch 1/10, train generator loss: 1.39597
2026-04-26 00:22:57,245 P21208 INFO Epoch 1/10, train discriminator loss: 5.06337
2026-04-26 00:22:57,455 P21208 INFO *** Test time is 0.20971250534057617
2026-04-26 00:22:57,455 P21208 INFO Epoch 1/10, test f1: 0.80000 rc: 0.80000 pc: 0.80000. [0.33s]
2026-04-26 00:22:57,455 P21208 INFO early stopping epoch 1/5
2026-04-26 00:22:57,612 P21208 INFO Epoch 2/10, train generator loss: 1.37059
2026-04-26 00:22:57,708 P21208 INFO Epoch 2/10, train discriminator loss: 4.63451
2026-04-26 00:22:57,870 P21208 INFO *** Test time is 0.1618058681488037
2026-04-26 00:22:57,870 P21208 INFO Epoch 2/10, test f1: 0.88889 rc: 0.80000 pc: 1.00000. [0.25s]
2026-04-26 00:22:58,012 P21208 INFO Epoch 3/10, train generator loss: 1.39398
2026-04-26 00:22:58,155 P21208 INFO Epoch 3/10, train discriminator loss: 4.32474
2026-04-26 00:22:58,442 P21208 INFO *** Test time is 0.28688502311706543
2026-04-26 00:22:58,442 P21208 INFO Epoch 3/10, test f1: 0.88889 rc: 0.80000 pc: 1.00000. [0.27s]
2026-04-26 00:22:58,442 P21208 INFO early stopping epoch 1/5
2026-04-26 00:22:58,685 P21208 INFO Epoch 4/10, train generator loss: 1.42181
2026-04-26 00:22:58,864 P21208 INFO Epoch 4/10, train discriminator loss: 4.11793
2026-04-26 00:22:59,124 P21208 INFO *** Test time is 0.25963592529296875
2026-04-26 00:22:59,124 P21208 INFO Epoch 4/10, test f1: 0.88889 rc: 0.80000 pc: 1.00000. [0.42s]
2026-04-26 00:22:59,124 P21208 INFO early stopping epoch 2/5
2026-04-26 00:22:59,328 P21208 INFO Epoch 5/10, train generator loss: 1.45358
2026-04-26 00:22:59,500 P21208 INFO Epoch 5/10, train discriminator loss: 4.02321
2026-04-26 00:22:59,696 P21208 INFO *** Test time is 0.19523906707763672
2026-04-26 00:22:59,696 P21208 INFO Epoch 5/10, test f1: 0.88889 rc: 0.80000 pc: 1.00000. [0.38s]
2026-04-26 00:22:59,696 P21208 INFO early stopping epoch 3/5
2026-04-26 00:22:59,893 P21208 INFO Epoch 6/10, train generator loss: 1.47868
2026-04-26 00:23:00,044 P21208 INFO Epoch 6/10, train discriminator loss: 3.99775
2026-04-26 00:23:00,235 P21208 INFO *** Test time is 0.19119787216186523
2026-04-26 00:23:00,235 P21208 INFO Epoch 6/10, test f1: 0.88889 rc: 0.80000 pc: 1.00000. [0.35s]
2026-04-26 00:23:00,235 P21208 INFO early stopping epoch 4/5
2026-04-26 00:23:00,453 P21208 INFO Epoch 7/10, train generator loss: 1.50132
2026-04-26 00:23:00,615 P21208 INFO Epoch 7/10, train discriminator loss: 4.00210
2026-04-26 00:23:00,757 P21208 INFO *** Test time is 0.14229202270507812
2026-04-26 00:23:00,757 P21208 INFO Epoch 7/10, test f1: 0.88889 rc: 0.80000 pc: 1.00000. [0.38s]
2026-04-26 00:23:00,757 P21208 INFO early stopping epoch 5/5
2026-04-26 00:23:00,757 P21208 INFO Early stopping
2026-04-26 00:23:00,852 P21208 INFO Threshold (p=95.0, src=val): 1.759886
2026-04-26 00:23:00,884 P21208 INFO *** Test F1 0.7273  of unsupervised traning
2026-04-26 00:23:00,884 P21208 INFO *** Best F1 {'f1': 0.8888888888888888, 'rc': 0.8, 'pc': 1.0}  of unsupervised traning
2026-04-26 00:23:00,884 P21208 INFO Current hash id b8494345
