2026-04-22 00:59:06,450 P22804 INFO ^^^^^^^^^^ Current Model:hades, 659fdf62 ^^^^^^^^^^
2026-04-22 00:59:06,450 P22804 INFO Load from D:\UAC-AD\data\rcaeval_re3_ob
2026-04-22 00:59:07,530 P22804 INFO 301 unique log templates found.
2026-04-22 00:59:07,546 P22804 INFO Transforming unlabel train data.
2026-04-22 00:59:08,204 P22804 INFO Transforming test data.
2026-04-22 00:59:08,265 P22804 INFO 7 new templates show.
2026-04-22 00:59:08,970 P22804 INFO Data loaded done!
2026-04-22 00:59:34,449 P22804 INFO Known word number: 301
2026-04-22 01:00:19,398 P22804 INFO Epoch 0/5, train generator loss: 0.18699
2026-04-22 01:01:06,245 P22804 INFO Epoch 0/5, train discriminator loss: 0.19675
2026-04-22 01:01:07,907 P22804 INFO *** Test time is 1.6584866046905518
2026-04-22 01:01:07,908 P22804 INFO Epoch 0/5, test f1: 0.94508 rc: 0.93741 pc: 0.95287. [88.50s]
2026-04-22 01:01:47,511 P22804 INFO Epoch 1/5, train generator loss: 0.12529
2026-04-22 01:02:28,177 P22804 INFO Epoch 1/5, train discriminator loss: 0.18987
2026-04-22 01:02:29,757 P22804 INFO *** Test time is 1.5755517482757568
2026-04-22 01:02:29,758 P22804 INFO Epoch 1/5, test f1: 0.94533 rc: 0.93788 pc: 0.95290. [80.24s]
2026-04-22 01:03:09,021 P22804 INFO Epoch 2/5, train generator loss: 0.14063
2026-04-22 01:03:46,332 P22804 INFO Epoch 2/5, train discriminator loss: 0.36820
2026-04-22 01:03:47,884 P22804 INFO *** Test time is 1.5515084266662598
2026-04-22 01:03:47,885 P22804 INFO Epoch 2/5, test f1: 0.94702 rc: 0.94066 pc: 0.95348. [76.54s]
2026-04-22 01:04:27,596 P22804 INFO Epoch 3/5, train generator loss: 0.13646
2026-04-22 01:05:03,813 P22804 INFO Epoch 3/5, train discriminator loss: 0.28001
2026-04-22 01:05:05,373 P22804 INFO *** Test time is 1.5595638751983643
2026-04-22 01:05:05,374 P22804 INFO Epoch 3/5, test f1: 0.94464 rc: 0.93741 pc: 0.95198. [75.89s]
2026-04-22 01:05:05,374 P22804 INFO early stopping epoch 1/3
2026-04-22 01:05:44,680 P22804 INFO Epoch 4/5, train generator loss: 0.13585
2026-04-22 01:06:21,721 P22804 INFO Epoch 4/5, train discriminator loss: 0.52143
2026-04-22 01:06:23,324 P22804 INFO *** Test time is 1.602372169494629
2026-04-22 01:06:23,324 P22804 INFO Epoch 4/5, test f1: 0.93832 rc: 0.93092 pc: 0.94583. [76.35s]
2026-04-22 01:06:23,325 P22804 INFO early stopping epoch 2/3
2026-04-22 01:06:46,947 P22804 INFO Threshold (p=95.0, src=unlabel(fallback)): 0.222207
2026-04-22 01:06:47,443 P22804 INFO *** Test F1 0.8958  of unsupervised traning
2026-04-22 01:06:47,443 P22804 INFO *** Best F1 {'f1': 0.947024504084014, 'rc': 0.9406583217431618, 'pc': 0.9534774436090225}  of unsupervised traning
2026-04-22 01:06:47,832 P22804 INFO Current hash id 659fdf62
