2026-04-24 08:39:39,181 P24900 INFO ^^^^^^^^^^ Current Model:hades, 3abe9250 ^^^^^^^^^^
2026-04-24 08:39:39,181 P24900 INFO Load from D:\UAC-AD\data\rcaeval_re2_ob
2026-04-24 08:39:44,735 P24900 INFO 40 unique log templates found.
2026-04-24 08:39:44,751 P24900 INFO Transforming unlabel train data.
2026-04-24 08:39:45,524 P24900 INFO Transforming test data.
2026-04-24 08:39:45,824 P24900 INFO 1 new templates show.
2026-04-24 08:39:47,188 P24900 INFO Data loaded done!
2026-04-24 08:41:27,609 P24900 INFO Known word number: 40
2026-04-24 08:44:35,709 P24900 INFO Epoch 0/5, train generator loss: 0.20154
2026-04-24 08:47:33,232 P24900 INFO Epoch 0/5, train discriminator loss: 0.94013
2026-04-24 08:47:40,832 P24900 INFO *** Test time is 7.600134611129761
2026-04-24 08:47:40,834 P24900 INFO Epoch 0/5, test f1: 0.98436 rc: 0.96920 pc: 1.00000. [362.15s]
2026-04-24 08:50:43,873 P24900 INFO Epoch 1/5, train generator loss: 0.11487
2026-04-24 08:53:39,835 P24900 INFO Epoch 1/5, train discriminator loss: 0.21209
2026-04-24 08:53:46,848 P24900 INFO *** Test time is 7.0062971115112305
2026-04-24 08:53:46,848 P24900 INFO Epoch 1/5, test f1: 0.98431 rc: 0.96910 pc: 1.00000. [358.95s]
2026-04-24 08:53:46,848 P24900 INFO early stopping epoch 1/3
2026-04-24 08:56:50,158 P24900 INFO Epoch 2/5, train generator loss: 0.07229
2026-04-24 08:59:47,249 P24900 INFO Epoch 2/5, train discriminator loss: 0.50027
2026-04-24 08:59:54,602 P24900 INFO *** Test time is 7.352344274520874
2026-04-24 08:59:54,602 P24900 INFO Epoch 2/5, test f1: 0.98426 rc: 0.96901 pc: 1.00000. [360.40s]
2026-04-24 08:59:54,602 P24900 INFO early stopping epoch 2/3
2026-04-24 09:03:01,284 P24900 INFO Epoch 3/5, train generator loss: 0.06403
2026-04-24 09:05:58,686 P24900 INFO Epoch 3/5, train discriminator loss: 0.33331
2026-04-24 09:06:05,949 P24900 INFO *** Test time is 7.2625486850738525
2026-04-24 09:06:05,949 P24900 INFO Epoch 3/5, test f1: 0.98436 rc: 0.96920 pc: 1.00000. [364.08s]
2026-04-24 09:06:05,949 P24900 INFO early stopping epoch 3/3
2026-04-24 09:06:05,949 P24900 INFO Early stopping
2026-04-24 09:07:51,069 P24900 INFO Threshold (p=95.0, src=unlabel(fallback)): 0.720399
2026-04-24 09:07:54,277 P24900 INFO *** Test F1 0.8223  of unsupervised traning
2026-04-24 09:07:54,277 P24900 INFO *** Best F1 {'f1': 0.9843566495983465, 'rc': 0.9691951896392229, 'pc': 1.0}  of unsupervised traning
2026-04-24 09:07:54,500 P24900 INFO Current hash id 3abe9250
