2026-04-26 00:25:14,476 P18324 INFO ^^^^^^^^^^ Current Model:hades, 038fb73a ^^^^^^^^^^
2026-04-26 00:25:14,476 P18324 INFO Load from ../data/sn
2026-04-26 00:25:14,698 P18324 INFO 375 unique log templates found.
2026-04-26 00:25:14,698 P18324 INFO Transforming unlabel train data.
2026-04-26 00:25:14,730 P18324 INFO Transforming test data.
2026-04-26 00:25:14,762 P18324 INFO 197 new templates show.
2026-04-26 00:25:14,794 P18324 INFO Transforming val data.
2026-04-26 00:25:14,794 P18324 INFO 77 new templates show.
2026-04-26 00:25:14,794 P18324 INFO Data loaded done!
2026-04-26 00:25:14,842 P18324 INFO Known word number: 375
2026-04-26 00:25:18,219 P18324 INFO Epoch 0/10, train generator loss: 1.49918
2026-04-26 00:25:18,402 P18324 INFO Epoch 0/10, train discriminator loss: 5.64970
2026-04-26 00:25:18,576 P18324 INFO *** Test time is 0.16599059104919434
2026-04-26 00:25:18,576 P18324 INFO Epoch 0/10, test f1: 0.92308 rc: 1.00000 pc: 0.85714. [0.78s]
2026-04-26 00:25:18,759 P18324 INFO Epoch 1/10, train generator loss: 1.41911
2026-04-26 00:25:18,871 P18324 INFO Epoch 1/10, train discriminator loss: 5.03393
2026-04-26 00:25:19,025 P18324 INFO *** Test time is 0.15395665168762207
2026-04-26 00:25:19,025 P18324 INFO Epoch 1/10, test f1: 0.92308 rc: 1.00000 pc: 0.85714. [0.28s]
2026-04-26 00:25:19,025 P18324 INFO early stopping epoch 1/5
2026-04-26 00:25:19,171 P18324 INFO Epoch 2/10, train generator loss: 1.37762
2026-04-26 00:25:19,270 P18324 INFO Epoch 2/10, train discriminator loss: 4.63169
2026-04-26 00:25:19,483 P18324 INFO *** Test time is 0.21278762817382812
2026-04-26 00:25:19,483 P18324 INFO Epoch 2/10, test f1: 0.92308 rc: 1.00000 pc: 0.85714. [0.24s]
2026-04-26 00:25:19,483 P18324 INFO early stopping epoch 2/5
2026-04-26 00:25:19,674 P18324 INFO Epoch 3/10, train generator loss: 1.38504
2026-04-26 00:25:19,817 P18324 INFO Epoch 3/10, train discriminator loss: 4.33424
2026-04-26 00:25:20,021 P18324 INFO *** Test time is 0.2039480209350586
2026-04-26 00:25:20,021 P18324 INFO Epoch 3/10, test f1: 0.92308 rc: 1.00000 pc: 0.85714. [0.33s]
2026-04-26 00:25:20,021 P18324 INFO early stopping epoch 3/5
2026-04-26 00:25:20,215 P18324 INFO Epoch 4/10, train generator loss: 1.40501
2026-04-26 00:25:20,353 P18324 INFO Epoch 4/10, train discriminator loss: 4.14387
2026-04-26 00:25:20,598 P18324 INFO *** Test time is 0.2448582649230957
2026-04-26 00:25:20,598 P18324 INFO Epoch 4/10, test f1: 0.92308 rc: 1.00000 pc: 0.85714. [0.33s]
2026-04-26 00:25:20,598 P18324 INFO early stopping epoch 4/5
2026-04-26 00:25:20,794 P18324 INFO Epoch 5/10, train generator loss: 1.43909
2026-04-26 00:25:20,959 P18324 INFO Epoch 5/10, train discriminator loss: 4.02633
2026-04-26 00:25:21,159 P18324 INFO *** Test time is 0.19981718063354492
2026-04-26 00:25:21,159 P18324 INFO Epoch 5/10, test f1: 0.92308 rc: 1.00000 pc: 0.85714. [0.36s]
2026-04-26 00:25:21,159 P18324 INFO early stopping epoch 5/5
2026-04-26 00:25:21,159 P18324 INFO Early stopping
2026-04-26 00:25:21,367 P18324 INFO Threshold (p=95.0, src=val): 1.828429
2026-04-26 00:25:21,414 P18324 INFO *** Test F1 0.8333  of unsupervised traning
2026-04-26 00:25:21,414 P18324 INFO *** Best F1 {'f1': 0.9230769230769231, 'rc': 1.0, 'pc': 0.8571428571428571}  of unsupervised traning
2026-04-26 00:25:21,430 P18324 INFO Current hash id 038fb73a
